[2024-11-17T13:56:25.153+0000] {processor.py:186} INFO - Started process (PID=224) to work on /opt/airflow/dags/0-variables-welcome_dag.py
[2024-11-17T13:56:25.160+0000] {processor.py:914} INFO - Processing file /opt/airflow/dags/0-variables-welcome_dag.py for tasks to queue
[2024-11-17T13:56:25.190+0000] {logging_mixin.py:190} INFO - [2024-11-17T13:56:25.189+0000] {dagbag.py:588} INFO - Filling up the DagBag from /opt/airflow/dags/0-variables-welcome_dag.py
[2024-11-17T13:56:25.349+0000] {processor.py:925} INFO - DAG(s) 'Welcome_dag' retrieved from /opt/airflow/dags/0-variables-welcome_dag.py
[2024-11-17T13:56:25.500+0000] {logging_mixin.py:190} INFO - [2024-11-17T13:56:25.499+0000] {dag.py:3239} INFO - Sync 1 DAGs
[2024-11-17T13:56:25.655+0000] {logging_mixin.py:190} INFO - [2024-11-17T13:56:25.655+0000] {dag.py:4180} INFO - Setting next_dagrun for Welcome_dag to 2024-11-17 23:00:00+00:00, run_after=2024-11-18 23:00:00+00:00
[2024-11-17T13:56:25.839+0000] {processor.py:208} INFO - Processing /opt/airflow/dags/0-variables-welcome_dag.py took 0.823 seconds
[2024-11-17T13:56:56.946+0000] {processor.py:186} INFO - Started process (PID=325) to work on /opt/airflow/dags/0-variables-welcome_dag.py
[2024-11-17T13:56:56.950+0000] {processor.py:914} INFO - Processing file /opt/airflow/dags/0-variables-welcome_dag.py for tasks to queue
[2024-11-17T13:56:57.005+0000] {logging_mixin.py:190} INFO - [2024-11-17T13:56:57.000+0000] {dagbag.py:588} INFO - Filling up the DagBag from /opt/airflow/dags/0-variables-welcome_dag.py
[2024-11-17T13:57:02.604+0000] {processor.py:925} INFO - DAG(s) 'Welcome_dag' retrieved from /opt/airflow/dags/0-variables-welcome_dag.py
[2024-11-17T13:57:05.791+0000] {logging_mixin.py:190} INFO - [2024-11-17T13:57:05.595+0000] {dag.py:3239} INFO - Sync 1 DAGs
[2024-11-17T13:57:07.372+0000] {logging_mixin.py:190} INFO - [2024-11-17T13:57:07.372+0000] {dag.py:4180} INFO - Setting next_dagrun for Welcome_dag to 2024-11-17 23:00:00+00:00, run_after=2024-11-18 23:00:00+00:00
[2024-11-17T13:57:08.322+0000] {processor.py:208} INFO - Processing /opt/airflow/dags/0-variables-welcome_dag.py took 11.876 seconds
[2024-11-17T13:57:39.572+0000] {processor.py:186} INFO - Started process (PID=413) to work on /opt/airflow/dags/0-variables-welcome_dag.py
[2024-11-17T13:57:39.581+0000] {processor.py:914} INFO - Processing file /opt/airflow/dags/0-variables-welcome_dag.py for tasks to queue
[2024-11-17T13:57:39.600+0000] {logging_mixin.py:190} INFO - [2024-11-17T13:57:39.592+0000] {dagbag.py:588} INFO - Filling up the DagBag from /opt/airflow/dags/0-variables-welcome_dag.py
[2024-11-17T13:57:39.793+0000] {processor.py:925} INFO - DAG(s) 'Welcome_dag' retrieved from /opt/airflow/dags/0-variables-welcome_dag.py
[2024-11-17T13:57:40.623+0000] {logging_mixin.py:190} INFO - [2024-11-17T13:57:40.621+0000] {dag.py:3239} INFO - Sync 1 DAGs
[2024-11-17T13:57:40.874+0000] {logging_mixin.py:190} INFO - [2024-11-17T13:57:40.874+0000] {dag.py:4180} INFO - Setting next_dagrun for Welcome_dag to 2024-11-17 23:00:00+00:00, run_after=2024-11-18 23:00:00+00:00
[2024-11-17T13:57:41.003+0000] {processor.py:208} INFO - Processing /opt/airflow/dags/0-variables-welcome_dag.py took 1.552 seconds
[2024-11-17T13:58:11.579+0000] {processor.py:186} INFO - Started process (PID=453) to work on /opt/airflow/dags/0-variables-welcome_dag.py
[2024-11-17T13:58:11.581+0000] {processor.py:914} INFO - Processing file /opt/airflow/dags/0-variables-welcome_dag.py for tasks to queue
[2024-11-17T13:58:11.584+0000] {logging_mixin.py:190} INFO - [2024-11-17T13:58:11.583+0000] {dagbag.py:588} INFO - Filling up the DagBag from /opt/airflow/dags/0-variables-welcome_dag.py
[2024-11-17T13:58:11.626+0000] {processor.py:925} INFO - DAG(s) 'Welcome_dag' retrieved from /opt/airflow/dags/0-variables-welcome_dag.py
[2024-11-17T13:58:11.710+0000] {logging_mixin.py:190} INFO - [2024-11-17T13:58:11.710+0000] {dag.py:3239} INFO - Sync 1 DAGs
[2024-11-17T13:58:11.832+0000] {logging_mixin.py:190} INFO - [2024-11-17T13:58:11.832+0000] {dag.py:4180} INFO - Setting next_dagrun for Welcome_dag to 2024-11-17 23:00:00+00:00, run_after=2024-11-18 23:00:00+00:00
[2024-11-17T13:58:11.909+0000] {processor.py:208} INFO - Processing /opt/airflow/dags/0-variables-welcome_dag.py took 0.341 seconds
[2024-11-17T13:58:42.961+0000] {processor.py:186} INFO - Started process (PID=494) to work on /opt/airflow/dags/0-variables-welcome_dag.py
[2024-11-17T13:58:42.998+0000] {processor.py:914} INFO - Processing file /opt/airflow/dags/0-variables-welcome_dag.py for tasks to queue
[2024-11-17T13:58:43.034+0000] {logging_mixin.py:190} INFO - [2024-11-17T13:58:43.024+0000] {dagbag.py:588} INFO - Filling up the DagBag from /opt/airflow/dags/0-variables-welcome_dag.py
[2024-11-17T13:58:43.326+0000] {processor.py:925} INFO - DAG(s) 'Welcome_dag' retrieved from /opt/airflow/dags/0-variables-welcome_dag.py
[2024-11-17T13:58:43.440+0000] {logging_mixin.py:190} INFO - [2024-11-17T13:58:43.439+0000] {dag.py:3239} INFO - Sync 1 DAGs
[2024-11-17T13:58:43.601+0000] {logging_mixin.py:190} INFO - [2024-11-17T13:58:43.600+0000] {dag.py:4180} INFO - Setting next_dagrun for Welcome_dag to 2024-11-17 23:00:00+00:00, run_after=2024-11-18 23:00:00+00:00
[2024-11-17T13:58:43.655+0000] {processor.py:208} INFO - Processing /opt/airflow/dags/0-variables-welcome_dag.py took 0.903 seconds
[2024-11-17T13:59:14.284+0000] {processor.py:186} INFO - Started process (PID=535) to work on /opt/airflow/dags/0-variables-welcome_dag.py
[2024-11-17T13:59:14.288+0000] {processor.py:914} INFO - Processing file /opt/airflow/dags/0-variables-welcome_dag.py for tasks to queue
[2024-11-17T13:59:14.293+0000] {logging_mixin.py:190} INFO - [2024-11-17T13:59:14.291+0000] {dagbag.py:588} INFO - Filling up the DagBag from /opt/airflow/dags/0-variables-welcome_dag.py
[2024-11-17T13:59:14.375+0000] {processor.py:925} INFO - DAG(s) 'Welcome_dag' retrieved from /opt/airflow/dags/0-variables-welcome_dag.py
[2024-11-17T13:59:14.471+0000] {logging_mixin.py:190} INFO - [2024-11-17T13:59:14.471+0000] {dag.py:3239} INFO - Sync 1 DAGs
[2024-11-17T13:59:14.555+0000] {logging_mixin.py:190} INFO - [2024-11-17T13:59:14.554+0000] {dag.py:4180} INFO - Setting next_dagrun for Welcome_dag to 2024-11-17 23:00:00+00:00, run_after=2024-11-18 23:00:00+00:00
[2024-11-17T13:59:14.600+0000] {processor.py:208} INFO - Processing /opt/airflow/dags/0-variables-welcome_dag.py took 0.366 seconds
[2024-11-17T14:04:02.733+0000] {processor.py:186} INFO - Started process (PID=222) to work on /opt/airflow/dags/0-variables-welcome_dag.py
[2024-11-17T14:04:02.735+0000] {processor.py:914} INFO - Processing file /opt/airflow/dags/0-variables-welcome_dag.py for tasks to queue
[2024-11-17T14:04:02.739+0000] {logging_mixin.py:190} INFO - [2024-11-17T14:04:02.739+0000] {dagbag.py:588} INFO - Filling up the DagBag from /opt/airflow/dags/0-variables-welcome_dag.py
[2024-11-17T14:04:02.888+0000] {processor.py:925} INFO - DAG(s) 'Welcome_dag' retrieved from /opt/airflow/dags/0-variables-welcome_dag.py
[2024-11-17T14:04:03.028+0000] {logging_mixin.py:190} INFO - [2024-11-17T14:04:03.027+0000] {dag.py:3239} INFO - Sync 1 DAGs
[2024-11-17T14:04:03.175+0000] {logging_mixin.py:190} INFO - [2024-11-17T14:04:03.174+0000] {dag.py:4180} INFO - Setting next_dagrun for Welcome_dag to 2024-11-17 23:00:00+00:00, run_after=2024-11-18 23:00:00+00:00
[2024-11-17T14:04:03.251+0000] {processor.py:208} INFO - Processing /opt/airflow/dags/0-variables-welcome_dag.py took 0.549 seconds
[2024-11-17T14:04:33.753+0000] {processor.py:186} INFO - Started process (PID=263) to work on /opt/airflow/dags/0-variables-welcome_dag.py
[2024-11-17T14:04:33.761+0000] {processor.py:914} INFO - Processing file /opt/airflow/dags/0-variables-welcome_dag.py for tasks to queue
[2024-11-17T14:04:33.848+0000] {logging_mixin.py:190} INFO - [2024-11-17T14:04:33.839+0000] {dagbag.py:588} INFO - Filling up the DagBag from /opt/airflow/dags/0-variables-welcome_dag.py
[2024-11-17T14:04:33.983+0000] {processor.py:925} INFO - DAG(s) 'Welcome_dag' retrieved from /opt/airflow/dags/0-variables-welcome_dag.py
[2024-11-17T14:04:34.088+0000] {logging_mixin.py:190} INFO - [2024-11-17T14:04:34.087+0000] {dag.py:3239} INFO - Sync 1 DAGs
[2024-11-17T14:04:34.297+0000] {logging_mixin.py:190} INFO - [2024-11-17T14:04:34.297+0000] {dag.py:4180} INFO - Setting next_dagrun for Welcome_dag to 2024-11-17 23:00:00+00:00, run_after=2024-11-18 23:00:00+00:00
[2024-11-17T14:04:34.346+0000] {processor.py:208} INFO - Processing /opt/airflow/dags/0-variables-welcome_dag.py took 0.628 seconds
[2024-11-17T14:07:13.553+0000] {processor.py:186} INFO - Started process (PID=212) to work on /opt/airflow/dags/0-variables-welcome_dag.py
[2024-11-17T14:07:13.555+0000] {processor.py:914} INFO - Processing file /opt/airflow/dags/0-variables-welcome_dag.py for tasks to queue
[2024-11-17T14:07:13.561+0000] {logging_mixin.py:190} INFO - [2024-11-17T14:07:13.560+0000] {dagbag.py:588} INFO - Filling up the DagBag from /opt/airflow/dags/0-variables-welcome_dag.py
[2024-11-17T14:07:13.642+0000] {processor.py:925} INFO - DAG(s) 'Welcome_dag' retrieved from /opt/airflow/dags/0-variables-welcome_dag.py
[2024-11-17T14:07:14.111+0000] {logging_mixin.py:190} INFO - [2024-11-17T14:07:14.109+0000] {override.py:1900} INFO - Created Permission View: can delete on DAG:Welcome_dag
[2024-11-17T14:07:14.129+0000] {logging_mixin.py:190} INFO - [2024-11-17T14:07:14.129+0000] {override.py:1900} INFO - Created Permission View: can read on DAG:Welcome_dag
[2024-11-17T14:07:14.140+0000] {logging_mixin.py:190} INFO - [2024-11-17T14:07:14.140+0000] {override.py:1900} INFO - Created Permission View: can edit on DAG:Welcome_dag
[2024-11-17T14:07:14.155+0000] {logging_mixin.py:190} INFO - [2024-11-17T14:07:14.154+0000] {override.py:1900} INFO - Created Permission View: can delete on DAG Run:Welcome_dag
[2024-11-17T14:07:14.167+0000] {logging_mixin.py:190} INFO - [2024-11-17T14:07:14.167+0000] {override.py:1900} INFO - Created Permission View: menu access on DAG Run:Welcome_dag
[2024-11-17T14:07:14.178+0000] {logging_mixin.py:190} INFO - [2024-11-17T14:07:14.178+0000] {override.py:1900} INFO - Created Permission View: can read on DAG Run:Welcome_dag
[2024-11-17T14:07:14.189+0000] {logging_mixin.py:190} INFO - [2024-11-17T14:07:14.189+0000] {override.py:1900} INFO - Created Permission View: can create on DAG Run:Welcome_dag
[2024-11-17T14:07:14.191+0000] {logging_mixin.py:190} INFO - [2024-11-17T14:07:14.190+0000] {dag.py:3239} INFO - Sync 1 DAGs
[2024-11-17T14:07:14.223+0000] {logging_mixin.py:190} INFO - [2024-11-17T14:07:14.223+0000] {dag.py:3262} INFO - Creating ORM DAG for Welcome_dag
[2024-11-17T14:07:14.251+0000] {logging_mixin.py:190} INFO - [2024-11-17T14:07:14.251+0000] {dag.py:4180} INFO - Setting next_dagrun for Welcome_dag to 2024-11-17 23:00:00+00:00, run_after=2024-11-18 23:00:00+00:00
[2024-11-17T14:07:14.289+0000] {processor.py:208} INFO - Processing /opt/airflow/dags/0-variables-welcome_dag.py took 0.749 seconds
[2024-11-17T14:07:44.872+0000] {processor.py:186} INFO - Started process (PID=255) to work on /opt/airflow/dags/0-variables-welcome_dag.py
[2024-11-17T14:07:44.875+0000] {processor.py:914} INFO - Processing file /opt/airflow/dags/0-variables-welcome_dag.py for tasks to queue
[2024-11-17T14:07:44.878+0000] {logging_mixin.py:190} INFO - [2024-11-17T14:07:44.877+0000] {dagbag.py:588} INFO - Filling up the DagBag from /opt/airflow/dags/0-variables-welcome_dag.py
[2024-11-17T14:07:44.901+0000] {processor.py:925} INFO - DAG(s) 'Welcome_dag' retrieved from /opt/airflow/dags/0-variables-welcome_dag.py
[2024-11-17T14:07:44.974+0000] {logging_mixin.py:190} INFO - [2024-11-17T14:07:44.974+0000] {dag.py:3239} INFO - Sync 1 DAGs
[2024-11-17T14:07:45.005+0000] {logging_mixin.py:190} INFO - [2024-11-17T14:07:45.005+0000] {dag.py:4180} INFO - Setting next_dagrun for Welcome_dag to 2024-11-17 23:00:00+00:00, run_after=2024-11-18 23:00:00+00:00
[2024-11-17T14:07:45.034+0000] {processor.py:208} INFO - Processing /opt/airflow/dags/0-variables-welcome_dag.py took 0.169 seconds
[2024-11-17T14:08:15.909+0000] {processor.py:186} INFO - Started process (PID=296) to work on /opt/airflow/dags/0-variables-welcome_dag.py
[2024-11-17T14:08:15.924+0000] {processor.py:914} INFO - Processing file /opt/airflow/dags/0-variables-welcome_dag.py for tasks to queue
[2024-11-17T14:08:15.929+0000] {logging_mixin.py:190} INFO - [2024-11-17T14:08:15.929+0000] {dagbag.py:588} INFO - Filling up the DagBag from /opt/airflow/dags/0-variables-welcome_dag.py
[2024-11-17T14:08:15.967+0000] {processor.py:925} INFO - DAG(s) 'Welcome_dag' retrieved from /opt/airflow/dags/0-variables-welcome_dag.py
[2024-11-17T14:08:16.016+0000] {logging_mixin.py:190} INFO - [2024-11-17T14:08:16.016+0000] {dag.py:3239} INFO - Sync 1 DAGs
[2024-11-17T14:08:16.060+0000] {logging_mixin.py:190} INFO - [2024-11-17T14:08:16.060+0000] {dag.py:4180} INFO - Setting next_dagrun for Welcome_dag to 2024-11-17 23:00:00+00:00, run_after=2024-11-18 23:00:00+00:00
[2024-11-17T14:08:16.120+0000] {processor.py:208} INFO - Processing /opt/airflow/dags/0-variables-welcome_dag.py took 0.258 seconds
[2024-11-17T14:08:46.218+0000] {processor.py:186} INFO - Started process (PID=342) to work on /opt/airflow/dags/0-variables-welcome_dag.py
[2024-11-17T14:08:46.220+0000] {processor.py:914} INFO - Processing file /opt/airflow/dags/0-variables-welcome_dag.py for tasks to queue
[2024-11-17T14:08:46.225+0000] {logging_mixin.py:190} INFO - [2024-11-17T14:08:46.224+0000] {dagbag.py:588} INFO - Filling up the DagBag from /opt/airflow/dags/0-variables-welcome_dag.py
[2024-11-17T14:08:46.256+0000] {processor.py:925} INFO - DAG(s) 'Welcome_dag' retrieved from /opt/airflow/dags/0-variables-welcome_dag.py
[2024-11-17T14:08:46.321+0000] {logging_mixin.py:190} INFO - [2024-11-17T14:08:46.320+0000] {dag.py:3239} INFO - Sync 1 DAGs
[2024-11-17T14:08:46.374+0000] {logging_mixin.py:190} INFO - [2024-11-17T14:08:46.374+0000] {dag.py:4180} INFO - Setting next_dagrun for Welcome_dag to 2024-11-17 23:00:00+00:00, run_after=2024-11-18 23:00:00+00:00
[2024-11-17T14:08:46.420+0000] {processor.py:208} INFO - Processing /opt/airflow/dags/0-variables-welcome_dag.py took 0.214 seconds
[2024-11-17T14:10:03.244+0000] {processor.py:186} INFO - Started process (PID=400) to work on /opt/airflow/dags/0-variables-welcome_dag.py
[2024-11-17T14:10:03.247+0000] {processor.py:914} INFO - Processing file /opt/airflow/dags/0-variables-welcome_dag.py for tasks to queue
[2024-11-17T14:10:03.253+0000] {logging_mixin.py:190} INFO - [2024-11-17T14:10:03.252+0000] {dagbag.py:588} INFO - Filling up the DagBag from /opt/airflow/dags/0-variables-welcome_dag.py
[2024-11-17T14:10:03.356+0000] {processor.py:925} INFO - DAG(s) 'Welcome_dag' retrieved from /opt/airflow/dags/0-variables-welcome_dag.py
[2024-11-17T14:10:03.441+0000] {logging_mixin.py:190} INFO - [2024-11-17T14:10:03.440+0000] {dag.py:3239} INFO - Sync 1 DAGs
[2024-11-17T14:10:03.500+0000] {logging_mixin.py:190} INFO - [2024-11-17T14:10:03.500+0000] {dag.py:4180} INFO - Setting next_dagrun for Welcome_dag to 2024-11-17 23:00:00+00:00, run_after=2024-11-18 23:00:00+00:00
[2024-11-17T14:10:03.546+0000] {processor.py:208} INFO - Processing /opt/airflow/dags/0-variables-welcome_dag.py took 0.313 seconds
[2024-11-17T15:33:59.523+0000] {processor.py:186} INFO - Started process (PID=448) to work on /opt/airflow/dags/0-variables-welcome_dag.py
[2024-11-17T15:33:59.528+0000] {processor.py:914} INFO - Processing file /opt/airflow/dags/0-variables-welcome_dag.py for tasks to queue
[2024-11-17T15:33:59.534+0000] {logging_mixin.py:190} INFO - [2024-11-17T15:33:59.534+0000] {dagbag.py:588} INFO - Filling up the DagBag from /opt/airflow/dags/0-variables-welcome_dag.py
[2024-11-17T15:33:59.582+0000] {processor.py:925} INFO - DAG(s) 'Welcome_dag' retrieved from /opt/airflow/dags/0-variables-welcome_dag.py
[2024-11-17T15:33:59.734+0000] {logging_mixin.py:190} INFO - [2024-11-17T15:33:59.732+0000] {dag.py:3239} INFO - Sync 1 DAGs
[2024-11-17T15:33:59.804+0000] {logging_mixin.py:190} INFO - [2024-11-17T15:33:59.804+0000] {dag.py:4180} INFO - Setting next_dagrun for Welcome_dag to 2024-11-17 23:00:00+00:00, run_after=2024-11-18 23:00:00+00:00
[2024-11-17T15:33:59.895+0000] {processor.py:208} INFO - Processing /opt/airflow/dags/0-variables-welcome_dag.py took 0.384 seconds
[2024-11-17T15:34:35.897+0000] {processor.py:186} INFO - Started process (PID=487) to work on /opt/airflow/dags/0-variables-welcome_dag.py
[2024-11-17T15:34:35.976+0000] {processor.py:914} INFO - Processing file /opt/airflow/dags/0-variables-welcome_dag.py for tasks to queue
[2024-11-17T15:34:36.285+0000] {logging_mixin.py:190} INFO - [2024-11-17T15:34:36.246+0000] {dagbag.py:588} INFO - Filling up the DagBag from /opt/airflow/dags/0-variables-welcome_dag.py
[2024-11-17T15:34:40.388+0000] {processor.py:925} INFO - DAG(s) 'Welcome_dag' retrieved from /opt/airflow/dags/0-variables-welcome_dag.py
[2024-11-17T16:10:01.492+0000] {logging_mixin.py:190} INFO - [2024-11-17T16:10:01.478+0000] {dag.py:3239} INFO - Sync 1 DAGs
[2024-11-17T16:10:01.690+0000] {logging_mixin.py:190} INFO - [2024-11-17T16:10:01.690+0000] {dag.py:4180} INFO - Setting next_dagrun for Welcome_dag to 2024-11-17 23:00:00+00:00, run_after=2024-11-18 23:00:00+00:00
[2024-11-17T16:15:31.551+0000] {processor.py:186} INFO - Started process (PID=550) to work on /opt/airflow/dags/0-variables-welcome_dag.py
[2024-11-17T16:15:31.552+0000] {processor.py:914} INFO - Processing file /opt/airflow/dags/0-variables-welcome_dag.py for tasks to queue
[2024-11-17T16:15:31.557+0000] {logging_mixin.py:190} INFO - [2024-11-17T16:15:31.556+0000] {dagbag.py:588} INFO - Filling up the DagBag from /opt/airflow/dags/0-variables-welcome_dag.py
[2024-11-17T16:15:31.585+0000] {processor.py:925} INFO - DAG(s) 'Welcome_dag' retrieved from /opt/airflow/dags/0-variables-welcome_dag.py
[2024-11-17T16:15:31.875+0000] {logging_mixin.py:190} INFO - [2024-11-17T16:15:31.873+0000] {dag.py:3239} INFO - Sync 1 DAGs
[2024-11-17T16:15:31.922+0000] {logging_mixin.py:190} INFO - [2024-11-17T16:15:31.922+0000] {dag.py:4180} INFO - Setting next_dagrun for Welcome_dag to 2024-11-17 23:00:00+00:00, run_after=2024-11-18 23:00:00+00:00
[2024-11-17T16:15:31.985+0000] {processor.py:208} INFO - Processing /opt/airflow/dags/0-variables-welcome_dag.py took 0.444 seconds
[2024-11-17T17:11:03.810+0000] {processor.py:186} INFO - Started process (PID=595) to work on /opt/airflow/dags/0-variables-welcome_dag.py
[2024-11-17T17:11:03.813+0000] {processor.py:914} INFO - Processing file /opt/airflow/dags/0-variables-welcome_dag.py for tasks to queue
[2024-11-17T17:11:03.820+0000] {logging_mixin.py:190} INFO - [2024-11-17T17:11:03.819+0000] {dagbag.py:588} INFO - Filling up the DagBag from /opt/airflow/dags/0-variables-welcome_dag.py
[2024-11-17T17:11:03.851+0000] {processor.py:925} INFO - DAG(s) 'Welcome_dag' retrieved from /opt/airflow/dags/0-variables-welcome_dag.py
[2024-11-17T17:11:03.922+0000] {logging_mixin.py:190} INFO - [2024-11-17T17:11:03.921+0000] {dag.py:3239} INFO - Sync 1 DAGs
[2024-11-17T17:11:03.982+0000] {logging_mixin.py:190} INFO - [2024-11-17T17:11:03.982+0000] {dag.py:4180} INFO - Setting next_dagrun for Welcome_dag to 2024-11-17 23:00:00+00:00, run_after=2024-11-18 23:00:00+00:00
[2024-11-17T17:11:04.064+0000] {processor.py:208} INFO - Processing /opt/airflow/dags/0-variables-welcome_dag.py took 0.264 seconds
[2024-11-17T17:26:52.483+0000] {processor.py:186} INFO - Started process (PID=634) to work on /opt/airflow/dags/0-variables-welcome_dag.py
[2024-11-17T17:26:52.525+0000] {processor.py:914} INFO - Processing file /opt/airflow/dags/0-variables-welcome_dag.py for tasks to queue
[2024-11-17T17:26:52.634+0000] {logging_mixin.py:190} INFO - [2024-11-17T17:26:52.633+0000] {dagbag.py:588} INFO - Filling up the DagBag from /opt/airflow/dags/0-variables-welcome_dag.py
[2024-11-17T17:26:52.747+0000] {processor.py:925} INFO - DAG(s) 'Welcome_dag' retrieved from /opt/airflow/dags/0-variables-welcome_dag.py
[2024-11-17T17:26:53.255+0000] {logging_mixin.py:190} INFO - [2024-11-17T17:26:53.254+0000] {dag.py:3239} INFO - Sync 1 DAGs
[2024-11-17T17:26:53.494+0000] {logging_mixin.py:190} INFO - [2024-11-17T17:26:53.492+0000] {dag.py:4180} INFO - Setting next_dagrun for Welcome_dag to 2024-11-17 23:00:00+00:00, run_after=2024-11-18 23:00:00+00:00
[2024-11-17T17:26:53.580+0000] {processor.py:208} INFO - Processing /opt/airflow/dags/0-variables-welcome_dag.py took 1.121 seconds
[2024-11-17T17:27:23.879+0000] {processor.py:186} INFO - Started process (PID=677) to work on /opt/airflow/dags/0-variables-welcome_dag.py
[2024-11-17T17:27:23.882+0000] {processor.py:914} INFO - Processing file /opt/airflow/dags/0-variables-welcome_dag.py for tasks to queue
[2024-11-17T17:27:23.889+0000] {logging_mixin.py:190} INFO - [2024-11-17T17:27:23.888+0000] {dagbag.py:588} INFO - Filling up the DagBag from /opt/airflow/dags/0-variables-welcome_dag.py
[2024-11-17T17:27:23.921+0000] {processor.py:925} INFO - DAG(s) 'Welcome_dag' retrieved from /opt/airflow/dags/0-variables-welcome_dag.py
[2024-11-17T17:27:23.993+0000] {logging_mixin.py:190} INFO - [2024-11-17T17:27:23.992+0000] {dag.py:3239} INFO - Sync 1 DAGs
[2024-11-17T17:27:24.046+0000] {logging_mixin.py:190} INFO - [2024-11-17T17:27:24.045+0000] {dag.py:4180} INFO - Setting next_dagrun for Welcome_dag to 2024-11-17 23:00:00+00:00, run_after=2024-11-18 23:00:00+00:00
[2024-11-17T17:27:24.087+0000] {processor.py:208} INFO - Processing /opt/airflow/dags/0-variables-welcome_dag.py took 0.218 seconds
[2024-11-17T17:27:55.046+0000] {processor.py:186} INFO - Started process (PID=718) to work on /opt/airflow/dags/0-variables-welcome_dag.py
[2024-11-17T17:27:55.049+0000] {processor.py:914} INFO - Processing file /opt/airflow/dags/0-variables-welcome_dag.py for tasks to queue
[2024-11-17T17:27:55.055+0000] {logging_mixin.py:190} INFO - [2024-11-17T17:27:55.055+0000] {dagbag.py:588} INFO - Filling up the DagBag from /opt/airflow/dags/0-variables-welcome_dag.py
[2024-11-17T17:27:55.087+0000] {processor.py:925} INFO - DAG(s) 'Welcome_dag' retrieved from /opt/airflow/dags/0-variables-welcome_dag.py
[2024-11-17T17:27:55.153+0000] {logging_mixin.py:190} INFO - [2024-11-17T17:27:55.152+0000] {dag.py:3239} INFO - Sync 1 DAGs
[2024-11-17T17:27:55.208+0000] {logging_mixin.py:190} INFO - [2024-11-17T17:27:55.208+0000] {dag.py:4180} INFO - Setting next_dagrun for Welcome_dag to 2024-11-17 23:00:00+00:00, run_after=2024-11-18 23:00:00+00:00
[2024-11-17T17:27:55.249+0000] {processor.py:208} INFO - Processing /opt/airflow/dags/0-variables-welcome_dag.py took 0.213 seconds
[2024-11-17T17:28:26.181+0000] {processor.py:186} INFO - Started process (PID=759) to work on /opt/airflow/dags/0-variables-welcome_dag.py
[2024-11-17T17:28:26.183+0000] {processor.py:914} INFO - Processing file /opt/airflow/dags/0-variables-welcome_dag.py for tasks to queue
[2024-11-17T17:28:26.187+0000] {logging_mixin.py:190} INFO - [2024-11-17T17:28:26.186+0000] {dagbag.py:588} INFO - Filling up the DagBag from /opt/airflow/dags/0-variables-welcome_dag.py
[2024-11-17T17:28:26.237+0000] {processor.py:925} INFO - DAG(s) 'Welcome_dag' retrieved from /opt/airflow/dags/0-variables-welcome_dag.py
[2024-11-17T17:28:26.367+0000] {logging_mixin.py:190} INFO - [2024-11-17T17:28:26.366+0000] {dag.py:3239} INFO - Sync 1 DAGs
[2024-11-17T17:28:26.416+0000] {logging_mixin.py:190} INFO - [2024-11-17T17:28:26.416+0000] {dag.py:4180} INFO - Setting next_dagrun for Welcome_dag to 2024-11-17 23:00:00+00:00, run_after=2024-11-18 23:00:00+00:00
[2024-11-17T17:28:26.454+0000] {processor.py:208} INFO - Processing /opt/airflow/dags/0-variables-welcome_dag.py took 0.284 seconds
[2024-11-17T17:28:57.475+0000] {processor.py:186} INFO - Started process (PID=800) to work on /opt/airflow/dags/0-variables-welcome_dag.py
[2024-11-17T17:28:57.478+0000] {processor.py:914} INFO - Processing file /opt/airflow/dags/0-variables-welcome_dag.py for tasks to queue
[2024-11-17T17:28:57.482+0000] {logging_mixin.py:190} INFO - [2024-11-17T17:28:57.481+0000] {dagbag.py:588} INFO - Filling up the DagBag from /opt/airflow/dags/0-variables-welcome_dag.py
[2024-11-17T17:28:57.512+0000] {processor.py:925} INFO - DAG(s) 'Welcome_dag' retrieved from /opt/airflow/dags/0-variables-welcome_dag.py
[2024-11-17T17:28:57.565+0000] {logging_mixin.py:190} INFO - [2024-11-17T17:28:57.564+0000] {dag.py:3239} INFO - Sync 1 DAGs
[2024-11-17T17:28:57.605+0000] {logging_mixin.py:190} INFO - [2024-11-17T17:28:57.604+0000] {dag.py:4180} INFO - Setting next_dagrun for Welcome_dag to 2024-11-17 23:00:00+00:00, run_after=2024-11-18 23:00:00+00:00
[2024-11-17T17:28:57.650+0000] {processor.py:208} INFO - Processing /opt/airflow/dags/0-variables-welcome_dag.py took 0.183 seconds
[2024-11-17T17:29:28.309+0000] {processor.py:186} INFO - Started process (PID=841) to work on /opt/airflow/dags/0-variables-welcome_dag.py
[2024-11-17T17:29:28.311+0000] {processor.py:914} INFO - Processing file /opt/airflow/dags/0-variables-welcome_dag.py for tasks to queue
[2024-11-17T17:29:28.316+0000] {logging_mixin.py:190} INFO - [2024-11-17T17:29:28.316+0000] {dagbag.py:588} INFO - Filling up the DagBag from /opt/airflow/dags/0-variables-welcome_dag.py
[2024-11-17T17:29:28.344+0000] {processor.py:925} INFO - DAG(s) 'Welcome_dag' retrieved from /opt/airflow/dags/0-variables-welcome_dag.py
[2024-11-17T17:29:28.390+0000] {logging_mixin.py:190} INFO - [2024-11-17T17:29:28.389+0000] {dag.py:3239} INFO - Sync 1 DAGs
[2024-11-17T17:29:28.435+0000] {logging_mixin.py:190} INFO - [2024-11-17T17:29:28.434+0000] {dag.py:4180} INFO - Setting next_dagrun for Welcome_dag to 2024-11-17 23:00:00+00:00, run_after=2024-11-18 23:00:00+00:00
[2024-11-17T17:29:28.468+0000] {processor.py:208} INFO - Processing /opt/airflow/dags/0-variables-welcome_dag.py took 0.165 seconds
[2024-11-17T17:29:59.250+0000] {processor.py:186} INFO - Started process (PID=882) to work on /opt/airflow/dags/0-variables-welcome_dag.py
[2024-11-17T17:29:59.251+0000] {processor.py:914} INFO - Processing file /opt/airflow/dags/0-variables-welcome_dag.py for tasks to queue
[2024-11-17T17:29:59.255+0000] {logging_mixin.py:190} INFO - [2024-11-17T17:29:59.254+0000] {dagbag.py:588} INFO - Filling up the DagBag from /opt/airflow/dags/0-variables-welcome_dag.py
[2024-11-17T17:29:59.278+0000] {processor.py:925} INFO - DAG(s) 'Welcome_dag' retrieved from /opt/airflow/dags/0-variables-welcome_dag.py
[2024-11-17T17:29:59.324+0000] {logging_mixin.py:190} INFO - [2024-11-17T17:29:59.323+0000] {dag.py:3239} INFO - Sync 1 DAGs
[2024-11-17T17:29:59.359+0000] {logging_mixin.py:190} INFO - [2024-11-17T17:29:59.359+0000] {dag.py:4180} INFO - Setting next_dagrun for Welcome_dag to 2024-11-17 23:00:00+00:00, run_after=2024-11-18 23:00:00+00:00
[2024-11-17T17:29:59.396+0000] {processor.py:208} INFO - Processing /opt/airflow/dags/0-variables-welcome_dag.py took 0.154 seconds
[2024-11-17T17:30:30.236+0000] {processor.py:186} INFO - Started process (PID=923) to work on /opt/airflow/dags/0-variables-welcome_dag.py
[2024-11-17T17:30:30.238+0000] {processor.py:914} INFO - Processing file /opt/airflow/dags/0-variables-welcome_dag.py for tasks to queue
[2024-11-17T17:30:30.243+0000] {logging_mixin.py:190} INFO - [2024-11-17T17:30:30.242+0000] {dagbag.py:588} INFO - Filling up the DagBag from /opt/airflow/dags/0-variables-welcome_dag.py
[2024-11-17T17:30:30.262+0000] {processor.py:925} INFO - DAG(s) 'Welcome_dag' retrieved from /opt/airflow/dags/0-variables-welcome_dag.py
[2024-11-17T17:30:30.310+0000] {logging_mixin.py:190} INFO - [2024-11-17T17:30:30.309+0000] {dag.py:3239} INFO - Sync 1 DAGs
[2024-11-17T17:30:30.340+0000] {logging_mixin.py:190} INFO - [2024-11-17T17:30:30.340+0000] {dag.py:4180} INFO - Setting next_dagrun for Welcome_dag to 2024-11-17 23:00:00+00:00, run_after=2024-11-18 23:00:00+00:00
[2024-11-17T17:30:30.371+0000] {processor.py:208} INFO - Processing /opt/airflow/dags/0-variables-welcome_dag.py took 0.143 seconds
[2024-11-17T17:31:00.992+0000] {processor.py:186} INFO - Started process (PID=964) to work on /opt/airflow/dags/0-variables-welcome_dag.py
[2024-11-17T17:31:00.994+0000] {processor.py:914} INFO - Processing file /opt/airflow/dags/0-variables-welcome_dag.py for tasks to queue
[2024-11-17T17:31:00.999+0000] {logging_mixin.py:190} INFO - [2024-11-17T17:31:00.999+0000] {dagbag.py:588} INFO - Filling up the DagBag from /opt/airflow/dags/0-variables-welcome_dag.py
[2024-11-17T17:31:01.025+0000] {processor.py:925} INFO - DAG(s) 'Welcome_dag' retrieved from /opt/airflow/dags/0-variables-welcome_dag.py
[2024-11-17T17:31:01.079+0000] {logging_mixin.py:190} INFO - [2024-11-17T17:31:01.078+0000] {dag.py:3239} INFO - Sync 1 DAGs
[2024-11-17T17:31:01.128+0000] {logging_mixin.py:190} INFO - [2024-11-17T17:31:01.127+0000] {dag.py:4180} INFO - Setting next_dagrun for Welcome_dag to 2024-11-17 23:00:00+00:00, run_after=2024-11-18 23:00:00+00:00
[2024-11-17T17:31:01.170+0000] {processor.py:208} INFO - Processing /opt/airflow/dags/0-variables-welcome_dag.py took 0.187 seconds
[2024-11-17T17:31:31.748+0000] {processor.py:186} INFO - Started process (PID=1005) to work on /opt/airflow/dags/0-variables-welcome_dag.py
[2024-11-17T17:31:31.753+0000] {processor.py:914} INFO - Processing file /opt/airflow/dags/0-variables-welcome_dag.py for tasks to queue
[2024-11-17T17:31:31.756+0000] {logging_mixin.py:190} INFO - [2024-11-17T17:31:31.756+0000] {dagbag.py:588} INFO - Filling up the DagBag from /opt/airflow/dags/0-variables-welcome_dag.py
[2024-11-17T17:31:31.782+0000] {processor.py:925} INFO - DAG(s) 'Welcome_dag' retrieved from /opt/airflow/dags/0-variables-welcome_dag.py
[2024-11-17T17:31:31.824+0000] {logging_mixin.py:190} INFO - [2024-11-17T17:31:31.823+0000] {dag.py:3239} INFO - Sync 1 DAGs
[2024-11-17T17:31:31.851+0000] {logging_mixin.py:190} INFO - [2024-11-17T17:31:31.851+0000] {dag.py:4180} INFO - Setting next_dagrun for Welcome_dag to 2024-11-17 23:00:00+00:00, run_after=2024-11-18 23:00:00+00:00
[2024-11-17T17:31:31.879+0000] {processor.py:208} INFO - Processing /opt/airflow/dags/0-variables-welcome_dag.py took 0.139 seconds
[2024-11-17T17:32:02.096+0000] {processor.py:186} INFO - Started process (PID=1046) to work on /opt/airflow/dags/0-variables-welcome_dag.py
[2024-11-17T17:32:02.099+0000] {processor.py:914} INFO - Processing file /opt/airflow/dags/0-variables-welcome_dag.py for tasks to queue
[2024-11-17T17:32:02.106+0000] {logging_mixin.py:190} INFO - [2024-11-17T17:32:02.105+0000] {dagbag.py:588} INFO - Filling up the DagBag from /opt/airflow/dags/0-variables-welcome_dag.py
[2024-11-17T17:32:02.144+0000] {processor.py:925} INFO - DAG(s) 'Welcome_dag' retrieved from /opt/airflow/dags/0-variables-welcome_dag.py
[2024-11-17T17:32:02.207+0000] {logging_mixin.py:190} INFO - [2024-11-17T17:32:02.206+0000] {dag.py:3239} INFO - Sync 1 DAGs
[2024-11-17T17:32:02.247+0000] {logging_mixin.py:190} INFO - [2024-11-17T17:32:02.247+0000] {dag.py:4180} INFO - Setting next_dagrun for Welcome_dag to 2024-11-17 23:00:00+00:00, run_after=2024-11-18 23:00:00+00:00
[2024-11-17T17:32:02.290+0000] {processor.py:208} INFO - Processing /opt/airflow/dags/0-variables-welcome_dag.py took 0.208 seconds
[2024-11-17T17:32:32.364+0000] {processor.py:186} INFO - Started process (PID=1087) to work on /opt/airflow/dags/0-variables-welcome_dag.py
[2024-11-17T17:32:32.365+0000] {processor.py:914} INFO - Processing file /opt/airflow/dags/0-variables-welcome_dag.py for tasks to queue
[2024-11-17T17:32:32.369+0000] {logging_mixin.py:190} INFO - [2024-11-17T17:32:32.368+0000] {dagbag.py:588} INFO - Filling up the DagBag from /opt/airflow/dags/0-variables-welcome_dag.py
[2024-11-17T17:32:32.393+0000] {processor.py:925} INFO - DAG(s) 'Welcome_dag' retrieved from /opt/airflow/dags/0-variables-welcome_dag.py
[2024-11-17T17:32:32.437+0000] {logging_mixin.py:190} INFO - [2024-11-17T17:32:32.436+0000] {dag.py:3239} INFO - Sync 1 DAGs
[2024-11-17T17:32:32.473+0000] {logging_mixin.py:190} INFO - [2024-11-17T17:32:32.473+0000] {dag.py:4180} INFO - Setting next_dagrun for Welcome_dag to 2024-11-17 23:00:00+00:00, run_after=2024-11-18 23:00:00+00:00
[2024-11-17T17:32:32.501+0000] {processor.py:208} INFO - Processing /opt/airflow/dags/0-variables-welcome_dag.py took 0.148 seconds
[2024-11-17T17:33:03.525+0000] {processor.py:186} INFO - Started process (PID=1128) to work on /opt/airflow/dags/0-variables-welcome_dag.py
[2024-11-17T17:33:03.527+0000] {processor.py:914} INFO - Processing file /opt/airflow/dags/0-variables-welcome_dag.py for tasks to queue
[2024-11-17T17:33:03.530+0000] {logging_mixin.py:190} INFO - [2024-11-17T17:33:03.530+0000] {dagbag.py:588} INFO - Filling up the DagBag from /opt/airflow/dags/0-variables-welcome_dag.py
[2024-11-17T17:33:03.550+0000] {processor.py:925} INFO - DAG(s) 'Welcome_dag' retrieved from /opt/airflow/dags/0-variables-welcome_dag.py
[2024-11-17T17:33:03.593+0000] {logging_mixin.py:190} INFO - [2024-11-17T17:33:03.592+0000] {dag.py:3239} INFO - Sync 1 DAGs
[2024-11-17T17:33:03.622+0000] {logging_mixin.py:190} INFO - [2024-11-17T17:33:03.621+0000] {dag.py:4180} INFO - Setting next_dagrun for Welcome_dag to 2024-11-17 23:00:00+00:00, run_after=2024-11-18 23:00:00+00:00
[2024-11-17T17:33:03.649+0000] {processor.py:208} INFO - Processing /opt/airflow/dags/0-variables-welcome_dag.py took 0.131 seconds
[2024-11-17T17:33:34.362+0000] {processor.py:186} INFO - Started process (PID=1169) to work on /opt/airflow/dags/0-variables-welcome_dag.py
[2024-11-17T17:33:34.364+0000] {processor.py:914} INFO - Processing file /opt/airflow/dags/0-variables-welcome_dag.py for tasks to queue
[2024-11-17T17:33:34.368+0000] {logging_mixin.py:190} INFO - [2024-11-17T17:33:34.367+0000] {dagbag.py:588} INFO - Filling up the DagBag from /opt/airflow/dags/0-variables-welcome_dag.py
[2024-11-17T17:33:34.395+0000] {processor.py:925} INFO - DAG(s) 'Welcome_dag' retrieved from /opt/airflow/dags/0-variables-welcome_dag.py
[2024-11-17T17:33:34.432+0000] {logging_mixin.py:190} INFO - [2024-11-17T17:33:34.432+0000] {dag.py:3239} INFO - Sync 1 DAGs
[2024-11-17T17:33:34.462+0000] {logging_mixin.py:190} INFO - [2024-11-17T17:33:34.462+0000] {dag.py:4180} INFO - Setting next_dagrun for Welcome_dag to 2024-11-17 23:00:00+00:00, run_after=2024-11-18 23:00:00+00:00
[2024-11-17T17:33:34.491+0000] {processor.py:208} INFO - Processing /opt/airflow/dags/0-variables-welcome_dag.py took 0.138 seconds
[2024-11-17T17:34:05.170+0000] {processor.py:186} INFO - Started process (PID=1209) to work on /opt/airflow/dags/0-variables-welcome_dag.py
[2024-11-17T17:34:05.172+0000] {processor.py:914} INFO - Processing file /opt/airflow/dags/0-variables-welcome_dag.py for tasks to queue
[2024-11-17T17:34:05.176+0000] {logging_mixin.py:190} INFO - [2024-11-17T17:34:05.176+0000] {dagbag.py:588} INFO - Filling up the DagBag from /opt/airflow/dags/0-variables-welcome_dag.py
[2024-11-17T17:34:05.198+0000] {processor.py:925} INFO - DAG(s) 'Welcome_dag' retrieved from /opt/airflow/dags/0-variables-welcome_dag.py
[2024-11-17T17:34:05.237+0000] {logging_mixin.py:190} INFO - [2024-11-17T17:34:05.236+0000] {dag.py:3239} INFO - Sync 1 DAGs
[2024-11-17T17:34:05.265+0000] {logging_mixin.py:190} INFO - [2024-11-17T17:34:05.265+0000] {dag.py:4180} INFO - Setting next_dagrun for Welcome_dag to 2024-11-17 23:00:00+00:00, run_after=2024-11-18 23:00:00+00:00
[2024-11-17T17:34:05.291+0000] {processor.py:208} INFO - Processing /opt/airflow/dags/0-variables-welcome_dag.py took 0.129 seconds
[2024-11-17T17:34:35.903+0000] {processor.py:186} INFO - Started process (PID=1250) to work on /opt/airflow/dags/0-variables-welcome_dag.py
[2024-11-17T17:34:35.905+0000] {processor.py:914} INFO - Processing file /opt/airflow/dags/0-variables-welcome_dag.py for tasks to queue
[2024-11-17T17:34:35.908+0000] {logging_mixin.py:190} INFO - [2024-11-17T17:34:35.907+0000] {dagbag.py:588} INFO - Filling up the DagBag from /opt/airflow/dags/0-variables-welcome_dag.py
[2024-11-17T17:34:35.929+0000] {processor.py:925} INFO - DAG(s) 'Welcome_dag' retrieved from /opt/airflow/dags/0-variables-welcome_dag.py
[2024-11-17T17:34:35.974+0000] {logging_mixin.py:190} INFO - [2024-11-17T17:34:35.974+0000] {dag.py:3239} INFO - Sync 1 DAGs
[2024-11-17T17:34:36.004+0000] {logging_mixin.py:190} INFO - [2024-11-17T17:34:36.003+0000] {dag.py:4180} INFO - Setting next_dagrun for Welcome_dag to 2024-11-17 23:00:00+00:00, run_after=2024-11-18 23:00:00+00:00
[2024-11-17T17:34:36.030+0000] {processor.py:208} INFO - Processing /opt/airflow/dags/0-variables-welcome_dag.py took 0.135 seconds
[2024-11-17T17:35:06.725+0000] {processor.py:186} INFO - Started process (PID=1291) to work on /opt/airflow/dags/0-variables-welcome_dag.py
[2024-11-17T17:35:06.726+0000] {processor.py:914} INFO - Processing file /opt/airflow/dags/0-variables-welcome_dag.py for tasks to queue
[2024-11-17T17:35:06.730+0000] {logging_mixin.py:190} INFO - [2024-11-17T17:35:06.730+0000] {dagbag.py:588} INFO - Filling up the DagBag from /opt/airflow/dags/0-variables-welcome_dag.py
[2024-11-17T17:35:06.753+0000] {processor.py:925} INFO - DAG(s) 'Welcome_dag' retrieved from /opt/airflow/dags/0-variables-welcome_dag.py
[2024-11-17T17:35:06.790+0000] {logging_mixin.py:190} INFO - [2024-11-17T17:35:06.789+0000] {dag.py:3239} INFO - Sync 1 DAGs
[2024-11-17T17:35:06.816+0000] {logging_mixin.py:190} INFO - [2024-11-17T17:35:06.816+0000] {dag.py:4180} INFO - Setting next_dagrun for Welcome_dag to 2024-11-17 23:00:00+00:00, run_after=2024-11-18 23:00:00+00:00
[2024-11-17T17:35:06.847+0000] {processor.py:208} INFO - Processing /opt/airflow/dags/0-variables-welcome_dag.py took 0.130 seconds
[2024-11-17T17:35:37.717+0000] {processor.py:186} INFO - Started process (PID=1332) to work on /opt/airflow/dags/0-variables-welcome_dag.py
[2024-11-17T17:35:37.719+0000] {processor.py:914} INFO - Processing file /opt/airflow/dags/0-variables-welcome_dag.py for tasks to queue
[2024-11-17T17:35:37.723+0000] {logging_mixin.py:190} INFO - [2024-11-17T17:35:37.722+0000] {dagbag.py:588} INFO - Filling up the DagBag from /opt/airflow/dags/0-variables-welcome_dag.py
[2024-11-17T17:35:37.757+0000] {processor.py:925} INFO - DAG(s) 'Welcome_dag' retrieved from /opt/airflow/dags/0-variables-welcome_dag.py
[2024-11-17T17:35:37.804+0000] {logging_mixin.py:190} INFO - [2024-11-17T17:35:37.803+0000] {dag.py:3239} INFO - Sync 1 DAGs
[2024-11-17T17:35:37.838+0000] {logging_mixin.py:190} INFO - [2024-11-17T17:35:37.838+0000] {dag.py:4180} INFO - Setting next_dagrun for Welcome_dag to 2024-11-17 23:00:00+00:00, run_after=2024-11-18 23:00:00+00:00
[2024-11-17T17:35:37.885+0000] {processor.py:208} INFO - Processing /opt/airflow/dags/0-variables-welcome_dag.py took 0.178 seconds
[2024-11-17T17:36:08.612+0000] {processor.py:186} INFO - Started process (PID=1373) to work on /opt/airflow/dags/0-variables-welcome_dag.py
[2024-11-17T17:36:08.616+0000] {processor.py:914} INFO - Processing file /opt/airflow/dags/0-variables-welcome_dag.py for tasks to queue
[2024-11-17T17:36:08.621+0000] {logging_mixin.py:190} INFO - [2024-11-17T17:36:08.620+0000] {dagbag.py:588} INFO - Filling up the DagBag from /opt/airflow/dags/0-variables-welcome_dag.py
[2024-11-17T17:36:08.655+0000] {processor.py:925} INFO - DAG(s) 'Welcome_dag' retrieved from /opt/airflow/dags/0-variables-welcome_dag.py
[2024-11-17T17:36:08.700+0000] {logging_mixin.py:190} INFO - [2024-11-17T17:36:08.700+0000] {dag.py:3239} INFO - Sync 1 DAGs
[2024-11-17T17:36:08.732+0000] {logging_mixin.py:190} INFO - [2024-11-17T17:36:08.731+0000] {dag.py:4180} INFO - Setting next_dagrun for Welcome_dag to 2024-11-17 23:00:00+00:00, run_after=2024-11-18 23:00:00+00:00
[2024-11-17T17:36:08.761+0000] {processor.py:208} INFO - Processing /opt/airflow/dags/0-variables-welcome_dag.py took 0.161 seconds
[2024-11-17T17:36:39.484+0000] {processor.py:186} INFO - Started process (PID=1414) to work on /opt/airflow/dags/0-variables-welcome_dag.py
[2024-11-17T17:36:39.486+0000] {processor.py:914} INFO - Processing file /opt/airflow/dags/0-variables-welcome_dag.py for tasks to queue
[2024-11-17T17:36:39.490+0000] {logging_mixin.py:190} INFO - [2024-11-17T17:36:39.489+0000] {dagbag.py:588} INFO - Filling up the DagBag from /opt/airflow/dags/0-variables-welcome_dag.py
[2024-11-17T17:36:39.508+0000] {processor.py:925} INFO - DAG(s) 'Welcome_dag' retrieved from /opt/airflow/dags/0-variables-welcome_dag.py
[2024-11-17T17:36:39.541+0000] {logging_mixin.py:190} INFO - [2024-11-17T17:36:39.540+0000] {dag.py:3239} INFO - Sync 1 DAGs
[2024-11-17T17:36:39.567+0000] {logging_mixin.py:190} INFO - [2024-11-17T17:36:39.567+0000] {dag.py:4180} INFO - Setting next_dagrun for Welcome_dag to 2024-11-17 23:00:00+00:00, run_after=2024-11-18 23:00:00+00:00
[2024-11-17T17:36:39.594+0000] {processor.py:208} INFO - Processing /opt/airflow/dags/0-variables-welcome_dag.py took 0.117 seconds
[2024-11-17T17:37:09.639+0000] {processor.py:186} INFO - Started process (PID=1455) to work on /opt/airflow/dags/0-variables-welcome_dag.py
[2024-11-17T17:37:09.641+0000] {processor.py:914} INFO - Processing file /opt/airflow/dags/0-variables-welcome_dag.py for tasks to queue
[2024-11-17T17:37:09.644+0000] {logging_mixin.py:190} INFO - [2024-11-17T17:37:09.644+0000] {dagbag.py:588} INFO - Filling up the DagBag from /opt/airflow/dags/0-variables-welcome_dag.py
[2024-11-17T17:37:09.662+0000] {processor.py:925} INFO - DAG(s) 'Welcome_dag' retrieved from /opt/airflow/dags/0-variables-welcome_dag.py
[2024-11-17T17:37:09.695+0000] {logging_mixin.py:190} INFO - [2024-11-17T17:37:09.695+0000] {dag.py:3239} INFO - Sync 1 DAGs
[2024-11-17T17:37:09.720+0000] {logging_mixin.py:190} INFO - [2024-11-17T17:37:09.719+0000] {dag.py:4180} INFO - Setting next_dagrun for Welcome_dag to 2024-11-17 23:00:00+00:00, run_after=2024-11-18 23:00:00+00:00
[2024-11-17T17:37:09.741+0000] {processor.py:208} INFO - Processing /opt/airflow/dags/0-variables-welcome_dag.py took 0.110 seconds
[2024-11-17T17:37:39.824+0000] {processor.py:186} INFO - Started process (PID=1496) to work on /opt/airflow/dags/0-variables-welcome_dag.py
[2024-11-17T17:37:39.825+0000] {processor.py:914} INFO - Processing file /opt/airflow/dags/0-variables-welcome_dag.py for tasks to queue
[2024-11-17T17:37:39.828+0000] {logging_mixin.py:190} INFO - [2024-11-17T17:37:39.828+0000] {dagbag.py:588} INFO - Filling up the DagBag from /opt/airflow/dags/0-variables-welcome_dag.py
[2024-11-17T17:37:39.846+0000] {processor.py:925} INFO - DAG(s) 'Welcome_dag' retrieved from /opt/airflow/dags/0-variables-welcome_dag.py
[2024-11-17T17:37:39.881+0000] {logging_mixin.py:190} INFO - [2024-11-17T17:37:39.880+0000] {dag.py:3239} INFO - Sync 1 DAGs
[2024-11-17T17:37:39.909+0000] {logging_mixin.py:190} INFO - [2024-11-17T17:37:39.909+0000] {dag.py:4180} INFO - Setting next_dagrun for Welcome_dag to 2024-11-17 23:00:00+00:00, run_after=2024-11-18 23:00:00+00:00
[2024-11-17T17:37:39.938+0000] {processor.py:208} INFO - Processing /opt/airflow/dags/0-variables-welcome_dag.py took 0.122 seconds
[2024-11-17T17:38:10.954+0000] {processor.py:186} INFO - Started process (PID=1537) to work on /opt/airflow/dags/0-variables-welcome_dag.py
[2024-11-17T17:38:10.957+0000] {processor.py:914} INFO - Processing file /opt/airflow/dags/0-variables-welcome_dag.py for tasks to queue
[2024-11-17T17:38:10.961+0000] {logging_mixin.py:190} INFO - [2024-11-17T17:38:10.960+0000] {dagbag.py:588} INFO - Filling up the DagBag from /opt/airflow/dags/0-variables-welcome_dag.py
[2024-11-17T17:38:10.985+0000] {processor.py:925} INFO - DAG(s) 'Welcome_dag' retrieved from /opt/airflow/dags/0-variables-welcome_dag.py
[2024-11-17T17:38:11.021+0000] {logging_mixin.py:190} INFO - [2024-11-17T17:38:11.020+0000] {dag.py:3239} INFO - Sync 1 DAGs
[2024-11-17T17:38:11.049+0000] {logging_mixin.py:190} INFO - [2024-11-17T17:38:11.049+0000] {dag.py:4180} INFO - Setting next_dagrun for Welcome_dag to 2024-11-17 23:00:00+00:00, run_after=2024-11-18 23:00:00+00:00
[2024-11-17T17:38:11.084+0000] {processor.py:208} INFO - Processing /opt/airflow/dags/0-variables-welcome_dag.py took 0.140 seconds
[2024-11-17T17:38:41.847+0000] {processor.py:186} INFO - Started process (PID=1578) to work on /opt/airflow/dags/0-variables-welcome_dag.py
[2024-11-17T17:38:41.850+0000] {processor.py:914} INFO - Processing file /opt/airflow/dags/0-variables-welcome_dag.py for tasks to queue
[2024-11-17T17:38:41.855+0000] {logging_mixin.py:190} INFO - [2024-11-17T17:38:41.854+0000] {dagbag.py:588} INFO - Filling up the DagBag from /opt/airflow/dags/0-variables-welcome_dag.py
[2024-11-17T17:38:41.883+0000] {processor.py:925} INFO - DAG(s) 'Welcome_dag' retrieved from /opt/airflow/dags/0-variables-welcome_dag.py
[2024-11-17T17:38:41.934+0000] {logging_mixin.py:190} INFO - [2024-11-17T17:38:41.933+0000] {dag.py:3239} INFO - Sync 1 DAGs
[2024-11-17T17:38:41.965+0000] {logging_mixin.py:190} INFO - [2024-11-17T17:38:41.965+0000] {dag.py:4180} INFO - Setting next_dagrun for Welcome_dag to 2024-11-17 23:00:00+00:00, run_after=2024-11-18 23:00:00+00:00
[2024-11-17T17:38:42.000+0000] {processor.py:208} INFO - Processing /opt/airflow/dags/0-variables-welcome_dag.py took 0.161 seconds
[2024-11-17T17:39:12.743+0000] {processor.py:186} INFO - Started process (PID=1619) to work on /opt/airflow/dags/0-variables-welcome_dag.py
[2024-11-17T17:39:12.745+0000] {processor.py:914} INFO - Processing file /opt/airflow/dags/0-variables-welcome_dag.py for tasks to queue
[2024-11-17T17:39:12.748+0000] {logging_mixin.py:190} INFO - [2024-11-17T17:39:12.748+0000] {dagbag.py:588} INFO - Filling up the DagBag from /opt/airflow/dags/0-variables-welcome_dag.py
[2024-11-17T17:39:12.773+0000] {processor.py:925} INFO - DAG(s) 'Welcome_dag' retrieved from /opt/airflow/dags/0-variables-welcome_dag.py
[2024-11-17T17:39:12.814+0000] {logging_mixin.py:190} INFO - [2024-11-17T17:39:12.813+0000] {dag.py:3239} INFO - Sync 1 DAGs
[2024-11-17T17:39:12.845+0000] {logging_mixin.py:190} INFO - [2024-11-17T17:39:12.844+0000] {dag.py:4180} INFO - Setting next_dagrun for Welcome_dag to 2024-11-17 23:00:00+00:00, run_after=2024-11-18 23:00:00+00:00
[2024-11-17T17:39:12.874+0000] {processor.py:208} INFO - Processing /opt/airflow/dags/0-variables-welcome_dag.py took 0.140 seconds
[2024-11-17T17:39:43.713+0000] {processor.py:186} INFO - Started process (PID=1660) to work on /opt/airflow/dags/0-variables-welcome_dag.py
[2024-11-17T17:39:43.716+0000] {processor.py:914} INFO - Processing file /opt/airflow/dags/0-variables-welcome_dag.py for tasks to queue
[2024-11-17T17:39:43.719+0000] {logging_mixin.py:190} INFO - [2024-11-17T17:39:43.719+0000] {dagbag.py:588} INFO - Filling up the DagBag from /opt/airflow/dags/0-variables-welcome_dag.py
[2024-11-17T17:39:43.742+0000] {processor.py:925} INFO - DAG(s) 'Welcome_dag' retrieved from /opt/airflow/dags/0-variables-welcome_dag.py
[2024-11-17T17:39:43.799+0000] {logging_mixin.py:190} INFO - [2024-11-17T17:39:43.798+0000] {dag.py:3239} INFO - Sync 1 DAGs
[2024-11-17T17:39:43.829+0000] {logging_mixin.py:190} INFO - [2024-11-17T17:39:43.829+0000] {dag.py:4180} INFO - Setting next_dagrun for Welcome_dag to 2024-11-17 23:00:00+00:00, run_after=2024-11-18 23:00:00+00:00
[2024-11-17T17:39:43.855+0000] {processor.py:208} INFO - Processing /opt/airflow/dags/0-variables-welcome_dag.py took 0.153 seconds
[2024-11-17T17:40:14.543+0000] {processor.py:186} INFO - Started process (PID=1701) to work on /opt/airflow/dags/0-variables-welcome_dag.py
[2024-11-17T17:40:14.545+0000] {processor.py:914} INFO - Processing file /opt/airflow/dags/0-variables-welcome_dag.py for tasks to queue
[2024-11-17T17:40:14.550+0000] {logging_mixin.py:190} INFO - [2024-11-17T17:40:14.549+0000] {dagbag.py:588} INFO - Filling up the DagBag from /opt/airflow/dags/0-variables-welcome_dag.py
[2024-11-17T17:40:14.571+0000] {processor.py:925} INFO - DAG(s) 'Welcome_dag' retrieved from /opt/airflow/dags/0-variables-welcome_dag.py
[2024-11-17T17:40:14.607+0000] {logging_mixin.py:190} INFO - [2024-11-17T17:40:14.606+0000] {dag.py:3239} INFO - Sync 1 DAGs
[2024-11-17T17:40:14.634+0000] {logging_mixin.py:190} INFO - [2024-11-17T17:40:14.633+0000] {dag.py:4180} INFO - Setting next_dagrun for Welcome_dag to 2024-11-17 23:00:00+00:00, run_after=2024-11-18 23:00:00+00:00
[2024-11-17T17:40:14.661+0000] {processor.py:208} INFO - Processing /opt/airflow/dags/0-variables-welcome_dag.py took 0.126 seconds
[2024-11-17T17:40:45.276+0000] {processor.py:186} INFO - Started process (PID=1742) to work on /opt/airflow/dags/0-variables-welcome_dag.py
[2024-11-17T17:40:45.278+0000] {processor.py:914} INFO - Processing file /opt/airflow/dags/0-variables-welcome_dag.py for tasks to queue
[2024-11-17T17:40:45.281+0000] {logging_mixin.py:190} INFO - [2024-11-17T17:40:45.281+0000] {dagbag.py:588} INFO - Filling up the DagBag from /opt/airflow/dags/0-variables-welcome_dag.py
[2024-11-17T17:40:45.306+0000] {processor.py:925} INFO - DAG(s) 'Welcome_dag' retrieved from /opt/airflow/dags/0-variables-welcome_dag.py
[2024-11-17T17:40:45.347+0000] {logging_mixin.py:190} INFO - [2024-11-17T17:40:45.346+0000] {dag.py:3239} INFO - Sync 1 DAGs
[2024-11-17T17:40:45.381+0000] {logging_mixin.py:190} INFO - [2024-11-17T17:40:45.381+0000] {dag.py:4180} INFO - Setting next_dagrun for Welcome_dag to 2024-11-17 23:00:00+00:00, run_after=2024-11-18 23:00:00+00:00
[2024-11-17T17:40:45.411+0000] {processor.py:208} INFO - Processing /opt/airflow/dags/0-variables-welcome_dag.py took 0.143 seconds
[2024-11-17T17:41:16.336+0000] {processor.py:186} INFO - Started process (PID=1783) to work on /opt/airflow/dags/0-variables-welcome_dag.py
[2024-11-17T17:41:16.338+0000] {processor.py:914} INFO - Processing file /opt/airflow/dags/0-variables-welcome_dag.py for tasks to queue
[2024-11-17T17:41:16.343+0000] {logging_mixin.py:190} INFO - [2024-11-17T17:41:16.342+0000] {dagbag.py:588} INFO - Filling up the DagBag from /opt/airflow/dags/0-variables-welcome_dag.py
[2024-11-17T17:41:16.367+0000] {processor.py:925} INFO - DAG(s) 'Welcome_dag' retrieved from /opt/airflow/dags/0-variables-welcome_dag.py
[2024-11-17T17:41:16.411+0000] {logging_mixin.py:190} INFO - [2024-11-17T17:41:16.410+0000] {dag.py:3239} INFO - Sync 1 DAGs
[2024-11-17T17:41:16.446+0000] {logging_mixin.py:190} INFO - [2024-11-17T17:41:16.445+0000] {dag.py:4180} INFO - Setting next_dagrun for Welcome_dag to 2024-11-17 23:00:00+00:00, run_after=2024-11-18 23:00:00+00:00
[2024-11-17T17:41:16.476+0000] {processor.py:208} INFO - Processing /opt/airflow/dags/0-variables-welcome_dag.py took 0.148 seconds
[2024-11-17T17:41:47.371+0000] {processor.py:186} INFO - Started process (PID=1824) to work on /opt/airflow/dags/0-variables-welcome_dag.py
[2024-11-17T17:41:47.373+0000] {processor.py:914} INFO - Processing file /opt/airflow/dags/0-variables-welcome_dag.py for tasks to queue
[2024-11-17T17:41:47.379+0000] {logging_mixin.py:190} INFO - [2024-11-17T17:41:47.379+0000] {dagbag.py:588} INFO - Filling up the DagBag from /opt/airflow/dags/0-variables-welcome_dag.py
[2024-11-17T17:41:47.408+0000] {processor.py:925} INFO - DAG(s) 'Welcome_dag' retrieved from /opt/airflow/dags/0-variables-welcome_dag.py
[2024-11-17T17:41:47.460+0000] {logging_mixin.py:190} INFO - [2024-11-17T17:41:47.459+0000] {dag.py:3239} INFO - Sync 1 DAGs
[2024-11-17T17:41:47.494+0000] {logging_mixin.py:190} INFO - [2024-11-17T17:41:47.494+0000] {dag.py:4180} INFO - Setting next_dagrun for Welcome_dag to 2024-11-17 23:00:00+00:00, run_after=2024-11-18 23:00:00+00:00
[2024-11-17T17:41:47.525+0000] {processor.py:208} INFO - Processing /opt/airflow/dags/0-variables-welcome_dag.py took 0.165 seconds
[2024-11-17T17:42:18.246+0000] {processor.py:186} INFO - Started process (PID=1865) to work on /opt/airflow/dags/0-variables-welcome_dag.py
[2024-11-17T17:42:18.248+0000] {processor.py:914} INFO - Processing file /opt/airflow/dags/0-variables-welcome_dag.py for tasks to queue
[2024-11-17T17:42:18.254+0000] {logging_mixin.py:190} INFO - [2024-11-17T17:42:18.253+0000] {dagbag.py:588} INFO - Filling up the DagBag from /opt/airflow/dags/0-variables-welcome_dag.py
[2024-11-17T17:42:18.279+0000] {processor.py:925} INFO - DAG(s) 'Welcome_dag' retrieved from /opt/airflow/dags/0-variables-welcome_dag.py
[2024-11-17T17:42:18.323+0000] {logging_mixin.py:190} INFO - [2024-11-17T17:42:18.323+0000] {dag.py:3239} INFO - Sync 1 DAGs
[2024-11-17T17:42:18.353+0000] {logging_mixin.py:190} INFO - [2024-11-17T17:42:18.353+0000] {dag.py:4180} INFO - Setting next_dagrun for Welcome_dag to 2024-11-17 23:00:00+00:00, run_after=2024-11-18 23:00:00+00:00
[2024-11-17T17:42:18.385+0000] {processor.py:208} INFO - Processing /opt/airflow/dags/0-variables-welcome_dag.py took 0.147 seconds
