[2024-11-17T13:56:26.720+0000] {processor.py:186} INFO - Started process (PID=234) to work on /opt/airflow/dags/4-catchup-and-backfill.py
[2024-11-17T13:56:26.778+0000] {processor.py:914} INFO - Processing file /opt/airflow/dags/4-catchup-and-backfill.py for tasks to queue
[2024-11-17T13:56:26.836+0000] {logging_mixin.py:190} INFO - [2024-11-17T13:56:26.835+0000] {dagbag.py:588} INFO - Filling up the DagBag from /opt/airflow/dags/4-catchup-and-backfill.py
[2024-11-17T13:56:27.050+0000] {processor.py:925} INFO - DAG(s) 'dag_with_catchup_and_backfill_v01' retrieved from /opt/airflow/dags/4-catchup-and-backfill.py
[2024-11-17T13:56:28.546+0000] {logging_mixin.py:190} INFO - [2024-11-17T13:56:28.545+0000] {dag.py:3239} INFO - Sync 1 DAGs
[2024-11-17T13:56:28.852+0000] {logging_mixin.py:190} INFO - [2024-11-17T13:56:28.849+0000] {dag.py:4180} INFO - Setting next_dagrun for dag_with_catchup_and_backfill_v01 to 2024-09-27 00:00:00+00:00, run_after=2024-09-28 00:00:00+00:00
[2024-11-17T13:56:29.028+0000] {processor.py:208} INFO - Processing /opt/airflow/dags/4-catchup-and-backfill.py took 2.478 seconds
[2024-11-17T13:57:09.241+0000] {processor.py:186} INFO - Started process (PID=335) to work on /opt/airflow/dags/4-catchup-and-backfill.py
[2024-11-17T13:57:09.357+0000] {processor.py:914} INFO - Processing file /opt/airflow/dags/4-catchup-and-backfill.py for tasks to queue
[2024-11-17T13:57:09.536+0000] {logging_mixin.py:190} INFO - [2024-11-17T13:57:09.535+0000] {dagbag.py:588} INFO - Filling up the DagBag from /opt/airflow/dags/4-catchup-and-backfill.py
[2024-11-17T13:57:09.690+0000] {processor.py:925} INFO - DAG(s) 'dag_with_catchup_and_backfill_v01' retrieved from /opt/airflow/dags/4-catchup-and-backfill.py
[2024-11-17T13:57:09.850+0000] {logging_mixin.py:190} INFO - [2024-11-17T13:57:09.850+0000] {dag.py:3239} INFO - Sync 1 DAGs
[2024-11-17T13:57:10.458+0000] {logging_mixin.py:190} INFO - [2024-11-17T13:57:10.455+0000] {dag.py:4180} INFO - Setting next_dagrun for dag_with_catchup_and_backfill_v01 to 2024-09-27 00:00:00+00:00, run_after=2024-09-28 00:00:00+00:00
[2024-11-17T13:57:11.285+0000] {processor.py:208} INFO - Processing /opt/airflow/dags/4-catchup-and-backfill.py took 2.361 seconds
[2024-11-17T13:57:42.195+0000] {processor.py:186} INFO - Started process (PID=423) to work on /opt/airflow/dags/4-catchup-and-backfill.py
[2024-11-17T13:57:42.199+0000] {processor.py:914} INFO - Processing file /opt/airflow/dags/4-catchup-and-backfill.py for tasks to queue
[2024-11-17T13:57:42.257+0000] {logging_mixin.py:190} INFO - [2024-11-17T13:57:42.254+0000] {dagbag.py:588} INFO - Filling up the DagBag from /opt/airflow/dags/4-catchup-and-backfill.py
[2024-11-17T13:57:42.310+0000] {processor.py:925} INFO - DAG(s) 'dag_with_catchup_and_backfill_v01' retrieved from /opt/airflow/dags/4-catchup-and-backfill.py
[2024-11-17T13:57:42.411+0000] {logging_mixin.py:190} INFO - [2024-11-17T13:57:42.410+0000] {dag.py:3239} INFO - Sync 1 DAGs
[2024-11-17T13:57:42.500+0000] {logging_mixin.py:190} INFO - [2024-11-17T13:57:42.499+0000] {dag.py:4180} INFO - Setting next_dagrun for dag_with_catchup_and_backfill_v01 to 2024-09-27 00:00:00+00:00, run_after=2024-09-28 00:00:00+00:00
[2024-11-17T13:57:42.611+0000] {processor.py:208} INFO - Processing /opt/airflow/dags/4-catchup-and-backfill.py took 0.438 seconds
[2024-11-17T13:58:13.146+0000] {processor.py:186} INFO - Started process (PID=463) to work on /opt/airflow/dags/4-catchup-and-backfill.py
[2024-11-17T13:58:13.191+0000] {processor.py:914} INFO - Processing file /opt/airflow/dags/4-catchup-and-backfill.py for tasks to queue
[2024-11-17T13:58:13.209+0000] {logging_mixin.py:190} INFO - [2024-11-17T13:58:13.205+0000] {dagbag.py:588} INFO - Filling up the DagBag from /opt/airflow/dags/4-catchup-and-backfill.py
[2024-11-17T13:58:13.344+0000] {processor.py:925} INFO - DAG(s) 'dag_with_catchup_and_backfill_v01' retrieved from /opt/airflow/dags/4-catchup-and-backfill.py
[2024-11-17T13:58:13.501+0000] {logging_mixin.py:190} INFO - [2024-11-17T13:58:13.501+0000] {dag.py:3239} INFO - Sync 1 DAGs
[2024-11-17T13:58:13.770+0000] {logging_mixin.py:190} INFO - [2024-11-17T13:58:13.765+0000] {dag.py:4180} INFO - Setting next_dagrun for dag_with_catchup_and_backfill_v01 to 2024-09-27 00:00:00+00:00, run_after=2024-09-28 00:00:00+00:00
[2024-11-17T13:58:13.898+0000] {processor.py:208} INFO - Processing /opt/airflow/dags/4-catchup-and-backfill.py took 0.781 seconds
[2024-11-17T13:58:44.835+0000] {processor.py:186} INFO - Started process (PID=504) to work on /opt/airflow/dags/4-catchup-and-backfill.py
[2024-11-17T13:58:44.838+0000] {processor.py:914} INFO - Processing file /opt/airflow/dags/4-catchup-and-backfill.py for tasks to queue
[2024-11-17T13:58:44.846+0000] {logging_mixin.py:190} INFO - [2024-11-17T13:58:44.845+0000] {dagbag.py:588} INFO - Filling up the DagBag from /opt/airflow/dags/4-catchup-and-backfill.py
[2024-11-17T13:58:44.887+0000] {processor.py:925} INFO - DAG(s) 'dag_with_catchup_and_backfill_v01' retrieved from /opt/airflow/dags/4-catchup-and-backfill.py
[2024-11-17T13:58:45.017+0000] {logging_mixin.py:190} INFO - [2024-11-17T13:58:45.016+0000] {dag.py:3239} INFO - Sync 1 DAGs
[2024-11-17T13:58:45.144+0000] {logging_mixin.py:190} INFO - [2024-11-17T13:58:45.143+0000] {dag.py:4180} INFO - Setting next_dagrun for dag_with_catchup_and_backfill_v01 to 2024-09-27 00:00:00+00:00, run_after=2024-09-28 00:00:00+00:00
[2024-11-17T13:58:45.287+0000] {processor.py:208} INFO - Processing /opt/airflow/dags/4-catchup-and-backfill.py took 0.464 seconds
[2024-11-17T13:59:15.711+0000] {processor.py:186} INFO - Started process (PID=550) to work on /opt/airflow/dags/4-catchup-and-backfill.py
[2024-11-17T13:59:15.715+0000] {processor.py:914} INFO - Processing file /opt/airflow/dags/4-catchup-and-backfill.py for tasks to queue
[2024-11-17T13:59:15.720+0000] {logging_mixin.py:190} INFO - [2024-11-17T13:59:15.718+0000] {dagbag.py:588} INFO - Filling up the DagBag from /opt/airflow/dags/4-catchup-and-backfill.py
[2024-11-17T13:59:15.763+0000] {processor.py:925} INFO - DAG(s) 'dag_with_catchup_and_backfill_v01' retrieved from /opt/airflow/dags/4-catchup-and-backfill.py
[2024-11-17T13:59:15.837+0000] {logging_mixin.py:190} INFO - [2024-11-17T13:59:15.836+0000] {dag.py:3239} INFO - Sync 1 DAGs
[2024-11-17T13:59:15.950+0000] {logging_mixin.py:190} INFO - [2024-11-17T13:59:15.949+0000] {dag.py:4180} INFO - Setting next_dagrun for dag_with_catchup_and_backfill_v01 to 2024-09-27 00:00:00+00:00, run_after=2024-09-28 00:00:00+00:00
[2024-11-17T13:59:16.003+0000] {processor.py:208} INFO - Processing /opt/airflow/dags/4-catchup-and-backfill.py took 0.318 seconds
[2024-11-17T14:04:03.796+0000] {processor.py:186} INFO - Started process (PID=234) to work on /opt/airflow/dags/4-catchup-and-backfill.py
[2024-11-17T14:04:03.803+0000] {processor.py:914} INFO - Processing file /opt/airflow/dags/4-catchup-and-backfill.py for tasks to queue
[2024-11-17T14:04:03.814+0000] {logging_mixin.py:190} INFO - [2024-11-17T14:04:03.813+0000] {dagbag.py:588} INFO - Filling up the DagBag from /opt/airflow/dags/4-catchup-and-backfill.py
[2024-11-17T14:04:03.857+0000] {processor.py:925} INFO - DAG(s) 'dag_with_catchup_and_backfill_v01' retrieved from /opt/airflow/dags/4-catchup-and-backfill.py
[2024-11-17T14:04:03.963+0000] {logging_mixin.py:190} INFO - [2024-11-17T14:04:03.963+0000] {dag.py:3239} INFO - Sync 1 DAGs
[2024-11-17T14:04:04.076+0000] {logging_mixin.py:190} INFO - [2024-11-17T14:04:04.076+0000] {dag.py:4180} INFO - Setting next_dagrun for dag_with_catchup_and_backfill_v01 to 2024-09-27 00:00:00+00:00, run_after=2024-09-28 00:00:00+00:00
[2024-11-17T14:04:04.133+0000] {processor.py:208} INFO - Processing /opt/airflow/dags/4-catchup-and-backfill.py took 0.358 seconds
[2024-11-17T14:04:34.468+0000] {processor.py:186} INFO - Started process (PID=275) to work on /opt/airflow/dags/4-catchup-and-backfill.py
[2024-11-17T14:04:34.482+0000] {processor.py:914} INFO - Processing file /opt/airflow/dags/4-catchup-and-backfill.py for tasks to queue
[2024-11-17T14:04:34.508+0000] {logging_mixin.py:190} INFO - [2024-11-17T14:04:34.507+0000] {dagbag.py:588} INFO - Filling up the DagBag from /opt/airflow/dags/4-catchup-and-backfill.py
[2024-11-17T14:04:34.559+0000] {processor.py:925} INFO - DAG(s) 'dag_with_catchup_and_backfill_v01' retrieved from /opt/airflow/dags/4-catchup-and-backfill.py
[2024-11-17T14:04:34.659+0000] {logging_mixin.py:190} INFO - [2024-11-17T14:04:34.656+0000] {dag.py:3239} INFO - Sync 1 DAGs
[2024-11-17T14:04:34.755+0000] {logging_mixin.py:190} INFO - [2024-11-17T14:04:34.754+0000] {dag.py:4180} INFO - Setting next_dagrun for dag_with_catchup_and_backfill_v01 to 2024-09-27 00:00:00+00:00, run_after=2024-09-28 00:00:00+00:00
[2024-11-17T14:04:34.805+0000] {processor.py:208} INFO - Processing /opt/airflow/dags/4-catchup-and-backfill.py took 0.360 seconds
[2024-11-17T14:07:14.361+0000] {processor.py:186} INFO - Started process (PID=222) to work on /opt/airflow/dags/4-catchup-and-backfill.py
[2024-11-17T14:07:14.364+0000] {processor.py:914} INFO - Processing file /opt/airflow/dags/4-catchup-and-backfill.py for tasks to queue
[2024-11-17T14:07:14.369+0000] {logging_mixin.py:190} INFO - [2024-11-17T14:07:14.368+0000] {dagbag.py:588} INFO - Filling up the DagBag from /opt/airflow/dags/4-catchup-and-backfill.py
[2024-11-17T14:07:14.397+0000] {processor.py:925} INFO - DAG(s) 'dag_with_catchup_and_backfill_v01' retrieved from /opt/airflow/dags/4-catchup-and-backfill.py
[2024-11-17T14:07:14.750+0000] {logging_mixin.py:190} INFO - [2024-11-17T14:07:14.747+0000] {override.py:1900} INFO - Created Permission View: can delete on DAG:dag_with_catchup_and_backfill_v01
[2024-11-17T14:07:14.772+0000] {logging_mixin.py:190} INFO - [2024-11-17T14:07:14.772+0000] {override.py:1900} INFO - Created Permission View: can read on DAG:dag_with_catchup_and_backfill_v01
[2024-11-17T14:07:14.785+0000] {logging_mixin.py:190} INFO - [2024-11-17T14:07:14.785+0000] {override.py:1900} INFO - Created Permission View: can edit on DAG:dag_with_catchup_and_backfill_v01
[2024-11-17T14:07:14.795+0000] {logging_mixin.py:190} INFO - [2024-11-17T14:07:14.795+0000] {override.py:1900} INFO - Created Permission View: can delete on DAG Run:dag_with_catchup_and_backfill_v01
[2024-11-17T14:07:14.810+0000] {logging_mixin.py:190} INFO - [2024-11-17T14:07:14.809+0000] {override.py:1900} INFO - Created Permission View: menu access on DAG Run:dag_with_catchup_and_backfill_v01
[2024-11-17T14:07:14.822+0000] {logging_mixin.py:190} INFO - [2024-11-17T14:07:14.821+0000] {override.py:1900} INFO - Created Permission View: can read on DAG Run:dag_with_catchup_and_backfill_v01
[2024-11-17T14:07:14.832+0000] {logging_mixin.py:190} INFO - [2024-11-17T14:07:14.831+0000] {override.py:1900} INFO - Created Permission View: can create on DAG Run:dag_with_catchup_and_backfill_v01
[2024-11-17T14:07:14.833+0000] {logging_mixin.py:190} INFO - [2024-11-17T14:07:14.832+0000] {dag.py:3239} INFO - Sync 1 DAGs
[2024-11-17T14:07:14.852+0000] {logging_mixin.py:190} INFO - [2024-11-17T14:07:14.852+0000] {dag.py:3262} INFO - Creating ORM DAG for dag_with_catchup_and_backfill_v01
[2024-11-17T14:07:14.872+0000] {logging_mixin.py:190} INFO - [2024-11-17T14:07:14.871+0000] {dag.py:4180} INFO - Setting next_dagrun for dag_with_catchup_and_backfill_v01 to 2024-09-27 00:00:00+00:00, run_after=2024-09-28 00:00:00+00:00
[2024-11-17T14:07:14.913+0000] {processor.py:208} INFO - Processing /opt/airflow/dags/4-catchup-and-backfill.py took 0.563 seconds
[2024-11-17T14:07:45.105+0000] {processor.py:186} INFO - Started process (PID=265) to work on /opt/airflow/dags/4-catchup-and-backfill.py
[2024-11-17T14:07:45.107+0000] {processor.py:914} INFO - Processing file /opt/airflow/dags/4-catchup-and-backfill.py for tasks to queue
[2024-11-17T14:07:45.112+0000] {logging_mixin.py:190} INFO - [2024-11-17T14:07:45.111+0000] {dagbag.py:588} INFO - Filling up the DagBag from /opt/airflow/dags/4-catchup-and-backfill.py
[2024-11-17T14:07:45.137+0000] {processor.py:925} INFO - DAG(s) 'dag_with_catchup_and_backfill_v01' retrieved from /opt/airflow/dags/4-catchup-and-backfill.py
[2024-11-17T14:07:45.180+0000] {logging_mixin.py:190} INFO - [2024-11-17T14:07:45.180+0000] {dag.py:3239} INFO - Sync 1 DAGs
[2024-11-17T14:07:45.213+0000] {logging_mixin.py:190} INFO - [2024-11-17T14:07:45.213+0000] {dag.py:4180} INFO - Setting next_dagrun for dag_with_catchup_and_backfill_v01 to 2024-09-27 00:00:00+00:00, run_after=2024-09-28 00:00:00+00:00
[2024-11-17T14:07:45.241+0000] {processor.py:208} INFO - Processing /opt/airflow/dags/4-catchup-and-backfill.py took 0.147 seconds
[2024-11-17T14:08:16.219+0000] {processor.py:186} INFO - Started process (PID=304) to work on /opt/airflow/dags/4-catchup-and-backfill.py
[2024-11-17T14:08:16.221+0000] {processor.py:914} INFO - Processing file /opt/airflow/dags/4-catchup-and-backfill.py for tasks to queue
[2024-11-17T14:08:16.226+0000] {logging_mixin.py:190} INFO - [2024-11-17T14:08:16.225+0000] {dagbag.py:588} INFO - Filling up the DagBag from /opt/airflow/dags/4-catchup-and-backfill.py
[2024-11-17T14:08:16.253+0000] {processor.py:925} INFO - DAG(s) 'dag_with_catchup_and_backfill_v01' retrieved from /opt/airflow/dags/4-catchup-and-backfill.py
[2024-11-17T14:08:16.302+0000] {logging_mixin.py:190} INFO - [2024-11-17T14:08:16.301+0000] {dag.py:3239} INFO - Sync 1 DAGs
[2024-11-17T14:08:16.360+0000] {logging_mixin.py:190} INFO - [2024-11-17T14:08:16.359+0000] {dag.py:4180} INFO - Setting next_dagrun for dag_with_catchup_and_backfill_v01 to 2024-09-27 00:00:00+00:00, run_after=2024-09-28 00:00:00+00:00
[2024-11-17T14:08:16.397+0000] {processor.py:208} INFO - Processing /opt/airflow/dags/4-catchup-and-backfill.py took 0.190 seconds
[2024-11-17T14:08:46.495+0000] {processor.py:186} INFO - Started process (PID=350) to work on /opt/airflow/dags/4-catchup-and-backfill.py
[2024-11-17T14:08:46.498+0000] {processor.py:914} INFO - Processing file /opt/airflow/dags/4-catchup-and-backfill.py for tasks to queue
[2024-11-17T14:08:46.503+0000] {logging_mixin.py:190} INFO - [2024-11-17T14:08:46.502+0000] {dagbag.py:588} INFO - Filling up the DagBag from /opt/airflow/dags/4-catchup-and-backfill.py
[2024-11-17T14:08:46.533+0000] {processor.py:925} INFO - DAG(s) 'dag_with_catchup_and_backfill_v01' retrieved from /opt/airflow/dags/4-catchup-and-backfill.py
[2024-11-17T14:08:46.582+0000] {logging_mixin.py:190} INFO - [2024-11-17T14:08:46.581+0000] {dag.py:3239} INFO - Sync 1 DAGs
[2024-11-17T14:08:46.628+0000] {logging_mixin.py:190} INFO - [2024-11-17T14:08:46.628+0000] {dag.py:4180} INFO - Setting next_dagrun for dag_with_catchup_and_backfill_v01 to 2024-09-27 00:00:00+00:00, run_after=2024-09-28 00:00:00+00:00
[2024-11-17T14:08:46.659+0000] {processor.py:208} INFO - Processing /opt/airflow/dags/4-catchup-and-backfill.py took 0.178 seconds
[2024-11-17T14:10:03.608+0000] {processor.py:186} INFO - Started process (PID=410) to work on /opt/airflow/dags/4-catchup-and-backfill.py
[2024-11-17T14:10:03.611+0000] {processor.py:914} INFO - Processing file /opt/airflow/dags/4-catchup-and-backfill.py for tasks to queue
[2024-11-17T14:10:03.615+0000] {logging_mixin.py:190} INFO - [2024-11-17T14:10:03.614+0000] {dagbag.py:588} INFO - Filling up the DagBag from /opt/airflow/dags/4-catchup-and-backfill.py
[2024-11-17T14:10:03.637+0000] {processor.py:925} INFO - DAG(s) 'dag_with_catchup_and_backfill_v01' retrieved from /opt/airflow/dags/4-catchup-and-backfill.py
[2024-11-17T14:10:03.684+0000] {logging_mixin.py:190} INFO - [2024-11-17T14:10:03.684+0000] {dag.py:3239} INFO - Sync 1 DAGs
[2024-11-17T14:10:03.728+0000] {logging_mixin.py:190} INFO - [2024-11-17T14:10:03.727+0000] {dag.py:4180} INFO - Setting next_dagrun for dag_with_catchup_and_backfill_v01 to 2024-09-27 00:00:00+00:00, run_after=2024-09-28 00:00:00+00:00
[2024-11-17T14:10:03.767+0000] {processor.py:208} INFO - Processing /opt/airflow/dags/4-catchup-and-backfill.py took 0.170 seconds
[2024-11-17T15:33:59.999+0000] {processor.py:186} INFO - Started process (PID=458) to work on /opt/airflow/dags/4-catchup-and-backfill.py
[2024-11-17T15:34:00.004+0000] {processor.py:914} INFO - Processing file /opt/airflow/dags/4-catchup-and-backfill.py for tasks to queue
[2024-11-17T15:34:00.015+0000] {logging_mixin.py:190} INFO - [2024-11-17T15:34:00.014+0000] {dagbag.py:588} INFO - Filling up the DagBag from /opt/airflow/dags/4-catchup-and-backfill.py
[2024-11-17T15:34:00.057+0000] {processor.py:925} INFO - DAG(s) 'dag_with_catchup_and_backfill_v01' retrieved from /opt/airflow/dags/4-catchup-and-backfill.py
[2024-11-17T15:34:00.203+0000] {logging_mixin.py:190} INFO - [2024-11-17T15:34:00.202+0000] {dag.py:3239} INFO - Sync 1 DAGs
[2024-11-17T15:34:00.306+0000] {logging_mixin.py:190} INFO - [2024-11-17T15:34:00.306+0000] {dag.py:4180} INFO - Setting next_dagrun for dag_with_catchup_and_backfill_v01 to 2024-09-27 00:00:00+00:00, run_after=2024-09-28 00:00:00+00:00
[2024-11-17T15:34:00.355+0000] {processor.py:208} INFO - Processing /opt/airflow/dags/4-catchup-and-backfill.py took 0.370 seconds
[2024-11-17T16:10:01.790+0000] {processor.py:186} INFO - Started process (PID=503) to work on /opt/airflow/dags/4-catchup-and-backfill.py
[2024-11-17T16:10:01.794+0000] {processor.py:914} INFO - Processing file /opt/airflow/dags/4-catchup-and-backfill.py for tasks to queue
[2024-11-17T16:10:01.803+0000] {logging_mixin.py:190} INFO - [2024-11-17T16:10:01.802+0000] {dagbag.py:588} INFO - Filling up the DagBag from /opt/airflow/dags/4-catchup-and-backfill.py
[2024-11-17T16:10:01.858+0000] {processor.py:925} INFO - DAG(s) 'dag_with_catchup_and_backfill_v01' retrieved from /opt/airflow/dags/4-catchup-and-backfill.py
[2024-11-17T16:10:02.059+0000] {logging_mixin.py:190} INFO - [2024-11-17T16:10:02.059+0000] {dag.py:3239} INFO - Sync 1 DAGs
[2024-11-17T16:10:02.232+0000] {logging_mixin.py:190} INFO - [2024-11-17T16:10:02.231+0000] {dag.py:4180} INFO - Setting next_dagrun for dag_with_catchup_and_backfill_v01 to 2024-09-27 00:00:00+00:00, run_after=2024-09-28 00:00:00+00:00
[2024-11-17T16:10:02.322+0000] {processor.py:208} INFO - Processing /opt/airflow/dags/4-catchup-and-backfill.py took 0.545 seconds
[2024-11-17T16:15:32.066+0000] {processor.py:186} INFO - Started process (PID=560) to work on /opt/airflow/dags/4-catchup-and-backfill.py
[2024-11-17T16:15:32.069+0000] {processor.py:914} INFO - Processing file /opt/airflow/dags/4-catchup-and-backfill.py for tasks to queue
[2024-11-17T16:15:32.073+0000] {logging_mixin.py:190} INFO - [2024-11-17T16:15:32.073+0000] {dagbag.py:588} INFO - Filling up the DagBag from /opt/airflow/dags/4-catchup-and-backfill.py
[2024-11-17T16:15:32.096+0000] {processor.py:925} INFO - DAG(s) 'dag_with_catchup_and_backfill_v01' retrieved from /opt/airflow/dags/4-catchup-and-backfill.py
[2024-11-17T16:15:32.148+0000] {logging_mixin.py:190} INFO - [2024-11-17T16:15:32.147+0000] {dag.py:3239} INFO - Sync 1 DAGs
[2024-11-17T16:15:32.191+0000] {logging_mixin.py:190} INFO - [2024-11-17T16:15:32.190+0000] {dag.py:4180} INFO - Setting next_dagrun for dag_with_catchup_and_backfill_v01 to 2024-09-27 00:00:00+00:00, run_after=2024-09-28 00:00:00+00:00
[2024-11-17T16:15:32.233+0000] {processor.py:208} INFO - Processing /opt/airflow/dags/4-catchup-and-backfill.py took 0.179 seconds
[2024-11-17T17:11:04.156+0000] {processor.py:186} INFO - Started process (PID=605) to work on /opt/airflow/dags/4-catchup-and-backfill.py
[2024-11-17T17:11:04.161+0000] {processor.py:914} INFO - Processing file /opt/airflow/dags/4-catchup-and-backfill.py for tasks to queue
[2024-11-17T17:11:04.169+0000] {logging_mixin.py:190} INFO - [2024-11-17T17:11:04.168+0000] {dagbag.py:588} INFO - Filling up the DagBag from /opt/airflow/dags/4-catchup-and-backfill.py
[2024-11-17T17:11:04.220+0000] {processor.py:925} INFO - DAG(s) 'dag_with_catchup_and_backfill_v01' retrieved from /opt/airflow/dags/4-catchup-and-backfill.py
[2024-11-17T17:11:04.298+0000] {logging_mixin.py:190} INFO - [2024-11-17T17:11:04.298+0000] {dag.py:3239} INFO - Sync 1 DAGs
[2024-11-17T17:11:04.352+0000] {logging_mixin.py:190} INFO - [2024-11-17T17:11:04.351+0000] {dag.py:4180} INFO - Setting next_dagrun for dag_with_catchup_and_backfill_v01 to 2024-09-27 00:00:00+00:00, run_after=2024-09-28 00:00:00+00:00
[2024-11-17T17:11:04.420+0000] {processor.py:208} INFO - Processing /opt/airflow/dags/4-catchup-and-backfill.py took 0.279 seconds
[2024-11-17T17:26:53.690+0000] {processor.py:186} INFO - Started process (PID=644) to work on /opt/airflow/dags/4-catchup-and-backfill.py
[2024-11-17T17:26:53.703+0000] {processor.py:914} INFO - Processing file /opt/airflow/dags/4-catchup-and-backfill.py for tasks to queue
[2024-11-17T17:26:53.729+0000] {logging_mixin.py:190} INFO - [2024-11-17T17:26:53.709+0000] {dagbag.py:588} INFO - Filling up the DagBag from /opt/airflow/dags/4-catchup-and-backfill.py
[2024-11-17T17:26:53.791+0000] {processor.py:925} INFO - DAG(s) 'dag_with_catchup_and_backfill_v01' retrieved from /opt/airflow/dags/4-catchup-and-backfill.py
[2024-11-17T17:26:53.930+0000] {logging_mixin.py:190} INFO - [2024-11-17T17:26:53.930+0000] {dag.py:3239} INFO - Sync 1 DAGs
[2024-11-17T17:26:53.997+0000] {logging_mixin.py:190} INFO - [2024-11-17T17:26:53.997+0000] {dag.py:4180} INFO - Setting next_dagrun for dag_with_catchup_and_backfill_v01 to 2024-09-27 00:00:00+00:00, run_after=2024-09-28 00:00:00+00:00
[2024-11-17T17:26:54.076+0000] {processor.py:208} INFO - Processing /opt/airflow/dags/4-catchup-and-backfill.py took 0.407 seconds
[2024-11-17T17:27:24.166+0000] {processor.py:186} INFO - Started process (PID=687) to work on /opt/airflow/dags/4-catchup-and-backfill.py
[2024-11-17T17:27:24.168+0000] {processor.py:914} INFO - Processing file /opt/airflow/dags/4-catchup-and-backfill.py for tasks to queue
[2024-11-17T17:27:24.174+0000] {logging_mixin.py:190} INFO - [2024-11-17T17:27:24.173+0000] {dagbag.py:588} INFO - Filling up the DagBag from /opt/airflow/dags/4-catchup-and-backfill.py
[2024-11-17T17:27:24.198+0000] {processor.py:925} INFO - DAG(s) 'dag_with_catchup_and_backfill_v01' retrieved from /opt/airflow/dags/4-catchup-and-backfill.py
[2024-11-17T17:27:24.253+0000] {logging_mixin.py:190} INFO - [2024-11-17T17:27:24.252+0000] {dag.py:3239} INFO - Sync 1 DAGs
[2024-11-17T17:27:24.303+0000] {logging_mixin.py:190} INFO - [2024-11-17T17:27:24.303+0000] {dag.py:4180} INFO - Setting next_dagrun for dag_with_catchup_and_backfill_v01 to 2024-09-27 00:00:00+00:00, run_after=2024-09-28 00:00:00+00:00
[2024-11-17T17:27:24.342+0000] {processor.py:208} INFO - Processing /opt/airflow/dags/4-catchup-and-backfill.py took 0.188 seconds
[2024-11-17T17:27:55.321+0000] {processor.py:186} INFO - Started process (PID=728) to work on /opt/airflow/dags/4-catchup-and-backfill.py
[2024-11-17T17:27:55.323+0000] {processor.py:914} INFO - Processing file /opt/airflow/dags/4-catchup-and-backfill.py for tasks to queue
[2024-11-17T17:27:55.328+0000] {logging_mixin.py:190} INFO - [2024-11-17T17:27:55.327+0000] {dagbag.py:588} INFO - Filling up the DagBag from /opt/airflow/dags/4-catchup-and-backfill.py
[2024-11-17T17:27:55.351+0000] {processor.py:925} INFO - DAG(s) 'dag_with_catchup_and_backfill_v01' retrieved from /opt/airflow/dags/4-catchup-and-backfill.py
[2024-11-17T17:27:55.410+0000] {logging_mixin.py:190} INFO - [2024-11-17T17:27:55.410+0000] {dag.py:3239} INFO - Sync 1 DAGs
[2024-11-17T17:27:55.448+0000] {logging_mixin.py:190} INFO - [2024-11-17T17:27:55.448+0000] {dag.py:4180} INFO - Setting next_dagrun for dag_with_catchup_and_backfill_v01 to 2024-09-27 00:00:00+00:00, run_after=2024-09-28 00:00:00+00:00
[2024-11-17T17:27:55.481+0000] {processor.py:208} INFO - Processing /opt/airflow/dags/4-catchup-and-backfill.py took 0.172 seconds
[2024-11-17T17:28:26.516+0000] {processor.py:186} INFO - Started process (PID=769) to work on /opt/airflow/dags/4-catchup-and-backfill.py
[2024-11-17T17:28:26.519+0000] {processor.py:914} INFO - Processing file /opt/airflow/dags/4-catchup-and-backfill.py for tasks to queue
[2024-11-17T17:28:26.523+0000] {logging_mixin.py:190} INFO - [2024-11-17T17:28:26.522+0000] {dagbag.py:588} INFO - Filling up the DagBag from /opt/airflow/dags/4-catchup-and-backfill.py
[2024-11-17T17:28:26.543+0000] {processor.py:925} INFO - DAG(s) 'dag_with_catchup_and_backfill_v01' retrieved from /opt/airflow/dags/4-catchup-and-backfill.py
[2024-11-17T17:28:26.583+0000] {logging_mixin.py:190} INFO - [2024-11-17T17:28:26.583+0000] {dag.py:3239} INFO - Sync 1 DAGs
[2024-11-17T17:28:26.610+0000] {logging_mixin.py:190} INFO - [2024-11-17T17:28:26.609+0000] {dag.py:4180} INFO - Setting next_dagrun for dag_with_catchup_and_backfill_v01 to 2024-09-27 00:00:00+00:00, run_after=2024-09-28 00:00:00+00:00
[2024-11-17T17:28:26.637+0000] {processor.py:208} INFO - Processing /opt/airflow/dags/4-catchup-and-backfill.py took 0.132 seconds
[2024-11-17T17:28:57.698+0000] {processor.py:186} INFO - Started process (PID=810) to work on /opt/airflow/dags/4-catchup-and-backfill.py
[2024-11-17T17:28:57.700+0000] {processor.py:914} INFO - Processing file /opt/airflow/dags/4-catchup-and-backfill.py for tasks to queue
[2024-11-17T17:28:57.705+0000] {logging_mixin.py:190} INFO - [2024-11-17T17:28:57.704+0000] {dagbag.py:588} INFO - Filling up the DagBag from /opt/airflow/dags/4-catchup-and-backfill.py
[2024-11-17T17:28:57.721+0000] {processor.py:925} INFO - DAG(s) 'dag_with_catchup_and_backfill_v01' retrieved from /opt/airflow/dags/4-catchup-and-backfill.py
[2024-11-17T17:28:57.759+0000] {logging_mixin.py:190} INFO - [2024-11-17T17:28:57.758+0000] {dag.py:3239} INFO - Sync 1 DAGs
[2024-11-17T17:28:57.789+0000] {logging_mixin.py:190} INFO - [2024-11-17T17:28:57.788+0000] {dag.py:4180} INFO - Setting next_dagrun for dag_with_catchup_and_backfill_v01 to 2024-09-27 00:00:00+00:00, run_after=2024-09-28 00:00:00+00:00
[2024-11-17T17:28:57.816+0000] {processor.py:208} INFO - Processing /opt/airflow/dags/4-catchup-and-backfill.py took 0.124 seconds
[2024-11-17T17:29:28.513+0000] {processor.py:186} INFO - Started process (PID=851) to work on /opt/airflow/dags/4-catchup-and-backfill.py
[2024-11-17T17:29:28.515+0000] {processor.py:914} INFO - Processing file /opt/airflow/dags/4-catchup-and-backfill.py for tasks to queue
[2024-11-17T17:29:28.518+0000] {logging_mixin.py:190} INFO - [2024-11-17T17:29:28.518+0000] {dagbag.py:588} INFO - Filling up the DagBag from /opt/airflow/dags/4-catchup-and-backfill.py
[2024-11-17T17:29:28.534+0000] {processor.py:925} INFO - DAG(s) 'dag_with_catchup_and_backfill_v01' retrieved from /opt/airflow/dags/4-catchup-and-backfill.py
[2024-11-17T17:29:28.572+0000] {logging_mixin.py:190} INFO - [2024-11-17T17:29:28.571+0000] {dag.py:3239} INFO - Sync 1 DAGs
[2024-11-17T17:29:28.601+0000] {logging_mixin.py:190} INFO - [2024-11-17T17:29:28.600+0000] {dag.py:4180} INFO - Setting next_dagrun for dag_with_catchup_and_backfill_v01 to 2024-09-27 00:00:00+00:00, run_after=2024-09-28 00:00:00+00:00
[2024-11-17T17:29:28.626+0000] {processor.py:208} INFO - Processing /opt/airflow/dags/4-catchup-and-backfill.py took 0.120 seconds
[2024-11-17T17:29:59.443+0000] {processor.py:186} INFO - Started process (PID=892) to work on /opt/airflow/dags/4-catchup-and-backfill.py
[2024-11-17T17:29:59.445+0000] {processor.py:914} INFO - Processing file /opt/airflow/dags/4-catchup-and-backfill.py for tasks to queue
[2024-11-17T17:29:59.448+0000] {logging_mixin.py:190} INFO - [2024-11-17T17:29:59.447+0000] {dagbag.py:588} INFO - Filling up the DagBag from /opt/airflow/dags/4-catchup-and-backfill.py
[2024-11-17T17:29:59.463+0000] {processor.py:925} INFO - DAG(s) 'dag_with_catchup_and_backfill_v01' retrieved from /opt/airflow/dags/4-catchup-and-backfill.py
[2024-11-17T17:29:59.500+0000] {logging_mixin.py:190} INFO - [2024-11-17T17:29:59.499+0000] {dag.py:3239} INFO - Sync 1 DAGs
[2024-11-17T17:29:59.530+0000] {logging_mixin.py:190} INFO - [2024-11-17T17:29:59.530+0000] {dag.py:4180} INFO - Setting next_dagrun for dag_with_catchup_and_backfill_v01 to 2024-09-27 00:00:00+00:00, run_after=2024-09-28 00:00:00+00:00
[2024-11-17T17:29:59.558+0000] {processor.py:208} INFO - Processing /opt/airflow/dags/4-catchup-and-backfill.py took 0.122 seconds
[2024-11-17T17:30:30.418+0000] {processor.py:186} INFO - Started process (PID=932) to work on /opt/airflow/dags/4-catchup-and-backfill.py
[2024-11-17T17:30:30.420+0000] {processor.py:914} INFO - Processing file /opt/airflow/dags/4-catchup-and-backfill.py for tasks to queue
[2024-11-17T17:30:30.424+0000] {logging_mixin.py:190} INFO - [2024-11-17T17:30:30.423+0000] {dagbag.py:588} INFO - Filling up the DagBag from /opt/airflow/dags/4-catchup-and-backfill.py
[2024-11-17T17:30:30.443+0000] {processor.py:925} INFO - DAG(s) 'dag_with_catchup_and_backfill_v01' retrieved from /opt/airflow/dags/4-catchup-and-backfill.py
[2024-11-17T17:30:30.485+0000] {logging_mixin.py:190} INFO - [2024-11-17T17:30:30.484+0000] {dag.py:3239} INFO - Sync 1 DAGs
[2024-11-17T17:30:30.518+0000] {logging_mixin.py:190} INFO - [2024-11-17T17:30:30.517+0000] {dag.py:4180} INFO - Setting next_dagrun for dag_with_catchup_and_backfill_v01 to 2024-09-27 00:00:00+00:00, run_after=2024-09-28 00:00:00+00:00
[2024-11-17T17:30:30.551+0000] {processor.py:208} INFO - Processing /opt/airflow/dags/4-catchup-and-backfill.py took 0.141 seconds
[2024-11-17T17:31:01.237+0000] {processor.py:186} INFO - Started process (PID=974) to work on /opt/airflow/dags/4-catchup-and-backfill.py
[2024-11-17T17:31:01.240+0000] {processor.py:914} INFO - Processing file /opt/airflow/dags/4-catchup-and-backfill.py for tasks to queue
[2024-11-17T17:31:01.245+0000] {logging_mixin.py:190} INFO - [2024-11-17T17:31:01.244+0000] {dagbag.py:588} INFO - Filling up the DagBag from /opt/airflow/dags/4-catchup-and-backfill.py
[2024-11-17T17:31:01.263+0000] {processor.py:925} INFO - DAG(s) 'dag_with_catchup_and_backfill_v01' retrieved from /opt/airflow/dags/4-catchup-and-backfill.py
[2024-11-17T17:31:01.307+0000] {logging_mixin.py:190} INFO - [2024-11-17T17:31:01.307+0000] {dag.py:3239} INFO - Sync 1 DAGs
[2024-11-17T17:31:01.348+0000] {logging_mixin.py:190} INFO - [2024-11-17T17:31:01.348+0000] {dag.py:4180} INFO - Setting next_dagrun for dag_with_catchup_and_backfill_v01 to 2024-09-27 00:00:00+00:00, run_after=2024-09-28 00:00:00+00:00
[2024-11-17T17:31:01.382+0000] {processor.py:208} INFO - Processing /opt/airflow/dags/4-catchup-and-backfill.py took 0.158 seconds
[2024-11-17T17:31:31.924+0000] {processor.py:186} INFO - Started process (PID=1015) to work on /opt/airflow/dags/4-catchup-and-backfill.py
[2024-11-17T17:31:31.926+0000] {processor.py:914} INFO - Processing file /opt/airflow/dags/4-catchup-and-backfill.py for tasks to queue
[2024-11-17T17:31:31.929+0000] {logging_mixin.py:190} INFO - [2024-11-17T17:31:31.929+0000] {dagbag.py:588} INFO - Filling up the DagBag from /opt/airflow/dags/4-catchup-and-backfill.py
[2024-11-17T17:31:31.946+0000] {processor.py:925} INFO - DAG(s) 'dag_with_catchup_and_backfill_v01' retrieved from /opt/airflow/dags/4-catchup-and-backfill.py
[2024-11-17T17:31:31.982+0000] {logging_mixin.py:190} INFO - [2024-11-17T17:31:31.981+0000] {dag.py:3239} INFO - Sync 1 DAGs
[2024-11-17T17:31:32.013+0000] {logging_mixin.py:190} INFO - [2024-11-17T17:31:32.012+0000] {dag.py:4180} INFO - Setting next_dagrun for dag_with_catchup_and_backfill_v01 to 2024-09-27 00:00:00+00:00, run_after=2024-09-28 00:00:00+00:00
[2024-11-17T17:31:32.043+0000] {processor.py:208} INFO - Processing /opt/airflow/dags/4-catchup-and-backfill.py took 0.127 seconds
[2024-11-17T17:32:02.347+0000] {processor.py:186} INFO - Started process (PID=1056) to work on /opt/airflow/dags/4-catchup-and-backfill.py
[2024-11-17T17:32:02.349+0000] {processor.py:914} INFO - Processing file /opt/airflow/dags/4-catchup-and-backfill.py for tasks to queue
[2024-11-17T17:32:02.355+0000] {logging_mixin.py:190} INFO - [2024-11-17T17:32:02.355+0000] {dagbag.py:588} INFO - Filling up the DagBag from /opt/airflow/dags/4-catchup-and-backfill.py
[2024-11-17T17:32:02.373+0000] {processor.py:925} INFO - DAG(s) 'dag_with_catchup_and_backfill_v01' retrieved from /opt/airflow/dags/4-catchup-and-backfill.py
[2024-11-17T17:32:02.416+0000] {logging_mixin.py:190} INFO - [2024-11-17T17:32:02.416+0000] {dag.py:3239} INFO - Sync 1 DAGs
[2024-11-17T17:32:02.446+0000] {logging_mixin.py:190} INFO - [2024-11-17T17:32:02.446+0000] {dag.py:4180} INFO - Setting next_dagrun for dag_with_catchup_and_backfill_v01 to 2024-09-27 00:00:00+00:00, run_after=2024-09-28 00:00:00+00:00
[2024-11-17T17:32:02.474+0000] {processor.py:208} INFO - Processing /opt/airflow/dags/4-catchup-and-backfill.py took 0.139 seconds
[2024-11-17T17:32:32.549+0000] {processor.py:186} INFO - Started process (PID=1097) to work on /opt/airflow/dags/4-catchup-and-backfill.py
[2024-11-17T17:32:32.551+0000] {processor.py:914} INFO - Processing file /opt/airflow/dags/4-catchup-and-backfill.py for tasks to queue
[2024-11-17T17:32:32.555+0000] {logging_mixin.py:190} INFO - [2024-11-17T17:32:32.554+0000] {dagbag.py:588} INFO - Filling up the DagBag from /opt/airflow/dags/4-catchup-and-backfill.py
[2024-11-17T17:32:32.571+0000] {processor.py:925} INFO - DAG(s) 'dag_with_catchup_and_backfill_v01' retrieved from /opt/airflow/dags/4-catchup-and-backfill.py
[2024-11-17T17:32:32.609+0000] {logging_mixin.py:190} INFO - [2024-11-17T17:32:32.608+0000] {dag.py:3239} INFO - Sync 1 DAGs
[2024-11-17T17:32:32.637+0000] {logging_mixin.py:190} INFO - [2024-11-17T17:32:32.636+0000] {dag.py:4180} INFO - Setting next_dagrun for dag_with_catchup_and_backfill_v01 to 2024-09-27 00:00:00+00:00, run_after=2024-09-28 00:00:00+00:00
[2024-11-17T17:32:32.665+0000] {processor.py:208} INFO - Processing /opt/airflow/dags/4-catchup-and-backfill.py took 0.125 seconds
[2024-11-17T17:33:03.695+0000] {processor.py:186} INFO - Started process (PID=1138) to work on /opt/airflow/dags/4-catchup-and-backfill.py
[2024-11-17T17:33:03.697+0000] {processor.py:914} INFO - Processing file /opt/airflow/dags/4-catchup-and-backfill.py for tasks to queue
[2024-11-17T17:33:03.701+0000] {logging_mixin.py:190} INFO - [2024-11-17T17:33:03.700+0000] {dagbag.py:588} INFO - Filling up the DagBag from /opt/airflow/dags/4-catchup-and-backfill.py
[2024-11-17T17:33:03.716+0000] {processor.py:925} INFO - DAG(s) 'dag_with_catchup_and_backfill_v01' retrieved from /opt/airflow/dags/4-catchup-and-backfill.py
[2024-11-17T17:33:03.759+0000] {logging_mixin.py:190} INFO - [2024-11-17T17:33:03.759+0000] {dag.py:3239} INFO - Sync 1 DAGs
[2024-11-17T17:33:03.787+0000] {logging_mixin.py:190} INFO - [2024-11-17T17:33:03.787+0000] {dag.py:4180} INFO - Setting next_dagrun for dag_with_catchup_and_backfill_v01 to 2024-09-27 00:00:00+00:00, run_after=2024-09-28 00:00:00+00:00
[2024-11-17T17:33:03.810+0000] {processor.py:208} INFO - Processing /opt/airflow/dags/4-catchup-and-backfill.py took 0.123 seconds
[2024-11-17T17:33:34.531+0000] {processor.py:186} INFO - Started process (PID=1179) to work on /opt/airflow/dags/4-catchup-and-backfill.py
[2024-11-17T17:33:34.533+0000] {processor.py:914} INFO - Processing file /opt/airflow/dags/4-catchup-and-backfill.py for tasks to queue
[2024-11-17T17:33:34.536+0000] {logging_mixin.py:190} INFO - [2024-11-17T17:33:34.536+0000] {dagbag.py:588} INFO - Filling up the DagBag from /opt/airflow/dags/4-catchup-and-backfill.py
[2024-11-17T17:33:34.551+0000] {processor.py:925} INFO - DAG(s) 'dag_with_catchup_and_backfill_v01' retrieved from /opt/airflow/dags/4-catchup-and-backfill.py
[2024-11-17T17:33:34.585+0000] {logging_mixin.py:190} INFO - [2024-11-17T17:33:34.585+0000] {dag.py:3239} INFO - Sync 1 DAGs
[2024-11-17T17:33:34.614+0000] {logging_mixin.py:190} INFO - [2024-11-17T17:33:34.614+0000] {dag.py:4180} INFO - Setting next_dagrun for dag_with_catchup_and_backfill_v01 to 2024-09-27 00:00:00+00:00, run_after=2024-09-28 00:00:00+00:00
[2024-11-17T17:33:34.639+0000] {processor.py:208} INFO - Processing /opt/airflow/dags/4-catchup-and-backfill.py took 0.115 seconds
[2024-11-17T17:34:05.335+0000] {processor.py:186} INFO - Started process (PID=1219) to work on /opt/airflow/dags/4-catchup-and-backfill.py
[2024-11-17T17:34:05.337+0000] {processor.py:914} INFO - Processing file /opt/airflow/dags/4-catchup-and-backfill.py for tasks to queue
[2024-11-17T17:34:05.341+0000] {logging_mixin.py:190} INFO - [2024-11-17T17:34:05.340+0000] {dagbag.py:588} INFO - Filling up the DagBag from /opt/airflow/dags/4-catchup-and-backfill.py
[2024-11-17T17:34:05.355+0000] {processor.py:925} INFO - DAG(s) 'dag_with_catchup_and_backfill_v01' retrieved from /opt/airflow/dags/4-catchup-and-backfill.py
[2024-11-17T17:34:05.391+0000] {logging_mixin.py:190} INFO - [2024-11-17T17:34:05.390+0000] {dag.py:3239} INFO - Sync 1 DAGs
[2024-11-17T17:34:05.416+0000] {logging_mixin.py:190} INFO - [2024-11-17T17:34:05.416+0000] {dag.py:4180} INFO - Setting next_dagrun for dag_with_catchup_and_backfill_v01 to 2024-09-27 00:00:00+00:00, run_after=2024-09-28 00:00:00+00:00
[2024-11-17T17:34:05.438+0000] {processor.py:208} INFO - Processing /opt/airflow/dags/4-catchup-and-backfill.py took 0.112 seconds
[2024-11-17T17:34:36.073+0000] {processor.py:186} INFO - Started process (PID=1260) to work on /opt/airflow/dags/4-catchup-and-backfill.py
[2024-11-17T17:34:36.074+0000] {processor.py:914} INFO - Processing file /opt/airflow/dags/4-catchup-and-backfill.py for tasks to queue
[2024-11-17T17:34:36.077+0000] {logging_mixin.py:190} INFO - [2024-11-17T17:34:36.077+0000] {dagbag.py:588} INFO - Filling up the DagBag from /opt/airflow/dags/4-catchup-and-backfill.py
[2024-11-17T17:34:36.093+0000] {processor.py:925} INFO - DAG(s) 'dag_with_catchup_and_backfill_v01' retrieved from /opt/airflow/dags/4-catchup-and-backfill.py
[2024-11-17T17:34:36.136+0000] {logging_mixin.py:190} INFO - [2024-11-17T17:34:36.136+0000] {dag.py:3239} INFO - Sync 1 DAGs
[2024-11-17T17:34:36.166+0000] {logging_mixin.py:190} INFO - [2024-11-17T17:34:36.165+0000] {dag.py:4180} INFO - Setting next_dagrun for dag_with_catchup_and_backfill_v01 to 2024-09-27 00:00:00+00:00, run_after=2024-09-28 00:00:00+00:00
[2024-11-17T17:34:36.189+0000] {processor.py:208} INFO - Processing /opt/airflow/dags/4-catchup-and-backfill.py took 0.123 seconds
[2024-11-17T17:35:06.887+0000] {processor.py:186} INFO - Started process (PID=1301) to work on /opt/airflow/dags/4-catchup-and-backfill.py
[2024-11-17T17:35:06.889+0000] {processor.py:914} INFO - Processing file /opt/airflow/dags/4-catchup-and-backfill.py for tasks to queue
[2024-11-17T17:35:06.893+0000] {logging_mixin.py:190} INFO - [2024-11-17T17:35:06.892+0000] {dagbag.py:588} INFO - Filling up the DagBag from /opt/airflow/dags/4-catchup-and-backfill.py
[2024-11-17T17:35:06.909+0000] {processor.py:925} INFO - DAG(s) 'dag_with_catchup_and_backfill_v01' retrieved from /opt/airflow/dags/4-catchup-and-backfill.py
[2024-11-17T17:35:06.945+0000] {logging_mixin.py:190} INFO - [2024-11-17T17:35:06.945+0000] {dag.py:3239} INFO - Sync 1 DAGs
[2024-11-17T17:35:06.971+0000] {logging_mixin.py:190} INFO - [2024-11-17T17:35:06.970+0000] {dag.py:4180} INFO - Setting next_dagrun for dag_with_catchup_and_backfill_v01 to 2024-09-27 00:00:00+00:00, run_after=2024-09-28 00:00:00+00:00
[2024-11-17T17:35:06.994+0000] {processor.py:208} INFO - Processing /opt/airflow/dags/4-catchup-and-backfill.py took 0.115 seconds
[2024-11-17T17:35:37.967+0000] {processor.py:186} INFO - Started process (PID=1342) to work on /opt/airflow/dags/4-catchup-and-backfill.py
[2024-11-17T17:35:37.970+0000] {processor.py:914} INFO - Processing file /opt/airflow/dags/4-catchup-and-backfill.py for tasks to queue
[2024-11-17T17:35:37.973+0000] {logging_mixin.py:190} INFO - [2024-11-17T17:35:37.972+0000] {dagbag.py:588} INFO - Filling up the DagBag from /opt/airflow/dags/4-catchup-and-backfill.py
[2024-11-17T17:35:37.989+0000] {processor.py:925} INFO - DAG(s) 'dag_with_catchup_and_backfill_v01' retrieved from /opt/airflow/dags/4-catchup-and-backfill.py
[2024-11-17T17:35:38.028+0000] {logging_mixin.py:190} INFO - [2024-11-17T17:35:38.027+0000] {dag.py:3239} INFO - Sync 1 DAGs
[2024-11-17T17:35:38.055+0000] {logging_mixin.py:190} INFO - [2024-11-17T17:35:38.055+0000] {dag.py:4180} INFO - Setting next_dagrun for dag_with_catchup_and_backfill_v01 to 2024-09-27 00:00:00+00:00, run_after=2024-09-28 00:00:00+00:00
[2024-11-17T17:35:38.077+0000] {processor.py:208} INFO - Processing /opt/airflow/dags/4-catchup-and-backfill.py took 0.119 seconds
[2024-11-17T17:36:08.809+0000] {processor.py:186} INFO - Started process (PID=1383) to work on /opt/airflow/dags/4-catchup-and-backfill.py
[2024-11-17T17:36:08.810+0000] {processor.py:914} INFO - Processing file /opt/airflow/dags/4-catchup-and-backfill.py for tasks to queue
[2024-11-17T17:36:08.813+0000] {logging_mixin.py:190} INFO - [2024-11-17T17:36:08.813+0000] {dagbag.py:588} INFO - Filling up the DagBag from /opt/airflow/dags/4-catchup-and-backfill.py
[2024-11-17T17:36:08.828+0000] {processor.py:925} INFO - DAG(s) 'dag_with_catchup_and_backfill_v01' retrieved from /opt/airflow/dags/4-catchup-and-backfill.py
[2024-11-17T17:36:08.862+0000] {logging_mixin.py:190} INFO - [2024-11-17T17:36:08.861+0000] {dag.py:3239} INFO - Sync 1 DAGs
[2024-11-17T17:36:08.887+0000] {logging_mixin.py:190} INFO - [2024-11-17T17:36:08.886+0000] {dag.py:4180} INFO - Setting next_dagrun for dag_with_catchup_and_backfill_v01 to 2024-09-27 00:00:00+00:00, run_after=2024-09-28 00:00:00+00:00
[2024-11-17T17:36:08.907+0000] {processor.py:208} INFO - Processing /opt/airflow/dags/4-catchup-and-backfill.py took 0.106 seconds
[2024-11-17T17:36:39.638+0000] {processor.py:186} INFO - Started process (PID=1424) to work on /opt/airflow/dags/4-catchup-and-backfill.py
[2024-11-17T17:36:39.639+0000] {processor.py:914} INFO - Processing file /opt/airflow/dags/4-catchup-and-backfill.py for tasks to queue
[2024-11-17T17:36:39.643+0000] {logging_mixin.py:190} INFO - [2024-11-17T17:36:39.643+0000] {dagbag.py:588} INFO - Filling up the DagBag from /opt/airflow/dags/4-catchup-and-backfill.py
[2024-11-17T17:36:39.660+0000] {processor.py:925} INFO - DAG(s) 'dag_with_catchup_and_backfill_v01' retrieved from /opt/airflow/dags/4-catchup-and-backfill.py
[2024-11-17T17:36:39.696+0000] {logging_mixin.py:190} INFO - [2024-11-17T17:36:39.695+0000] {dag.py:3239} INFO - Sync 1 DAGs
[2024-11-17T17:36:39.726+0000] {logging_mixin.py:190} INFO - [2024-11-17T17:36:39.726+0000] {dag.py:4180} INFO - Setting next_dagrun for dag_with_catchup_and_backfill_v01 to 2024-09-27 00:00:00+00:00, run_after=2024-09-28 00:00:00+00:00
[2024-11-17T17:36:39.760+0000] {processor.py:208} INFO - Processing /opt/airflow/dags/4-catchup-and-backfill.py took 0.129 seconds
[2024-11-17T17:37:09.920+0000] {processor.py:186} INFO - Started process (PID=1465) to work on /opt/airflow/dags/4-catchup-and-backfill.py
[2024-11-17T17:37:09.921+0000] {processor.py:914} INFO - Processing file /opt/airflow/dags/4-catchup-and-backfill.py for tasks to queue
[2024-11-17T17:37:09.924+0000] {logging_mixin.py:190} INFO - [2024-11-17T17:37:09.924+0000] {dagbag.py:588} INFO - Filling up the DagBag from /opt/airflow/dags/4-catchup-and-backfill.py
[2024-11-17T17:37:09.942+0000] {processor.py:925} INFO - DAG(s) 'dag_with_catchup_and_backfill_v01' retrieved from /opt/airflow/dags/4-catchup-and-backfill.py
[2024-11-17T17:37:09.980+0000] {logging_mixin.py:190} INFO - [2024-11-17T17:37:09.980+0000] {dag.py:3239} INFO - Sync 1 DAGs
[2024-11-17T17:37:10.010+0000] {logging_mixin.py:190} INFO - [2024-11-17T17:37:10.010+0000] {dag.py:4180} INFO - Setting next_dagrun for dag_with_catchup_and_backfill_v01 to 2024-09-27 00:00:00+00:00, run_after=2024-09-28 00:00:00+00:00
[2024-11-17T17:37:10.038+0000] {processor.py:208} INFO - Processing /opt/airflow/dags/4-catchup-and-backfill.py took 0.126 seconds
[2024-11-17T17:37:40.140+0000] {processor.py:186} INFO - Started process (PID=1506) to work on /opt/airflow/dags/4-catchup-and-backfill.py
[2024-11-17T17:37:40.142+0000] {processor.py:914} INFO - Processing file /opt/airflow/dags/4-catchup-and-backfill.py for tasks to queue
[2024-11-17T17:37:40.145+0000] {logging_mixin.py:190} INFO - [2024-11-17T17:37:40.144+0000] {dagbag.py:588} INFO - Filling up the DagBag from /opt/airflow/dags/4-catchup-and-backfill.py
[2024-11-17T17:37:40.160+0000] {processor.py:925} INFO - DAG(s) 'dag_with_catchup_and_backfill_v01' retrieved from /opt/airflow/dags/4-catchup-and-backfill.py
[2024-11-17T17:37:40.198+0000] {logging_mixin.py:190} INFO - [2024-11-17T17:37:40.197+0000] {dag.py:3239} INFO - Sync 1 DAGs
[2024-11-17T17:37:40.225+0000] {logging_mixin.py:190} INFO - [2024-11-17T17:37:40.225+0000] {dag.py:4180} INFO - Setting next_dagrun for dag_with_catchup_and_backfill_v01 to 2024-09-27 00:00:00+00:00, run_after=2024-09-28 00:00:00+00:00
[2024-11-17T17:37:40.252+0000] {processor.py:208} INFO - Processing /opt/airflow/dags/4-catchup-and-backfill.py took 0.119 seconds
[2024-11-17T17:38:11.126+0000] {processor.py:186} INFO - Started process (PID=1547) to work on /opt/airflow/dags/4-catchup-and-backfill.py
[2024-11-17T17:38:11.128+0000] {processor.py:914} INFO - Processing file /opt/airflow/dags/4-catchup-and-backfill.py for tasks to queue
[2024-11-17T17:38:11.133+0000] {logging_mixin.py:190} INFO - [2024-11-17T17:38:11.133+0000] {dagbag.py:588} INFO - Filling up the DagBag from /opt/airflow/dags/4-catchup-and-backfill.py
[2024-11-17T17:38:11.149+0000] {processor.py:925} INFO - DAG(s) 'dag_with_catchup_and_backfill_v01' retrieved from /opt/airflow/dags/4-catchup-and-backfill.py
[2024-11-17T17:38:11.194+0000] {logging_mixin.py:190} INFO - [2024-11-17T17:38:11.193+0000] {dag.py:3239} INFO - Sync 1 DAGs
[2024-11-17T17:38:11.225+0000] {logging_mixin.py:190} INFO - [2024-11-17T17:38:11.225+0000] {dag.py:4180} INFO - Setting next_dagrun for dag_with_catchup_and_backfill_v01 to 2024-09-27 00:00:00+00:00, run_after=2024-09-28 00:00:00+00:00
[2024-11-17T17:38:11.262+0000] {processor.py:208} INFO - Processing /opt/airflow/dags/4-catchup-and-backfill.py took 0.143 seconds
[2024-11-17T17:38:42.047+0000] {processor.py:186} INFO - Started process (PID=1588) to work on /opt/airflow/dags/4-catchup-and-backfill.py
[2024-11-17T17:38:42.048+0000] {processor.py:914} INFO - Processing file /opt/airflow/dags/4-catchup-and-backfill.py for tasks to queue
[2024-11-17T17:38:42.052+0000] {logging_mixin.py:190} INFO - [2024-11-17T17:38:42.052+0000] {dagbag.py:588} INFO - Filling up the DagBag from /opt/airflow/dags/4-catchup-and-backfill.py
[2024-11-17T17:38:42.067+0000] {processor.py:925} INFO - DAG(s) 'dag_with_catchup_and_backfill_v01' retrieved from /opt/airflow/dags/4-catchup-and-backfill.py
[2024-11-17T17:38:42.101+0000] {logging_mixin.py:190} INFO - [2024-11-17T17:38:42.101+0000] {dag.py:3239} INFO - Sync 1 DAGs
[2024-11-17T17:38:42.128+0000] {logging_mixin.py:190} INFO - [2024-11-17T17:38:42.128+0000] {dag.py:4180} INFO - Setting next_dagrun for dag_with_catchup_and_backfill_v01 to 2024-09-27 00:00:00+00:00, run_after=2024-09-28 00:00:00+00:00
[2024-11-17T17:38:42.153+0000] {processor.py:208} INFO - Processing /opt/airflow/dags/4-catchup-and-backfill.py took 0.113 seconds
[2024-11-17T17:39:12.930+0000] {processor.py:186} INFO - Started process (PID=1629) to work on /opt/airflow/dags/4-catchup-and-backfill.py
[2024-11-17T17:39:12.932+0000] {processor.py:914} INFO - Processing file /opt/airflow/dags/4-catchup-and-backfill.py for tasks to queue
[2024-11-17T17:39:12.936+0000] {logging_mixin.py:190} INFO - [2024-11-17T17:39:12.936+0000] {dagbag.py:588} INFO - Filling up the DagBag from /opt/airflow/dags/4-catchup-and-backfill.py
[2024-11-17T17:39:12.956+0000] {processor.py:925} INFO - DAG(s) 'dag_with_catchup_and_backfill_v01' retrieved from /opt/airflow/dags/4-catchup-and-backfill.py
[2024-11-17T17:39:13.028+0000] {logging_mixin.py:190} INFO - [2024-11-17T17:39:13.027+0000] {dag.py:3239} INFO - Sync 1 DAGs
[2024-11-17T17:39:13.066+0000] {logging_mixin.py:190} INFO - [2024-11-17T17:39:13.066+0000] {dag.py:4180} INFO - Setting next_dagrun for dag_with_catchup_and_backfill_v01 to 2024-09-27 00:00:00+00:00, run_after=2024-09-28 00:00:00+00:00
[2024-11-17T17:39:13.094+0000] {processor.py:208} INFO - Processing /opt/airflow/dags/4-catchup-and-backfill.py took 0.174 seconds
[2024-11-17T17:39:43.898+0000] {processor.py:186} INFO - Started process (PID=1670) to work on /opt/airflow/dags/4-catchup-and-backfill.py
[2024-11-17T17:39:43.900+0000] {processor.py:914} INFO - Processing file /opt/airflow/dags/4-catchup-and-backfill.py for tasks to queue
[2024-11-17T17:39:43.904+0000] {logging_mixin.py:190} INFO - [2024-11-17T17:39:43.904+0000] {dagbag.py:588} INFO - Filling up the DagBag from /opt/airflow/dags/4-catchup-and-backfill.py
[2024-11-17T17:39:43.920+0000] {processor.py:925} INFO - DAG(s) 'dag_with_catchup_and_backfill_v01' retrieved from /opt/airflow/dags/4-catchup-and-backfill.py
[2024-11-17T17:39:43.958+0000] {logging_mixin.py:190} INFO - [2024-11-17T17:39:43.957+0000] {dag.py:3239} INFO - Sync 1 DAGs
[2024-11-17T17:39:43.985+0000] {logging_mixin.py:190} INFO - [2024-11-17T17:39:43.985+0000] {dag.py:4180} INFO - Setting next_dagrun for dag_with_catchup_and_backfill_v01 to 2024-09-27 00:00:00+00:00, run_after=2024-09-28 00:00:00+00:00
[2024-11-17T17:39:44.010+0000] {processor.py:208} INFO - Processing /opt/airflow/dags/4-catchup-and-backfill.py took 0.120 seconds
[2024-11-17T17:40:14.703+0000] {processor.py:186} INFO - Started process (PID=1711) to work on /opt/airflow/dags/4-catchup-and-backfill.py
[2024-11-17T17:40:14.705+0000] {processor.py:914} INFO - Processing file /opt/airflow/dags/4-catchup-and-backfill.py for tasks to queue
[2024-11-17T17:40:14.708+0000] {logging_mixin.py:190} INFO - [2024-11-17T17:40:14.708+0000] {dagbag.py:588} INFO - Filling up the DagBag from /opt/airflow/dags/4-catchup-and-backfill.py
[2024-11-17T17:40:14.723+0000] {processor.py:925} INFO - DAG(s) 'dag_with_catchup_and_backfill_v01' retrieved from /opt/airflow/dags/4-catchup-and-backfill.py
[2024-11-17T17:40:14.760+0000] {logging_mixin.py:190} INFO - [2024-11-17T17:40:14.759+0000] {dag.py:3239} INFO - Sync 1 DAGs
[2024-11-17T17:40:14.790+0000] {logging_mixin.py:190} INFO - [2024-11-17T17:40:14.790+0000] {dag.py:4180} INFO - Setting next_dagrun for dag_with_catchup_and_backfill_v01 to 2024-09-27 00:00:00+00:00, run_after=2024-09-28 00:00:00+00:00
[2024-11-17T17:40:14.819+0000] {processor.py:208} INFO - Processing /opt/airflow/dags/4-catchup-and-backfill.py took 0.123 seconds
[2024-11-17T17:40:45.452+0000] {processor.py:186} INFO - Started process (PID=1752) to work on /opt/airflow/dags/4-catchup-and-backfill.py
[2024-11-17T17:40:45.454+0000] {processor.py:914} INFO - Processing file /opt/airflow/dags/4-catchup-and-backfill.py for tasks to queue
[2024-11-17T17:40:45.457+0000] {logging_mixin.py:190} INFO - [2024-11-17T17:40:45.456+0000] {dagbag.py:588} INFO - Filling up the DagBag from /opt/airflow/dags/4-catchup-and-backfill.py
[2024-11-17T17:40:45.472+0000] {processor.py:925} INFO - DAG(s) 'dag_with_catchup_and_backfill_v01' retrieved from /opt/airflow/dags/4-catchup-and-backfill.py
[2024-11-17T17:40:45.508+0000] {logging_mixin.py:190} INFO - [2024-11-17T17:40:45.508+0000] {dag.py:3239} INFO - Sync 1 DAGs
[2024-11-17T17:40:45.540+0000] {logging_mixin.py:190} INFO - [2024-11-17T17:40:45.540+0000] {dag.py:4180} INFO - Setting next_dagrun for dag_with_catchup_and_backfill_v01 to 2024-09-27 00:00:00+00:00, run_after=2024-09-28 00:00:00+00:00
[2024-11-17T17:40:45.565+0000] {processor.py:208} INFO - Processing /opt/airflow/dags/4-catchup-and-backfill.py took 0.120 seconds
[2024-11-17T17:41:16.530+0000] {processor.py:186} INFO - Started process (PID=1793) to work on /opt/airflow/dags/4-catchup-and-backfill.py
[2024-11-17T17:41:16.532+0000] {processor.py:914} INFO - Processing file /opt/airflow/dags/4-catchup-and-backfill.py for tasks to queue
[2024-11-17T17:41:16.536+0000] {logging_mixin.py:190} INFO - [2024-11-17T17:41:16.535+0000] {dagbag.py:588} INFO - Filling up the DagBag from /opt/airflow/dags/4-catchup-and-backfill.py
[2024-11-17T17:41:16.553+0000] {processor.py:925} INFO - DAG(s) 'dag_with_catchup_and_backfill_v01' retrieved from /opt/airflow/dags/4-catchup-and-backfill.py
[2024-11-17T17:41:16.587+0000] {logging_mixin.py:190} INFO - [2024-11-17T17:41:16.587+0000] {dag.py:3239} INFO - Sync 1 DAGs
[2024-11-17T17:41:16.613+0000] {logging_mixin.py:190} INFO - [2024-11-17T17:41:16.613+0000] {dag.py:4180} INFO - Setting next_dagrun for dag_with_catchup_and_backfill_v01 to 2024-09-27 00:00:00+00:00, run_after=2024-09-28 00:00:00+00:00
[2024-11-17T17:41:16.637+0000] {processor.py:208} INFO - Processing /opt/airflow/dags/4-catchup-and-backfill.py took 0.116 seconds
[2024-11-17T17:41:47.575+0000] {processor.py:186} INFO - Started process (PID=1834) to work on /opt/airflow/dags/4-catchup-and-backfill.py
[2024-11-17T17:41:47.578+0000] {processor.py:914} INFO - Processing file /opt/airflow/dags/4-catchup-and-backfill.py for tasks to queue
[2024-11-17T17:41:47.582+0000] {logging_mixin.py:190} INFO - [2024-11-17T17:41:47.581+0000] {dagbag.py:588} INFO - Filling up the DagBag from /opt/airflow/dags/4-catchup-and-backfill.py
[2024-11-17T17:41:47.605+0000] {processor.py:925} INFO - DAG(s) 'dag_with_catchup_and_backfill_v01' retrieved from /opt/airflow/dags/4-catchup-and-backfill.py
[2024-11-17T17:41:47.649+0000] {logging_mixin.py:190} INFO - [2024-11-17T17:41:47.648+0000] {dag.py:3239} INFO - Sync 1 DAGs
[2024-11-17T17:41:47.678+0000] {logging_mixin.py:190} INFO - [2024-11-17T17:41:47.678+0000] {dag.py:4180} INFO - Setting next_dagrun for dag_with_catchup_and_backfill_v01 to 2024-09-27 00:00:00+00:00, run_after=2024-09-28 00:00:00+00:00
[2024-11-17T17:41:47.703+0000] {processor.py:208} INFO - Processing /opt/airflow/dags/4-catchup-and-backfill.py took 0.138 seconds
[2024-11-17T17:42:18.439+0000] {processor.py:186} INFO - Started process (PID=1875) to work on /opt/airflow/dags/4-catchup-and-backfill.py
[2024-11-17T17:42:18.441+0000] {processor.py:914} INFO - Processing file /opt/airflow/dags/4-catchup-and-backfill.py for tasks to queue
[2024-11-17T17:42:18.446+0000] {logging_mixin.py:190} INFO - [2024-11-17T17:42:18.445+0000] {dagbag.py:588} INFO - Filling up the DagBag from /opt/airflow/dags/4-catchup-and-backfill.py
[2024-11-17T17:42:18.464+0000] {processor.py:925} INFO - DAG(s) 'dag_with_catchup_and_backfill_v01' retrieved from /opt/airflow/dags/4-catchup-and-backfill.py
[2024-11-17T17:42:18.506+0000] {logging_mixin.py:190} INFO - [2024-11-17T17:42:18.506+0000] {dag.py:3239} INFO - Sync 1 DAGs
[2024-11-17T17:42:18.536+0000] {logging_mixin.py:190} INFO - [2024-11-17T17:42:18.535+0000] {dag.py:4180} INFO - Setting next_dagrun for dag_with_catchup_and_backfill_v01 to 2024-09-27 00:00:00+00:00, run_after=2024-09-28 00:00:00+00:00
[2024-11-17T17:42:18.564+0000] {processor.py:208} INFO - Processing /opt/airflow/dags/4-catchup-and-backfill.py took 0.134 seconds
