[2024-11-17T13:56:26.197+0000] {processor.py:186} INFO - Started process (PID=231) to work on /opt/airflow/dags/5-github_operator.py
[2024-11-17T13:56:26.199+0000] {processor.py:914} INFO - Processing file /opt/airflow/dags/5-github_operator.py for tasks to queue
[2024-11-17T13:56:26.224+0000] {logging_mixin.py:190} INFO - [2024-11-17T13:56:26.223+0000] {dagbag.py:588} INFO - Filling up the DagBag from /opt/airflow/dags/5-github_operator.py
[2024-11-17T13:56:26.307+0000] {processor.py:925} INFO - DAG(s) 'git_repo_dag' retrieved from /opt/airflow/dags/5-github_operator.py
[2024-11-17T13:56:28.555+0000] {logging_mixin.py:190} INFO - [2024-11-17T13:56:28.552+0000] {override.py:1900} INFO - Created Permission View: can delete on DAG:git_repo_dag
[2024-11-17T13:56:28.719+0000] {logging_mixin.py:190} INFO - [2024-11-17T13:56:28.718+0000] {override.py:1900} INFO - Created Permission View: can edit on DAG:git_repo_dag
[2024-11-17T13:56:28.770+0000] {logging_mixin.py:190} INFO - [2024-11-17T13:56:28.770+0000] {override.py:1900} INFO - Created Permission View: can read on DAG:git_repo_dag
[2024-11-17T13:56:28.804+0000] {logging_mixin.py:190} INFO - [2024-11-17T13:56:28.802+0000] {override.py:1900} INFO - Created Permission View: menu access on DAG Run:git_repo_dag
[2024-11-17T13:56:28.828+0000] {logging_mixin.py:190} INFO - [2024-11-17T13:56:28.826+0000] {override.py:1900} INFO - Created Permission View: can delete on DAG Run:git_repo_dag
[2024-11-17T13:56:28.849+0000] {logging_mixin.py:190} INFO - [2024-11-17T13:56:28.848+0000] {override.py:1900} INFO - Created Permission View: can create on DAG Run:git_repo_dag
[2024-11-17T13:56:28.936+0000] {logging_mixin.py:190} INFO - [2024-11-17T13:56:28.921+0000] {override.py:1900} INFO - Created Permission View: can read on DAG Run:git_repo_dag
[2024-11-17T13:56:28.944+0000] {logging_mixin.py:190} INFO - [2024-11-17T13:56:28.942+0000] {dag.py:3239} INFO - Sync 1 DAGs
[2024-11-17T13:56:29.083+0000] {logging_mixin.py:190} INFO - [2024-11-17T13:56:29.083+0000] {dag.py:3262} INFO - Creating ORM DAG for git_repo_dag
[2024-11-17T13:56:29.280+0000] {logging_mixin.py:190} INFO - [2024-11-17T13:56:29.278+0000] {dag.py:4180} INFO - Setting next_dagrun for git_repo_dag to 2024-11-16 23:00:00+00:00, run_after=2024-11-17 23:00:00+00:00
[2024-11-17T13:56:29.505+0000] {processor.py:208} INFO - Processing /opt/airflow/dags/5-github_operator.py took 3.351 seconds
[2024-11-17T13:57:04.340+0000] {processor.py:186} INFO - Started process (PID=330) to work on /opt/airflow/dags/5-github_operator.py
[2024-11-17T13:57:04.550+0000] {processor.py:914} INFO - Processing file /opt/airflow/dags/5-github_operator.py for tasks to queue
[2024-11-17T13:57:05.104+0000] {logging_mixin.py:190} INFO - [2024-11-17T13:57:05.092+0000] {dagbag.py:588} INFO - Filling up the DagBag from /opt/airflow/dags/5-github_operator.py
[2024-11-17T13:57:06.399+0000] {processor.py:925} INFO - DAG(s) 'git_repo_dag' retrieved from /opt/airflow/dags/5-github_operator.py
[2024-11-17T13:57:08.497+0000] {logging_mixin.py:190} INFO - [2024-11-17T13:57:08.496+0000] {dag.py:3239} INFO - Sync 1 DAGs
[2024-11-17T13:57:08.785+0000] {logging_mixin.py:190} INFO - [2024-11-17T13:57:08.785+0000] {dag.py:4180} INFO - Setting next_dagrun for git_repo_dag to 2024-11-16 23:00:00+00:00, run_after=2024-11-17 23:00:00+00:00
[2024-11-17T13:57:09.153+0000] {processor.py:208} INFO - Processing /opt/airflow/dags/5-github_operator.py took 6.398 seconds
[2024-11-17T13:57:39.801+0000] {processor.py:186} INFO - Started process (PID=416) to work on /opt/airflow/dags/5-github_operator.py
[2024-11-17T13:57:39.870+0000] {processor.py:914} INFO - Processing file /opt/airflow/dags/5-github_operator.py for tasks to queue
[2024-11-17T13:57:39.924+0000] {logging_mixin.py:190} INFO - [2024-11-17T13:57:39.896+0000] {dagbag.py:588} INFO - Filling up the DagBag from /opt/airflow/dags/5-github_operator.py
[2024-11-17T13:57:40.444+0000] {processor.py:925} INFO - DAG(s) 'git_repo_dag' retrieved from /opt/airflow/dags/5-github_operator.py
[2024-11-17T13:57:40.758+0000] {logging_mixin.py:190} INFO - [2024-11-17T13:57:40.757+0000] {dag.py:3239} INFO - Sync 1 DAGs
[2024-11-17T13:57:40.944+0000] {logging_mixin.py:190} INFO - [2024-11-17T13:57:40.944+0000] {dag.py:4180} INFO - Setting next_dagrun for git_repo_dag to 2024-11-16 23:00:00+00:00, run_after=2024-11-17 23:00:00+00:00
[2024-11-17T13:57:41.132+0000] {processor.py:208} INFO - Processing /opt/airflow/dags/5-github_operator.py took 1.394 seconds
[2024-11-17T13:58:11.592+0000] {processor.py:186} INFO - Started process (PID=456) to work on /opt/airflow/dags/5-github_operator.py
[2024-11-17T13:58:11.594+0000] {processor.py:914} INFO - Processing file /opt/airflow/dags/5-github_operator.py for tasks to queue
[2024-11-17T13:58:11.599+0000] {logging_mixin.py:190} INFO - [2024-11-17T13:58:11.597+0000] {dagbag.py:588} INFO - Filling up the DagBag from /opt/airflow/dags/5-github_operator.py
[2024-11-17T13:58:11.632+0000] {processor.py:925} INFO - DAG(s) 'git_repo_dag' retrieved from /opt/airflow/dags/5-github_operator.py
[2024-11-17T13:58:11.724+0000] {logging_mixin.py:190} INFO - [2024-11-17T13:58:11.724+0000] {dag.py:3239} INFO - Sync 1 DAGs
[2024-11-17T13:58:11.829+0000] {logging_mixin.py:190} INFO - [2024-11-17T13:58:11.828+0000] {dag.py:4180} INFO - Setting next_dagrun for git_repo_dag to 2024-11-16 23:00:00+00:00, run_after=2024-11-17 23:00:00+00:00
[2024-11-17T13:58:11.888+0000] {processor.py:208} INFO - Processing /opt/airflow/dags/5-github_operator.py took 0.306 seconds
[2024-11-17T13:58:43.063+0000] {processor.py:186} INFO - Started process (PID=497) to work on /opt/airflow/dags/5-github_operator.py
[2024-11-17T13:58:43.084+0000] {processor.py:914} INFO - Processing file /opt/airflow/dags/5-github_operator.py for tasks to queue
[2024-11-17T13:58:43.090+0000] {logging_mixin.py:190} INFO - [2024-11-17T13:58:43.088+0000] {dagbag.py:588} INFO - Filling up the DagBag from /opt/airflow/dags/5-github_operator.py
[2024-11-17T13:58:43.373+0000] {processor.py:925} INFO - DAG(s) 'git_repo_dag' retrieved from /opt/airflow/dags/5-github_operator.py
[2024-11-17T13:58:43.462+0000] {logging_mixin.py:190} INFO - [2024-11-17T13:58:43.462+0000] {dag.py:3239} INFO - Sync 1 DAGs
[2024-11-17T13:58:43.521+0000] {logging_mixin.py:190} INFO - [2024-11-17T13:58:43.520+0000] {dag.py:4180} INFO - Setting next_dagrun for git_repo_dag to 2024-11-16 23:00:00+00:00, run_after=2024-11-17 23:00:00+00:00
[2024-11-17T13:58:43.557+0000] {processor.py:208} INFO - Processing /opt/airflow/dags/5-github_operator.py took 0.689 seconds
[2024-11-17T13:59:14.303+0000] {processor.py:186} INFO - Started process (PID=538) to work on /opt/airflow/dags/5-github_operator.py
[2024-11-17T13:59:14.312+0000] {processor.py:914} INFO - Processing file /opt/airflow/dags/5-github_operator.py for tasks to queue
[2024-11-17T13:59:14.315+0000] {logging_mixin.py:190} INFO - [2024-11-17T13:59:14.314+0000] {dagbag.py:588} INFO - Filling up the DagBag from /opt/airflow/dags/5-github_operator.py
[2024-11-17T13:59:14.358+0000] {processor.py:925} INFO - DAG(s) 'git_repo_dag' retrieved from /opt/airflow/dags/5-github_operator.py
[2024-11-17T13:59:14.471+0000] {logging_mixin.py:190} INFO - [2024-11-17T13:59:14.471+0000] {dag.py:3239} INFO - Sync 1 DAGs
[2024-11-17T13:59:14.555+0000] {logging_mixin.py:190} INFO - [2024-11-17T13:59:14.555+0000] {dag.py:4180} INFO - Setting next_dagrun for git_repo_dag to 2024-11-16 23:00:00+00:00, run_after=2024-11-17 23:00:00+00:00
[2024-11-17T13:59:14.602+0000] {processor.py:208} INFO - Processing /opt/airflow/dags/5-github_operator.py took 0.333 seconds
[2024-11-17T14:04:03.425+0000] {processor.py:186} INFO - Started process (PID=229) to work on /opt/airflow/dags/5-github_operator.py
[2024-11-17T14:04:03.430+0000] {processor.py:914} INFO - Processing file /opt/airflow/dags/5-github_operator.py for tasks to queue
[2024-11-17T14:04:03.439+0000] {logging_mixin.py:190} INFO - [2024-11-17T14:04:03.438+0000] {dagbag.py:588} INFO - Filling up the DagBag from /opt/airflow/dags/5-github_operator.py
[2024-11-17T14:04:03.469+0000] {processor.py:925} INFO - DAG(s) 'git_repo_dag' retrieved from /opt/airflow/dags/5-github_operator.py
[2024-11-17T14:04:03.550+0000] {logging_mixin.py:190} INFO - [2024-11-17T14:04:03.549+0000] {dag.py:3239} INFO - Sync 1 DAGs
[2024-11-17T14:04:03.633+0000] {logging_mixin.py:190} INFO - [2024-11-17T14:04:03.631+0000] {dag.py:4180} INFO - Setting next_dagrun for git_repo_dag to 2024-11-16 23:00:00+00:00, run_after=2024-11-17 23:00:00+00:00
[2024-11-17T14:04:03.683+0000] {processor.py:208} INFO - Processing /opt/airflow/dags/5-github_operator.py took 0.283 seconds
[2024-11-17T14:04:33.963+0000] {processor.py:186} INFO - Started process (PID=268) to work on /opt/airflow/dags/5-github_operator.py
[2024-11-17T14:04:33.971+0000] {processor.py:914} INFO - Processing file /opt/airflow/dags/5-github_operator.py for tasks to queue
[2024-11-17T14:04:33.996+0000] {logging_mixin.py:190} INFO - [2024-11-17T14:04:33.994+0000] {dagbag.py:588} INFO - Filling up the DagBag from /opt/airflow/dags/5-github_operator.py
[2024-11-17T14:04:34.076+0000] {processor.py:925} INFO - DAG(s) 'git_repo_dag' retrieved from /opt/airflow/dags/5-github_operator.py
[2024-11-17T14:04:34.168+0000] {logging_mixin.py:190} INFO - [2024-11-17T14:04:34.165+0000] {dag.py:3239} INFO - Sync 1 DAGs
[2024-11-17T14:04:34.310+0000] {logging_mixin.py:190} INFO - [2024-11-17T14:04:34.310+0000] {dag.py:4180} INFO - Setting next_dagrun for git_repo_dag to 2024-11-16 23:00:00+00:00, run_after=2024-11-17 23:00:00+00:00
[2024-11-17T14:04:34.354+0000] {processor.py:208} INFO - Processing /opt/airflow/dags/5-github_operator.py took 0.414 seconds
[2024-11-17T14:07:13.879+0000] {processor.py:186} INFO - Started process (PID=217) to work on /opt/airflow/dags/5-github_operator.py
[2024-11-17T14:07:13.885+0000] {processor.py:914} INFO - Processing file /opt/airflow/dags/5-github_operator.py for tasks to queue
[2024-11-17T14:07:13.899+0000] {logging_mixin.py:190} INFO - [2024-11-17T14:07:13.898+0000] {dagbag.py:588} INFO - Filling up the DagBag from /opt/airflow/dags/5-github_operator.py
[2024-11-17T14:07:13.980+0000] {processor.py:925} INFO - DAG(s) 'git_repo_dag' retrieved from /opt/airflow/dags/5-github_operator.py
[2024-11-17T14:07:14.327+0000] {logging_mixin.py:190} INFO - [2024-11-17T14:07:14.326+0000] {override.py:1900} INFO - Created Permission View: can delete on DAG:git_repo_dag
[2024-11-17T14:07:14.351+0000] {logging_mixin.py:190} INFO - [2024-11-17T14:07:14.350+0000] {override.py:1900} INFO - Created Permission View: can read on DAG:git_repo_dag
[2024-11-17T14:07:14.367+0000] {logging_mixin.py:190} INFO - [2024-11-17T14:07:14.367+0000] {override.py:1900} INFO - Created Permission View: can edit on DAG:git_repo_dag
[2024-11-17T14:07:14.384+0000] {logging_mixin.py:190} INFO - [2024-11-17T14:07:14.384+0000] {override.py:1900} INFO - Created Permission View: can delete on DAG Run:git_repo_dag
[2024-11-17T14:07:14.404+0000] {logging_mixin.py:190} INFO - [2024-11-17T14:07:14.403+0000] {override.py:1900} INFO - Created Permission View: menu access on DAG Run:git_repo_dag
[2024-11-17T14:07:14.419+0000] {logging_mixin.py:190} INFO - [2024-11-17T14:07:14.418+0000] {override.py:1900} INFO - Created Permission View: can read on DAG Run:git_repo_dag
[2024-11-17T14:07:14.433+0000] {logging_mixin.py:190} INFO - [2024-11-17T14:07:14.433+0000] {override.py:1900} INFO - Created Permission View: can create on DAG Run:git_repo_dag
[2024-11-17T14:07:14.434+0000] {logging_mixin.py:190} INFO - [2024-11-17T14:07:14.434+0000] {dag.py:3239} INFO - Sync 1 DAGs
[2024-11-17T14:07:14.461+0000] {logging_mixin.py:190} INFO - [2024-11-17T14:07:14.460+0000] {dag.py:3262} INFO - Creating ORM DAG for git_repo_dag
[2024-11-17T14:07:14.479+0000] {logging_mixin.py:190} INFO - [2024-11-17T14:07:14.478+0000] {dag.py:4180} INFO - Setting next_dagrun for git_repo_dag to 2024-11-16 23:00:00+00:00, run_after=2024-11-17 23:00:00+00:00
[2024-11-17T14:07:14.504+0000] {processor.py:208} INFO - Processing /opt/airflow/dags/5-github_operator.py took 0.648 seconds
[2024-11-17T14:07:44.909+0000] {processor.py:186} INFO - Started process (PID=258) to work on /opt/airflow/dags/5-github_operator.py
[2024-11-17T14:07:44.911+0000] {processor.py:914} INFO - Processing file /opt/airflow/dags/5-github_operator.py for tasks to queue
[2024-11-17T14:07:44.914+0000] {logging_mixin.py:190} INFO - [2024-11-17T14:07:44.914+0000] {dagbag.py:588} INFO - Filling up the DagBag from /opt/airflow/dags/5-github_operator.py
[2024-11-17T14:07:44.937+0000] {processor.py:925} INFO - DAG(s) 'git_repo_dag' retrieved from /opt/airflow/dags/5-github_operator.py
[2024-11-17T14:07:44.978+0000] {logging_mixin.py:190} INFO - [2024-11-17T14:07:44.977+0000] {dag.py:3239} INFO - Sync 1 DAGs
[2024-11-17T14:07:45.014+0000] {logging_mixin.py:190} INFO - [2024-11-17T14:07:45.014+0000] {dag.py:4180} INFO - Setting next_dagrun for git_repo_dag to 2024-11-16 23:00:00+00:00, run_after=2024-11-17 23:00:00+00:00
[2024-11-17T14:07:45.047+0000] {processor.py:208} INFO - Processing /opt/airflow/dags/5-github_operator.py took 0.173 seconds
[2024-11-17T14:08:15.922+0000] {processor.py:186} INFO - Started process (PID=299) to work on /opt/airflow/dags/5-github_operator.py
[2024-11-17T14:08:15.928+0000] {processor.py:914} INFO - Processing file /opt/airflow/dags/5-github_operator.py for tasks to queue
[2024-11-17T14:08:15.947+0000] {logging_mixin.py:190} INFO - [2024-11-17T14:08:15.946+0000] {dagbag.py:588} INFO - Filling up the DagBag from /opt/airflow/dags/5-github_operator.py
[2024-11-17T14:08:15.965+0000] {processor.py:925} INFO - DAG(s) 'git_repo_dag' retrieved from /opt/airflow/dags/5-github_operator.py
[2024-11-17T14:08:16.072+0000] {logging_mixin.py:190} INFO - [2024-11-17T14:08:16.071+0000] {dag.py:3239} INFO - Sync 1 DAGs
[2024-11-17T14:08:16.141+0000] {logging_mixin.py:190} INFO - [2024-11-17T14:08:16.140+0000] {dag.py:4180} INFO - Setting next_dagrun for git_repo_dag to 2024-11-16 23:00:00+00:00, run_after=2024-11-17 23:00:00+00:00
[2024-11-17T14:08:16.193+0000] {processor.py:208} INFO - Processing /opt/airflow/dags/5-github_operator.py took 0.312 seconds
[2024-11-17T14:08:46.481+0000] {processor.py:186} INFO - Started process (PID=347) to work on /opt/airflow/dags/5-github_operator.py
[2024-11-17T14:08:46.482+0000] {processor.py:914} INFO - Processing file /opt/airflow/dags/5-github_operator.py for tasks to queue
[2024-11-17T14:08:46.487+0000] {logging_mixin.py:190} INFO - [2024-11-17T14:08:46.486+0000] {dagbag.py:588} INFO - Filling up the DagBag from /opt/airflow/dags/5-github_operator.py
[2024-11-17T14:08:46.512+0000] {processor.py:925} INFO - DAG(s) 'git_repo_dag' retrieved from /opt/airflow/dags/5-github_operator.py
[2024-11-17T14:08:46.571+0000] {logging_mixin.py:190} INFO - [2024-11-17T14:08:46.570+0000] {dag.py:3239} INFO - Sync 1 DAGs
[2024-11-17T14:08:46.610+0000] {logging_mixin.py:190} INFO - [2024-11-17T14:08:46.610+0000] {dag.py:4180} INFO - Setting next_dagrun for git_repo_dag to 2024-11-16 23:00:00+00:00, run_after=2024-11-17 23:00:00+00:00
[2024-11-17T14:08:46.647+0000] {processor.py:208} INFO - Processing /opt/airflow/dags/5-github_operator.py took 0.178 seconds
[2024-11-17T14:10:03.309+0000] {processor.py:186} INFO - Started process (PID=403) to work on /opt/airflow/dags/5-github_operator.py
[2024-11-17T14:10:03.316+0000] {processor.py:914} INFO - Processing file /opt/airflow/dags/5-github_operator.py for tasks to queue
[2024-11-17T14:10:03.332+0000] {logging_mixin.py:190} INFO - [2024-11-17T14:10:03.331+0000] {dagbag.py:588} INFO - Filling up the DagBag from /opt/airflow/dags/5-github_operator.py
[2024-11-17T14:10:03.388+0000] {processor.py:925} INFO - DAG(s) 'git_repo_dag' retrieved from /opt/airflow/dags/5-github_operator.py
[2024-11-17T14:10:03.452+0000] {logging_mixin.py:190} INFO - [2024-11-17T14:10:03.452+0000] {dag.py:3239} INFO - Sync 1 DAGs
[2024-11-17T14:10:03.500+0000] {logging_mixin.py:190} INFO - [2024-11-17T14:10:03.500+0000] {dag.py:4180} INFO - Setting next_dagrun for git_repo_dag to 2024-11-16 23:00:00+00:00, run_after=2024-11-17 23:00:00+00:00
[2024-11-17T14:10:03.547+0000] {processor.py:208} INFO - Processing /opt/airflow/dags/5-github_operator.py took 0.258 seconds
[2024-11-17T15:33:59.547+0000] {processor.py:186} INFO - Started process (PID=451) to work on /opt/airflow/dags/5-github_operator.py
[2024-11-17T15:33:59.554+0000] {processor.py:914} INFO - Processing file /opt/airflow/dags/5-github_operator.py for tasks to queue
[2024-11-17T15:33:59.608+0000] {logging_mixin.py:190} INFO - [2024-11-17T15:33:59.606+0000] {dagbag.py:588} INFO - Filling up the DagBag from /opt/airflow/dags/5-github_operator.py
[2024-11-17T15:33:59.669+0000] {processor.py:925} INFO - DAG(s) 'git_repo_dag' retrieved from /opt/airflow/dags/5-github_operator.py
[2024-11-17T15:33:59.789+0000] {logging_mixin.py:190} INFO - [2024-11-17T15:33:59.787+0000] {dag.py:3239} INFO - Sync 1 DAGs
[2024-11-17T15:33:59.851+0000] {logging_mixin.py:190} INFO - [2024-11-17T15:33:59.850+0000] {dag.py:4180} INFO - Setting next_dagrun for git_repo_dag to 2024-11-16 23:00:00+00:00, run_after=2024-11-17 23:00:00+00:00
[2024-11-17T15:33:59.919+0000] {processor.py:208} INFO - Processing /opt/airflow/dags/5-github_operator.py took 0.387 seconds
[2024-11-17T16:10:01.345+0000] {processor.py:186} INFO - Started process (PID=492) to work on /opt/airflow/dags/5-github_operator.py
[2024-11-17T16:10:01.354+0000] {processor.py:914} INFO - Processing file /opt/airflow/dags/5-github_operator.py for tasks to queue
[2024-11-17T16:10:01.431+0000] {logging_mixin.py:190} INFO - [2024-11-17T16:10:01.430+0000] {dagbag.py:588} INFO - Filling up the DagBag from /opt/airflow/dags/5-github_operator.py
[2024-11-17T16:10:01.513+0000] {processor.py:925} INFO - DAG(s) 'git_repo_dag' retrieved from /opt/airflow/dags/5-github_operator.py
[2024-11-17T16:10:01.666+0000] {logging_mixin.py:190} INFO - [2024-11-17T16:10:01.665+0000] {dag.py:3239} INFO - Sync 1 DAGs
[2024-11-17T16:15:31.795+0000] {processor.py:186} INFO - Started process (PID=555) to work on /opt/airflow/dags/5-github_operator.py
[2024-11-17T16:15:31.799+0000] {processor.py:914} INFO - Processing file /opt/airflow/dags/5-github_operator.py for tasks to queue
[2024-11-17T16:15:31.806+0000] {logging_mixin.py:190} INFO - [2024-11-17T16:15:31.806+0000] {dagbag.py:588} INFO - Filling up the DagBag from /opt/airflow/dags/5-github_operator.py
[2024-11-17T16:15:31.840+0000] {processor.py:925} INFO - DAG(s) 'git_repo_dag' retrieved from /opt/airflow/dags/5-github_operator.py
[2024-11-17T16:15:32.159+0000] {logging_mixin.py:190} INFO - [2024-11-17T16:15:32.158+0000] {dag.py:3239} INFO - Sync 1 DAGs
[2024-11-17T16:15:32.208+0000] {logging_mixin.py:190} INFO - [2024-11-17T16:15:32.208+0000] {dag.py:4180} INFO - Setting next_dagrun for git_repo_dag to 2024-11-16 23:00:00+00:00, run_after=2024-11-17 23:00:00+00:00
[2024-11-17T16:15:32.254+0000] {processor.py:208} INFO - Processing /opt/airflow/dags/5-github_operator.py took 0.470 seconds
[2024-11-17T17:11:03.827+0000] {processor.py:186} INFO - Started process (PID=598) to work on /opt/airflow/dags/5-github_operator.py
[2024-11-17T17:11:03.830+0000] {processor.py:914} INFO - Processing file /opt/airflow/dags/5-github_operator.py for tasks to queue
[2024-11-17T17:11:03.836+0000] {logging_mixin.py:190} INFO - [2024-11-17T17:11:03.835+0000] {dagbag.py:588} INFO - Filling up the DagBag from /opt/airflow/dags/5-github_operator.py
[2024-11-17T17:11:03.858+0000] {processor.py:925} INFO - DAG(s) 'git_repo_dag' retrieved from /opt/airflow/dags/5-github_operator.py
[2024-11-17T17:11:03.959+0000] {logging_mixin.py:190} INFO - [2024-11-17T17:11:03.957+0000] {dag.py:3239} INFO - Sync 1 DAGs
[2024-11-17T17:11:04.022+0000] {logging_mixin.py:190} INFO - [2024-11-17T17:11:04.022+0000] {dag.py:4180} INFO - Setting next_dagrun for git_repo_dag to 2024-11-16 23:00:00+00:00, run_after=2024-11-17 23:00:00+00:00
[2024-11-17T17:11:04.110+0000] {processor.py:208} INFO - Processing /opt/airflow/dags/5-github_operator.py took 0.295 seconds
[2024-11-17T17:26:52.814+0000] {processor.py:186} INFO - Started process (PID=639) to work on /opt/airflow/dags/5-github_operator.py
[2024-11-17T17:26:52.817+0000] {processor.py:914} INFO - Processing file /opt/airflow/dags/5-github_operator.py for tasks to queue
[2024-11-17T17:26:52.842+0000] {logging_mixin.py:190} INFO - [2024-11-17T17:26:52.840+0000] {dagbag.py:588} INFO - Filling up the DagBag from /opt/airflow/dags/5-github_operator.py
[2024-11-17T17:26:52.914+0000] {processor.py:925} INFO - DAG(s) 'git_repo_dag' retrieved from /opt/airflow/dags/5-github_operator.py
[2024-11-17T17:26:53.470+0000] {logging_mixin.py:190} INFO - [2024-11-17T17:26:53.467+0000] {dag.py:3239} INFO - Sync 1 DAGs
[2024-11-17T17:26:53.593+0000] {logging_mixin.py:190} INFO - [2024-11-17T17:26:53.593+0000] {dag.py:4180} INFO - Setting next_dagrun for git_repo_dag to 2024-11-16 23:00:00+00:00, run_after=2024-11-17 23:00:00+00:00
[2024-11-17T17:26:53.649+0000] {processor.py:208} INFO - Processing /opt/airflow/dags/5-github_operator.py took 0.889 seconds
[2024-11-17T17:27:23.899+0000] {processor.py:186} INFO - Started process (PID=680) to work on /opt/airflow/dags/5-github_operator.py
[2024-11-17T17:27:23.903+0000] {processor.py:914} INFO - Processing file /opt/airflow/dags/5-github_operator.py for tasks to queue
[2024-11-17T17:27:23.909+0000] {logging_mixin.py:190} INFO - [2024-11-17T17:27:23.908+0000] {dagbag.py:588} INFO - Filling up the DagBag from /opt/airflow/dags/5-github_operator.py
[2024-11-17T17:27:23.937+0000] {processor.py:925} INFO - DAG(s) 'git_repo_dag' retrieved from /opt/airflow/dags/5-github_operator.py
[2024-11-17T17:27:24.005+0000] {logging_mixin.py:190} INFO - [2024-11-17T17:27:24.004+0000] {dag.py:3239} INFO - Sync 1 DAGs
[2024-11-17T17:27:24.058+0000] {logging_mixin.py:190} INFO - [2024-11-17T17:27:24.058+0000] {dag.py:4180} INFO - Setting next_dagrun for git_repo_dag to 2024-11-16 23:00:00+00:00, run_after=2024-11-17 23:00:00+00:00
[2024-11-17T17:27:24.105+0000] {processor.py:208} INFO - Processing /opt/airflow/dags/5-github_operator.py took 0.217 seconds
[2024-11-17T17:27:55.065+0000] {processor.py:186} INFO - Started process (PID=721) to work on /opt/airflow/dags/5-github_operator.py
[2024-11-17T17:27:55.069+0000] {processor.py:914} INFO - Processing file /opt/airflow/dags/5-github_operator.py for tasks to queue
[2024-11-17T17:27:55.074+0000] {logging_mixin.py:190} INFO - [2024-11-17T17:27:55.073+0000] {dagbag.py:588} INFO - Filling up the DagBag from /opt/airflow/dags/5-github_operator.py
[2024-11-17T17:27:55.100+0000] {processor.py:925} INFO - DAG(s) 'git_repo_dag' retrieved from /opt/airflow/dags/5-github_operator.py
[2024-11-17T17:27:55.164+0000] {logging_mixin.py:190} INFO - [2024-11-17T17:27:55.163+0000] {dag.py:3239} INFO - Sync 1 DAGs
[2024-11-17T17:27:55.213+0000] {logging_mixin.py:190} INFO - [2024-11-17T17:27:55.212+0000] {dag.py:4180} INFO - Setting next_dagrun for git_repo_dag to 2024-11-16 23:00:00+00:00, run_after=2024-11-17 23:00:00+00:00
[2024-11-17T17:27:55.259+0000] {processor.py:208} INFO - Processing /opt/airflow/dags/5-github_operator.py took 0.207 seconds
[2024-11-17T17:28:26.191+0000] {processor.py:186} INFO - Started process (PID=762) to work on /opt/airflow/dags/5-github_operator.py
[2024-11-17T17:28:26.193+0000] {processor.py:914} INFO - Processing file /opt/airflow/dags/5-github_operator.py for tasks to queue
[2024-11-17T17:28:26.199+0000] {logging_mixin.py:190} INFO - [2024-11-17T17:28:26.198+0000] {dagbag.py:588} INFO - Filling up the DagBag from /opt/airflow/dags/5-github_operator.py
[2024-11-17T17:28:26.228+0000] {processor.py:925} INFO - DAG(s) 'git_repo_dag' retrieved from /opt/airflow/dags/5-github_operator.py
[2024-11-17T17:28:26.361+0000] {logging_mixin.py:190} INFO - [2024-11-17T17:28:26.361+0000] {dag.py:3239} INFO - Sync 1 DAGs
[2024-11-17T17:28:26.415+0000] {logging_mixin.py:190} INFO - [2024-11-17T17:28:26.414+0000] {dag.py:4180} INFO - Setting next_dagrun for git_repo_dag to 2024-11-16 23:00:00+00:00, run_after=2024-11-17 23:00:00+00:00
[2024-11-17T17:28:26.456+0000] {processor.py:208} INFO - Processing /opt/airflow/dags/5-github_operator.py took 0.275 seconds
[2024-11-17T17:28:57.488+0000] {processor.py:186} INFO - Started process (PID=803) to work on /opt/airflow/dags/5-github_operator.py
[2024-11-17T17:28:57.490+0000] {processor.py:914} INFO - Processing file /opt/airflow/dags/5-github_operator.py for tasks to queue
[2024-11-17T17:28:57.496+0000] {logging_mixin.py:190} INFO - [2024-11-17T17:28:57.495+0000] {dagbag.py:588} INFO - Filling up the DagBag from /opt/airflow/dags/5-github_operator.py
[2024-11-17T17:28:57.520+0000] {processor.py:925} INFO - DAG(s) 'git_repo_dag' retrieved from /opt/airflow/dags/5-github_operator.py
[2024-11-17T17:28:57.574+0000] {logging_mixin.py:190} INFO - [2024-11-17T17:28:57.573+0000] {dag.py:3239} INFO - Sync 1 DAGs
[2024-11-17T17:28:57.613+0000] {logging_mixin.py:190} INFO - [2024-11-17T17:28:57.613+0000] {dag.py:4180} INFO - Setting next_dagrun for git_repo_dag to 2024-11-16 23:00:00+00:00, run_after=2024-11-17 23:00:00+00:00
[2024-11-17T17:28:57.657+0000] {processor.py:208} INFO - Processing /opt/airflow/dags/5-github_operator.py took 0.180 seconds
[2024-11-17T17:29:28.322+0000] {processor.py:186} INFO - Started process (PID=844) to work on /opt/airflow/dags/5-github_operator.py
[2024-11-17T17:29:28.325+0000] {processor.py:914} INFO - Processing file /opt/airflow/dags/5-github_operator.py for tasks to queue
[2024-11-17T17:29:28.330+0000] {logging_mixin.py:190} INFO - [2024-11-17T17:29:28.330+0000] {dagbag.py:588} INFO - Filling up the DagBag from /opt/airflow/dags/5-github_operator.py
[2024-11-17T17:29:28.353+0000] {processor.py:925} INFO - DAG(s) 'git_repo_dag' retrieved from /opt/airflow/dags/5-github_operator.py
[2024-11-17T17:29:28.395+0000] {logging_mixin.py:190} INFO - [2024-11-17T17:29:28.394+0000] {dag.py:3239} INFO - Sync 1 DAGs
[2024-11-17T17:29:28.437+0000] {logging_mixin.py:190} INFO - [2024-11-17T17:29:28.437+0000] {dag.py:4180} INFO - Setting next_dagrun for git_repo_dag to 2024-11-16 23:00:00+00:00, run_after=2024-11-17 23:00:00+00:00
[2024-11-17T17:29:28.473+0000] {processor.py:208} INFO - Processing /opt/airflow/dags/5-github_operator.py took 0.159 seconds
[2024-11-17T17:29:59.259+0000] {processor.py:186} INFO - Started process (PID=885) to work on /opt/airflow/dags/5-github_operator.py
[2024-11-17T17:29:59.261+0000] {processor.py:914} INFO - Processing file /opt/airflow/dags/5-github_operator.py for tasks to queue
[2024-11-17T17:29:59.265+0000] {logging_mixin.py:190} INFO - [2024-11-17T17:29:59.264+0000] {dagbag.py:588} INFO - Filling up the DagBag from /opt/airflow/dags/5-github_operator.py
[2024-11-17T17:29:59.282+0000] {processor.py:925} INFO - DAG(s) 'git_repo_dag' retrieved from /opt/airflow/dags/5-github_operator.py
[2024-11-17T17:29:59.329+0000] {logging_mixin.py:190} INFO - [2024-11-17T17:29:59.328+0000] {dag.py:3239} INFO - Sync 1 DAGs
[2024-11-17T17:29:59.368+0000] {logging_mixin.py:190} INFO - [2024-11-17T17:29:59.368+0000] {dag.py:4180} INFO - Setting next_dagrun for git_repo_dag to 2024-11-16 23:00:00+00:00, run_after=2024-11-17 23:00:00+00:00
[2024-11-17T17:29:59.402+0000] {processor.py:208} INFO - Processing /opt/airflow/dags/5-github_operator.py took 0.152 seconds
[2024-11-17T17:30:30.251+0000] {processor.py:186} INFO - Started process (PID=926) to work on /opt/airflow/dags/5-github_operator.py
[2024-11-17T17:30:30.254+0000] {processor.py:914} INFO - Processing file /opt/airflow/dags/5-github_operator.py for tasks to queue
[2024-11-17T17:30:30.259+0000] {logging_mixin.py:190} INFO - [2024-11-17T17:30:30.259+0000] {dagbag.py:588} INFO - Filling up the DagBag from /opt/airflow/dags/5-github_operator.py
[2024-11-17T17:30:30.285+0000] {processor.py:925} INFO - DAG(s) 'git_repo_dag' retrieved from /opt/airflow/dags/5-github_operator.py
[2024-11-17T17:30:30.329+0000] {logging_mixin.py:190} INFO - [2024-11-17T17:30:30.328+0000] {dag.py:3239} INFO - Sync 1 DAGs
[2024-11-17T17:30:30.362+0000] {logging_mixin.py:190} INFO - [2024-11-17T17:30:30.362+0000] {dag.py:4180} INFO - Setting next_dagrun for git_repo_dag to 2024-11-16 23:00:00+00:00, run_after=2024-11-17 23:00:00+00:00
[2024-11-17T17:30:30.395+0000] {processor.py:208} INFO - Processing /opt/airflow/dags/5-github_operator.py took 0.153 seconds
[2024-11-17T17:31:01.012+0000] {processor.py:186} INFO - Started process (PID=967) to work on /opt/airflow/dags/5-github_operator.py
[2024-11-17T17:31:01.016+0000] {processor.py:914} INFO - Processing file /opt/airflow/dags/5-github_operator.py for tasks to queue
[2024-11-17T17:31:01.021+0000] {logging_mixin.py:190} INFO - [2024-11-17T17:31:01.020+0000] {dagbag.py:588} INFO - Filling up the DagBag from /opt/airflow/dags/5-github_operator.py
[2024-11-17T17:31:01.036+0000] {processor.py:925} INFO - DAG(s) 'git_repo_dag' retrieved from /opt/airflow/dags/5-github_operator.py
[2024-11-17T17:31:01.090+0000] {logging_mixin.py:190} INFO - [2024-11-17T17:31:01.089+0000] {dag.py:3239} INFO - Sync 1 DAGs
[2024-11-17T17:31:01.137+0000] {logging_mixin.py:190} INFO - [2024-11-17T17:31:01.137+0000] {dag.py:4180} INFO - Setting next_dagrun for git_repo_dag to 2024-11-16 23:00:00+00:00, run_after=2024-11-17 23:00:00+00:00
[2024-11-17T17:31:01.173+0000] {processor.py:208} INFO - Processing /opt/airflow/dags/5-github_operator.py took 0.177 seconds
[2024-11-17T17:31:31.756+0000] {processor.py:186} INFO - Started process (PID=1008) to work on /opt/airflow/dags/5-github_operator.py
[2024-11-17T17:31:31.759+0000] {processor.py:914} INFO - Processing file /opt/airflow/dags/5-github_operator.py for tasks to queue
[2024-11-17T17:31:31.763+0000] {logging_mixin.py:190} INFO - [2024-11-17T17:31:31.762+0000] {dagbag.py:588} INFO - Filling up the DagBag from /opt/airflow/dags/5-github_operator.py
[2024-11-17T17:31:31.782+0000] {processor.py:925} INFO - DAG(s) 'git_repo_dag' retrieved from /opt/airflow/dags/5-github_operator.py
[2024-11-17T17:31:31.823+0000] {logging_mixin.py:190} INFO - [2024-11-17T17:31:31.822+0000] {dag.py:3239} INFO - Sync 1 DAGs
[2024-11-17T17:31:31.850+0000] {logging_mixin.py:190} INFO - [2024-11-17T17:31:31.850+0000] {dag.py:4180} INFO - Setting next_dagrun for git_repo_dag to 2024-11-16 23:00:00+00:00, run_after=2024-11-17 23:00:00+00:00
[2024-11-17T17:31:31.880+0000] {processor.py:208} INFO - Processing /opt/airflow/dags/5-github_operator.py took 0.133 seconds
[2024-11-17T17:32:02.108+0000] {processor.py:186} INFO - Started process (PID=1049) to work on /opt/airflow/dags/5-github_operator.py
[2024-11-17T17:32:02.110+0000] {processor.py:914} INFO - Processing file /opt/airflow/dags/5-github_operator.py for tasks to queue
[2024-11-17T17:32:02.115+0000] {logging_mixin.py:190} INFO - [2024-11-17T17:32:02.115+0000] {dagbag.py:588} INFO - Filling up the DagBag from /opt/airflow/dags/5-github_operator.py
[2024-11-17T17:32:02.150+0000] {processor.py:925} INFO - DAG(s) 'git_repo_dag' retrieved from /opt/airflow/dags/5-github_operator.py
[2024-11-17T17:32:02.208+0000] {logging_mixin.py:190} INFO - [2024-11-17T17:32:02.207+0000] {dag.py:3239} INFO - Sync 1 DAGs
[2024-11-17T17:32:02.246+0000] {logging_mixin.py:190} INFO - [2024-11-17T17:32:02.245+0000] {dag.py:4180} INFO - Setting next_dagrun for git_repo_dag to 2024-11-16 23:00:00+00:00, run_after=2024-11-17 23:00:00+00:00
[2024-11-17T17:32:02.288+0000] {processor.py:208} INFO - Processing /opt/airflow/dags/5-github_operator.py took 0.195 seconds
[2024-11-17T17:32:32.372+0000] {processor.py:186} INFO - Started process (PID=1090) to work on /opt/airflow/dags/5-github_operator.py
[2024-11-17T17:32:32.374+0000] {processor.py:914} INFO - Processing file /opt/airflow/dags/5-github_operator.py for tasks to queue
[2024-11-17T17:32:32.380+0000] {logging_mixin.py:190} INFO - [2024-11-17T17:32:32.380+0000] {dagbag.py:588} INFO - Filling up the DagBag from /opt/airflow/dags/5-github_operator.py
[2024-11-17T17:32:32.395+0000] {processor.py:925} INFO - DAG(s) 'git_repo_dag' retrieved from /opt/airflow/dags/5-github_operator.py
[2024-11-17T17:32:32.440+0000] {logging_mixin.py:190} INFO - [2024-11-17T17:32:32.439+0000] {dag.py:3239} INFO - Sync 1 DAGs
[2024-11-17T17:32:32.474+0000] {logging_mixin.py:190} INFO - [2024-11-17T17:32:32.474+0000] {dag.py:4180} INFO - Setting next_dagrun for git_repo_dag to 2024-11-16 23:00:00+00:00, run_after=2024-11-17 23:00:00+00:00
[2024-11-17T17:32:32.503+0000] {processor.py:208} INFO - Processing /opt/airflow/dags/5-github_operator.py took 0.141 seconds
[2024-11-17T17:33:03.537+0000] {processor.py:186} INFO - Started process (PID=1131) to work on /opt/airflow/dags/5-github_operator.py
[2024-11-17T17:33:03.539+0000] {processor.py:914} INFO - Processing file /opt/airflow/dags/5-github_operator.py for tasks to queue
[2024-11-17T17:33:03.542+0000] {logging_mixin.py:190} INFO - [2024-11-17T17:33:03.541+0000] {dagbag.py:588} INFO - Filling up the DagBag from /opt/airflow/dags/5-github_operator.py
[2024-11-17T17:33:03.558+0000] {processor.py:925} INFO - DAG(s) 'git_repo_dag' retrieved from /opt/airflow/dags/5-github_operator.py
[2024-11-17T17:33:03.596+0000] {logging_mixin.py:190} INFO - [2024-11-17T17:33:03.596+0000] {dag.py:3239} INFO - Sync 1 DAGs
[2024-11-17T17:33:03.625+0000] {logging_mixin.py:190} INFO - [2024-11-17T17:33:03.624+0000] {dag.py:4180} INFO - Setting next_dagrun for git_repo_dag to 2024-11-16 23:00:00+00:00, run_after=2024-11-17 23:00:00+00:00
[2024-11-17T17:33:03.651+0000] {processor.py:208} INFO - Processing /opt/airflow/dags/5-github_operator.py took 0.121 seconds
[2024-11-17T17:33:34.370+0000] {processor.py:186} INFO - Started process (PID=1172) to work on /opt/airflow/dags/5-github_operator.py
[2024-11-17T17:33:34.372+0000] {processor.py:914} INFO - Processing file /opt/airflow/dags/5-github_operator.py for tasks to queue
[2024-11-17T17:33:34.376+0000] {logging_mixin.py:190} INFO - [2024-11-17T17:33:34.376+0000] {dagbag.py:588} INFO - Filling up the DagBag from /opt/airflow/dags/5-github_operator.py
[2024-11-17T17:33:34.391+0000] {processor.py:925} INFO - DAG(s) 'git_repo_dag' retrieved from /opt/airflow/dags/5-github_operator.py
[2024-11-17T17:33:34.430+0000] {logging_mixin.py:190} INFO - [2024-11-17T17:33:34.429+0000] {dag.py:3239} INFO - Sync 1 DAGs
[2024-11-17T17:33:34.458+0000] {logging_mixin.py:190} INFO - [2024-11-17T17:33:34.458+0000] {dag.py:4180} INFO - Setting next_dagrun for git_repo_dag to 2024-11-16 23:00:00+00:00, run_after=2024-11-17 23:00:00+00:00
[2024-11-17T17:33:34.487+0000] {processor.py:208} INFO - Processing /opt/airflow/dags/5-github_operator.py took 0.125 seconds
[2024-11-17T17:34:05.178+0000] {processor.py:186} INFO - Started process (PID=1212) to work on /opt/airflow/dags/5-github_operator.py
[2024-11-17T17:34:05.180+0000] {processor.py:914} INFO - Processing file /opt/airflow/dags/5-github_operator.py for tasks to queue
[2024-11-17T17:34:05.187+0000] {logging_mixin.py:190} INFO - [2024-11-17T17:34:05.186+0000] {dagbag.py:588} INFO - Filling up the DagBag from /opt/airflow/dags/5-github_operator.py
[2024-11-17T17:34:05.202+0000] {processor.py:925} INFO - DAG(s) 'git_repo_dag' retrieved from /opt/airflow/dags/5-github_operator.py
[2024-11-17T17:34:05.241+0000] {logging_mixin.py:190} INFO - [2024-11-17T17:34:05.240+0000] {dag.py:3239} INFO - Sync 1 DAGs
[2024-11-17T17:34:05.270+0000] {logging_mixin.py:190} INFO - [2024-11-17T17:34:05.269+0000] {dag.py:4180} INFO - Setting next_dagrun for git_repo_dag to 2024-11-16 23:00:00+00:00, run_after=2024-11-17 23:00:00+00:00
[2024-11-17T17:34:05.295+0000] {processor.py:208} INFO - Processing /opt/airflow/dags/5-github_operator.py took 0.124 seconds
[2024-11-17T17:34:35.912+0000] {processor.py:186} INFO - Started process (PID=1253) to work on /opt/airflow/dags/5-github_operator.py
[2024-11-17T17:34:35.916+0000] {processor.py:914} INFO - Processing file /opt/airflow/dags/5-github_operator.py for tasks to queue
[2024-11-17T17:34:35.920+0000] {logging_mixin.py:190} INFO - [2024-11-17T17:34:35.919+0000] {dagbag.py:588} INFO - Filling up the DagBag from /opt/airflow/dags/5-github_operator.py
[2024-11-17T17:34:35.940+0000] {processor.py:925} INFO - DAG(s) 'git_repo_dag' retrieved from /opt/airflow/dags/5-github_operator.py
[2024-11-17T17:34:35.981+0000] {logging_mixin.py:190} INFO - [2024-11-17T17:34:35.980+0000] {dag.py:3239} INFO - Sync 1 DAGs
[2024-11-17T17:34:36.011+0000] {logging_mixin.py:190} INFO - [2024-11-17T17:34:36.010+0000] {dag.py:4180} INFO - Setting next_dagrun for git_repo_dag to 2024-11-16 23:00:00+00:00, run_after=2024-11-17 23:00:00+00:00
[2024-11-17T17:34:36.036+0000] {processor.py:208} INFO - Processing /opt/airflow/dags/5-github_operator.py took 0.133 seconds
[2024-11-17T17:35:06.732+0000] {processor.py:186} INFO - Started process (PID=1294) to work on /opt/airflow/dags/5-github_operator.py
[2024-11-17T17:35:06.734+0000] {processor.py:914} INFO - Processing file /opt/airflow/dags/5-github_operator.py for tasks to queue
[2024-11-17T17:35:06.739+0000] {logging_mixin.py:190} INFO - [2024-11-17T17:35:06.738+0000] {dagbag.py:588} INFO - Filling up the DagBag from /opt/airflow/dags/5-github_operator.py
[2024-11-17T17:35:06.755+0000] {processor.py:925} INFO - DAG(s) 'git_repo_dag' retrieved from /opt/airflow/dags/5-github_operator.py
[2024-11-17T17:35:06.790+0000] {logging_mixin.py:190} INFO - [2024-11-17T17:35:06.790+0000] {dag.py:3239} INFO - Sync 1 DAGs
[2024-11-17T17:35:06.817+0000] {logging_mixin.py:190} INFO - [2024-11-17T17:35:06.817+0000] {dag.py:4180} INFO - Setting next_dagrun for git_repo_dag to 2024-11-16 23:00:00+00:00, run_after=2024-11-17 23:00:00+00:00
[2024-11-17T17:35:06.843+0000] {processor.py:208} INFO - Processing /opt/airflow/dags/5-github_operator.py took 0.118 seconds
[2024-11-17T17:35:37.725+0000] {processor.py:186} INFO - Started process (PID=1335) to work on /opt/airflow/dags/5-github_operator.py
[2024-11-17T17:35:37.727+0000] {processor.py:914} INFO - Processing file /opt/airflow/dags/5-github_operator.py for tasks to queue
[2024-11-17T17:35:37.735+0000] {logging_mixin.py:190} INFO - [2024-11-17T17:35:37.734+0000] {dagbag.py:588} INFO - Filling up the DagBag from /opt/airflow/dags/5-github_operator.py
[2024-11-17T17:35:37.759+0000] {processor.py:925} INFO - DAG(s) 'git_repo_dag' retrieved from /opt/airflow/dags/5-github_operator.py
[2024-11-17T17:35:37.805+0000] {logging_mixin.py:190} INFO - [2024-11-17T17:35:37.804+0000] {dag.py:3239} INFO - Sync 1 DAGs
[2024-11-17T17:35:37.843+0000] {logging_mixin.py:190} INFO - [2024-11-17T17:35:37.842+0000] {dag.py:4180} INFO - Setting next_dagrun for git_repo_dag to 2024-11-16 23:00:00+00:00, run_after=2024-11-17 23:00:00+00:00
[2024-11-17T17:35:37.890+0000] {processor.py:208} INFO - Processing /opt/airflow/dags/5-github_operator.py took 0.172 seconds
[2024-11-17T17:36:08.617+0000] {processor.py:186} INFO - Started process (PID=1376) to work on /opt/airflow/dags/5-github_operator.py
[2024-11-17T17:36:08.619+0000] {processor.py:914} INFO - Processing file /opt/airflow/dags/5-github_operator.py for tasks to queue
[2024-11-17T17:36:08.622+0000] {logging_mixin.py:190} INFO - [2024-11-17T17:36:08.622+0000] {dagbag.py:588} INFO - Filling up the DagBag from /opt/airflow/dags/5-github_operator.py
[2024-11-17T17:36:08.652+0000] {processor.py:925} INFO - DAG(s) 'git_repo_dag' retrieved from /opt/airflow/dags/5-github_operator.py
[2024-11-17T17:36:08.700+0000] {logging_mixin.py:190} INFO - [2024-11-17T17:36:08.699+0000] {dag.py:3239} INFO - Sync 1 DAGs
[2024-11-17T17:36:08.728+0000] {logging_mixin.py:190} INFO - [2024-11-17T17:36:08.727+0000] {dag.py:4180} INFO - Setting next_dagrun for git_repo_dag to 2024-11-16 23:00:00+00:00, run_after=2024-11-17 23:00:00+00:00
[2024-11-17T17:36:08.759+0000] {processor.py:208} INFO - Processing /opt/airflow/dags/5-github_operator.py took 0.150 seconds
[2024-11-17T17:36:39.493+0000] {processor.py:186} INFO - Started process (PID=1417) to work on /opt/airflow/dags/5-github_operator.py
[2024-11-17T17:36:39.495+0000] {processor.py:914} INFO - Processing file /opt/airflow/dags/5-github_operator.py for tasks to queue
[2024-11-17T17:36:39.499+0000] {logging_mixin.py:190} INFO - [2024-11-17T17:36:39.498+0000] {dagbag.py:588} INFO - Filling up the DagBag from /opt/airflow/dags/5-github_operator.py
[2024-11-17T17:36:39.512+0000] {processor.py:925} INFO - DAG(s) 'git_repo_dag' retrieved from /opt/airflow/dags/5-github_operator.py
[2024-11-17T17:36:39.545+0000] {logging_mixin.py:190} INFO - [2024-11-17T17:36:39.544+0000] {dag.py:3239} INFO - Sync 1 DAGs
[2024-11-17T17:36:39.571+0000] {logging_mixin.py:190} INFO - [2024-11-17T17:36:39.570+0000] {dag.py:4180} INFO - Setting next_dagrun for git_repo_dag to 2024-11-16 23:00:00+00:00, run_after=2024-11-17 23:00:00+00:00
[2024-11-17T17:36:39.596+0000] {processor.py:208} INFO - Processing /opt/airflow/dags/5-github_operator.py took 0.109 seconds
[2024-11-17T17:37:09.780+0000] {processor.py:186} INFO - Started process (PID=1460) to work on /opt/airflow/dags/5-github_operator.py
[2024-11-17T17:37:09.781+0000] {processor.py:914} INFO - Processing file /opt/airflow/dags/5-github_operator.py for tasks to queue
[2024-11-17T17:37:09.785+0000] {logging_mixin.py:190} INFO - [2024-11-17T17:37:09.784+0000] {dagbag.py:588} INFO - Filling up the DagBag from /opt/airflow/dags/5-github_operator.py
[2024-11-17T17:37:09.799+0000] {processor.py:925} INFO - DAG(s) 'git_repo_dag' retrieved from /opt/airflow/dags/5-github_operator.py
[2024-11-17T17:37:09.831+0000] {logging_mixin.py:190} INFO - [2024-11-17T17:37:09.830+0000] {dag.py:3239} INFO - Sync 1 DAGs
[2024-11-17T17:37:09.856+0000] {logging_mixin.py:190} INFO - [2024-11-17T17:37:09.855+0000] {dag.py:4180} INFO - Setting next_dagrun for git_repo_dag to 2024-11-16 23:00:00+00:00, run_after=2024-11-17 23:00:00+00:00
[2024-11-17T17:37:09.877+0000] {processor.py:208} INFO - Processing /opt/airflow/dags/5-github_operator.py took 0.105 seconds
[2024-11-17T17:37:39.976+0000] {processor.py:186} INFO - Started process (PID=1501) to work on /opt/airflow/dags/5-github_operator.py
[2024-11-17T17:37:39.979+0000] {processor.py:914} INFO - Processing file /opt/airflow/dags/5-github_operator.py for tasks to queue
[2024-11-17T17:37:39.983+0000] {logging_mixin.py:190} INFO - [2024-11-17T17:37:39.982+0000] {dagbag.py:588} INFO - Filling up the DagBag from /opt/airflow/dags/5-github_operator.py
[2024-11-17T17:37:39.998+0000] {processor.py:925} INFO - DAG(s) 'git_repo_dag' retrieved from /opt/airflow/dags/5-github_operator.py
[2024-11-17T17:37:40.036+0000] {logging_mixin.py:190} INFO - [2024-11-17T17:37:40.036+0000] {dag.py:3239} INFO - Sync 1 DAGs
[2024-11-17T17:37:40.068+0000] {logging_mixin.py:190} INFO - [2024-11-17T17:37:40.067+0000] {dag.py:4180} INFO - Setting next_dagrun for git_repo_dag to 2024-11-16 23:00:00+00:00, run_after=2024-11-17 23:00:00+00:00
[2024-11-17T17:37:40.097+0000] {processor.py:208} INFO - Processing /opt/airflow/dags/5-github_operator.py took 0.129 seconds
[2024-11-17T17:38:10.959+0000] {processor.py:186} INFO - Started process (PID=1540) to work on /opt/airflow/dags/5-github_operator.py
[2024-11-17T17:38:10.960+0000] {processor.py:914} INFO - Processing file /opt/airflow/dags/5-github_operator.py for tasks to queue
[2024-11-17T17:38:10.965+0000] {logging_mixin.py:190} INFO - [2024-11-17T17:38:10.964+0000] {dagbag.py:588} INFO - Filling up the DagBag from /opt/airflow/dags/5-github_operator.py
[2024-11-17T17:38:10.983+0000] {processor.py:925} INFO - DAG(s) 'git_repo_dag' retrieved from /opt/airflow/dags/5-github_operator.py
[2024-11-17T17:38:11.021+0000] {logging_mixin.py:190} INFO - [2024-11-17T17:38:11.020+0000] {dag.py:3239} INFO - Sync 1 DAGs
[2024-11-17T17:38:11.049+0000] {logging_mixin.py:190} INFO - [2024-11-17T17:38:11.048+0000] {dag.py:4180} INFO - Setting next_dagrun for git_repo_dag to 2024-11-16 23:00:00+00:00, run_after=2024-11-17 23:00:00+00:00
[2024-11-17T17:38:11.081+0000] {processor.py:208} INFO - Processing /opt/airflow/dags/5-github_operator.py took 0.131 seconds
[2024-11-17T17:38:41.855+0000] {processor.py:186} INFO - Started process (PID=1581) to work on /opt/airflow/dags/5-github_operator.py
[2024-11-17T17:38:41.856+0000] {processor.py:914} INFO - Processing file /opt/airflow/dags/5-github_operator.py for tasks to queue
[2024-11-17T17:38:41.860+0000] {logging_mixin.py:190} INFO - [2024-11-17T17:38:41.860+0000] {dagbag.py:588} INFO - Filling up the DagBag from /opt/airflow/dags/5-github_operator.py
[2024-11-17T17:38:41.880+0000] {processor.py:925} INFO - DAG(s) 'git_repo_dag' retrieved from /opt/airflow/dags/5-github_operator.py
[2024-11-17T17:38:41.931+0000] {logging_mixin.py:190} INFO - [2024-11-17T17:38:41.930+0000] {dag.py:3239} INFO - Sync 1 DAGs
[2024-11-17T17:38:41.965+0000] {logging_mixin.py:190} INFO - [2024-11-17T17:38:41.964+0000] {dag.py:4180} INFO - Setting next_dagrun for git_repo_dag to 2024-11-16 23:00:00+00:00, run_after=2024-11-17 23:00:00+00:00
[2024-11-17T17:38:42.002+0000] {processor.py:208} INFO - Processing /opt/airflow/dags/5-github_operator.py took 0.155 seconds
[2024-11-17T17:39:12.753+0000] {processor.py:186} INFO - Started process (PID=1622) to work on /opt/airflow/dags/5-github_operator.py
[2024-11-17T17:39:12.755+0000] {processor.py:914} INFO - Processing file /opt/airflow/dags/5-github_operator.py for tasks to queue
[2024-11-17T17:39:12.759+0000] {logging_mixin.py:190} INFO - [2024-11-17T17:39:12.758+0000] {dagbag.py:588} INFO - Filling up the DagBag from /opt/airflow/dags/5-github_operator.py
[2024-11-17T17:39:12.779+0000] {processor.py:925} INFO - DAG(s) 'git_repo_dag' retrieved from /opt/airflow/dags/5-github_operator.py
[2024-11-17T17:39:12.818+0000] {logging_mixin.py:190} INFO - [2024-11-17T17:39:12.818+0000] {dag.py:3239} INFO - Sync 1 DAGs
[2024-11-17T17:39:12.847+0000] {logging_mixin.py:190} INFO - [2024-11-17T17:39:12.847+0000] {dag.py:4180} INFO - Setting next_dagrun for git_repo_dag to 2024-11-16 23:00:00+00:00, run_after=2024-11-17 23:00:00+00:00
[2024-11-17T17:39:12.876+0000] {processor.py:208} INFO - Processing /opt/airflow/dags/5-github_operator.py took 0.130 seconds
[2024-11-17T17:39:43.721+0000] {processor.py:186} INFO - Started process (PID=1663) to work on /opt/airflow/dags/5-github_operator.py
[2024-11-17T17:39:43.723+0000] {processor.py:914} INFO - Processing file /opt/airflow/dags/5-github_operator.py for tasks to queue
[2024-11-17T17:39:43.730+0000] {logging_mixin.py:190} INFO - [2024-11-17T17:39:43.729+0000] {dagbag.py:588} INFO - Filling up the DagBag from /opt/airflow/dags/5-github_operator.py
[2024-11-17T17:39:43.746+0000] {processor.py:925} INFO - DAG(s) 'git_repo_dag' retrieved from /opt/airflow/dags/5-github_operator.py
[2024-11-17T17:39:43.801+0000] {logging_mixin.py:190} INFO - [2024-11-17T17:39:43.800+0000] {dag.py:3239} INFO - Sync 1 DAGs
[2024-11-17T17:39:43.831+0000] {logging_mixin.py:190} INFO - [2024-11-17T17:39:43.830+0000] {dag.py:4180} INFO - Setting next_dagrun for git_repo_dag to 2024-11-16 23:00:00+00:00, run_after=2024-11-17 23:00:00+00:00
[2024-11-17T17:39:43.861+0000] {processor.py:208} INFO - Processing /opt/airflow/dags/5-github_operator.py took 0.147 seconds
[2024-11-17T17:40:14.553+0000] {processor.py:186} INFO - Started process (PID=1704) to work on /opt/airflow/dags/5-github_operator.py
[2024-11-17T17:40:14.555+0000] {processor.py:914} INFO - Processing file /opt/airflow/dags/5-github_operator.py for tasks to queue
[2024-11-17T17:40:14.559+0000] {logging_mixin.py:190} INFO - [2024-11-17T17:40:14.559+0000] {dagbag.py:588} INFO - Filling up the DagBag from /opt/airflow/dags/5-github_operator.py
[2024-11-17T17:40:14.576+0000] {processor.py:925} INFO - DAG(s) 'git_repo_dag' retrieved from /opt/airflow/dags/5-github_operator.py
[2024-11-17T17:40:14.611+0000] {logging_mixin.py:190} INFO - [2024-11-17T17:40:14.610+0000] {dag.py:3239} INFO - Sync 1 DAGs
[2024-11-17T17:40:14.637+0000] {logging_mixin.py:190} INFO - [2024-11-17T17:40:14.636+0000] {dag.py:4180} INFO - Setting next_dagrun for git_repo_dag to 2024-11-16 23:00:00+00:00, run_after=2024-11-17 23:00:00+00:00
[2024-11-17T17:40:14.661+0000] {processor.py:208} INFO - Processing /opt/airflow/dags/5-github_operator.py took 0.117 seconds
[2024-11-17T17:40:45.285+0000] {processor.py:186} INFO - Started process (PID=1745) to work on /opt/airflow/dags/5-github_operator.py
[2024-11-17T17:40:45.287+0000] {processor.py:914} INFO - Processing file /opt/airflow/dags/5-github_operator.py for tasks to queue
[2024-11-17T17:40:45.290+0000] {logging_mixin.py:190} INFO - [2024-11-17T17:40:45.290+0000] {dagbag.py:588} INFO - Filling up the DagBag from /opt/airflow/dags/5-github_operator.py
[2024-11-17T17:40:45.307+0000] {processor.py:925} INFO - DAG(s) 'git_repo_dag' retrieved from /opt/airflow/dags/5-github_operator.py
[2024-11-17T17:40:45.348+0000] {logging_mixin.py:190} INFO - [2024-11-17T17:40:45.347+0000] {dag.py:3239} INFO - Sync 1 DAGs
[2024-11-17T17:40:45.379+0000] {logging_mixin.py:190} INFO - [2024-11-17T17:40:45.379+0000] {dag.py:4180} INFO - Setting next_dagrun for git_repo_dag to 2024-11-16 23:00:00+00:00, run_after=2024-11-17 23:00:00+00:00
[2024-11-17T17:40:45.412+0000] {processor.py:208} INFO - Processing /opt/airflow/dags/5-github_operator.py took 0.136 seconds
[2024-11-17T17:41:16.350+0000] {processor.py:186} INFO - Started process (PID=1786) to work on /opt/airflow/dags/5-github_operator.py
[2024-11-17T17:41:16.352+0000] {processor.py:914} INFO - Processing file /opt/airflow/dags/5-github_operator.py for tasks to queue
[2024-11-17T17:41:16.357+0000] {logging_mixin.py:190} INFO - [2024-11-17T17:41:16.356+0000] {dagbag.py:588} INFO - Filling up the DagBag from /opt/airflow/dags/5-github_operator.py
[2024-11-17T17:41:16.381+0000] {processor.py:925} INFO - DAG(s) 'git_repo_dag' retrieved from /opt/airflow/dags/5-github_operator.py
[2024-11-17T17:41:16.423+0000] {logging_mixin.py:190} INFO - [2024-11-17T17:41:16.423+0000] {dag.py:3239} INFO - Sync 1 DAGs
[2024-11-17T17:41:16.457+0000] {logging_mixin.py:190} INFO - [2024-11-17T17:41:16.457+0000] {dag.py:4180} INFO - Setting next_dagrun for git_repo_dag to 2024-11-16 23:00:00+00:00, run_after=2024-11-17 23:00:00+00:00
[2024-11-17T17:41:16.497+0000] {processor.py:208} INFO - Processing /opt/airflow/dags/5-github_operator.py took 0.154 seconds
[2024-11-17T17:41:47.385+0000] {processor.py:186} INFO - Started process (PID=1827) to work on /opt/airflow/dags/5-github_operator.py
[2024-11-17T17:41:47.388+0000] {processor.py:914} INFO - Processing file /opt/airflow/dags/5-github_operator.py for tasks to queue
[2024-11-17T17:41:47.394+0000] {logging_mixin.py:190} INFO - [2024-11-17T17:41:47.393+0000] {dagbag.py:588} INFO - Filling up the DagBag from /opt/airflow/dags/5-github_operator.py
[2024-11-17T17:41:47.413+0000] {processor.py:925} INFO - DAG(s) 'git_repo_dag' retrieved from /opt/airflow/dags/5-github_operator.py
[2024-11-17T17:41:47.466+0000] {logging_mixin.py:190} INFO - [2024-11-17T17:41:47.465+0000] {dag.py:3239} INFO - Sync 1 DAGs
[2024-11-17T17:41:47.500+0000] {logging_mixin.py:190} INFO - [2024-11-17T17:41:47.500+0000] {dag.py:4180} INFO - Setting next_dagrun for git_repo_dag to 2024-11-16 23:00:00+00:00, run_after=2024-11-17 23:00:00+00:00
[2024-11-17T17:41:47.534+0000] {processor.py:208} INFO - Processing /opt/airflow/dags/5-github_operator.py took 0.160 seconds
[2024-11-17T17:42:18.269+0000] {processor.py:186} INFO - Started process (PID=1868) to work on /opt/airflow/dags/5-github_operator.py
[2024-11-17T17:42:18.271+0000] {processor.py:914} INFO - Processing file /opt/airflow/dags/5-github_operator.py for tasks to queue
[2024-11-17T17:42:18.275+0000] {logging_mixin.py:190} INFO - [2024-11-17T17:42:18.274+0000] {dagbag.py:588} INFO - Filling up the DagBag from /opt/airflow/dags/5-github_operator.py
[2024-11-17T17:42:18.291+0000] {processor.py:925} INFO - DAG(s) 'git_repo_dag' retrieved from /opt/airflow/dags/5-github_operator.py
[2024-11-17T17:42:18.336+0000] {logging_mixin.py:190} INFO - [2024-11-17T17:42:18.335+0000] {dag.py:3239} INFO - Sync 1 DAGs
[2024-11-17T17:42:18.365+0000] {logging_mixin.py:190} INFO - [2024-11-17T17:42:18.365+0000] {dag.py:4180} INFO - Setting next_dagrun for git_repo_dag to 2024-11-16 23:00:00+00:00, run_after=2024-11-17 23:00:00+00:00
[2024-11-17T17:42:18.398+0000] {processor.py:208} INFO - Processing /opt/airflow/dags/5-github_operator.py took 0.137 seconds
