[2024-11-17T13:56:24.790+0000] {processor.py:186} INFO - Started process (PID=221) to work on /opt/airflow/dags/6-connections.py
[2024-11-17T13:56:24.802+0000] {processor.py:914} INFO - Processing file /opt/airflow/dags/6-connections.py for tasks to queue
[2024-11-17T13:56:24.874+0000] {logging_mixin.py:190} INFO - [2024-11-17T13:56:24.871+0000] {dagbag.py:588} INFO - Filling up the DagBag from /opt/airflow/dags/6-connections.py
[2024-11-17T13:56:24.943+0000] {processor.py:927} WARNING - No viable dags retrieved from /opt/airflow/dags/6-connections.py
[2024-11-17T13:56:25.147+0000] {processor.py:208} INFO - Processing /opt/airflow/dags/6-connections.py took 0.424 seconds
[2024-11-17T13:56:55.973+0000] {processor.py:186} INFO - Started process (PID=322) to work on /opt/airflow/dags/6-connections.py
[2024-11-17T13:56:55.979+0000] {processor.py:914} INFO - Processing file /opt/airflow/dags/6-connections.py for tasks to queue
[2024-11-17T13:56:55.989+0000] {logging_mixin.py:190} INFO - [2024-11-17T13:56:55.988+0000] {dagbag.py:588} INFO - Filling up the DagBag from /opt/airflow/dags/6-connections.py
[2024-11-17T13:56:56.183+0000] {processor.py:927} WARNING - No viable dags retrieved from /opt/airflow/dags/6-connections.py
[2024-11-17T13:56:56.577+0000] {processor.py:208} INFO - Processing /opt/airflow/dags/6-connections.py took 0.643 seconds
[2024-11-17T13:57:29.674+0000] {processor.py:186} INFO - Started process (PID=406) to work on /opt/airflow/dags/6-connections.py
[2024-11-17T13:57:29.703+0000] {processor.py:914} INFO - Processing file /opt/airflow/dags/6-connections.py for tasks to queue
[2024-11-17T13:57:29.790+0000] {logging_mixin.py:190} INFO - [2024-11-17T13:57:29.726+0000] {dagbag.py:588} INFO - Filling up the DagBag from /opt/airflow/dags/6-connections.py
[2024-11-17T13:57:30.103+0000] {processor.py:927} WARNING - No viable dags retrieved from /opt/airflow/dags/6-connections.py
[2024-11-17T13:57:30.971+0000] {processor.py:208} INFO - Processing /opt/airflow/dags/6-connections.py took 1.423 seconds
[2024-11-17T13:58:01.414+0000] {processor.py:186} INFO - Started process (PID=448) to work on /opt/airflow/dags/6-connections.py
[2024-11-17T13:58:01.416+0000] {processor.py:914} INFO - Processing file /opt/airflow/dags/6-connections.py for tasks to queue
[2024-11-17T13:58:01.419+0000] {logging_mixin.py:190} INFO - [2024-11-17T13:58:01.419+0000] {dagbag.py:588} INFO - Filling up the DagBag from /opt/airflow/dags/6-connections.py
[2024-11-17T13:58:01.432+0000] {processor.py:927} WARNING - No viable dags retrieved from /opt/airflow/dags/6-connections.py
[2024-11-17T13:58:01.469+0000] {processor.py:208} INFO - Processing /opt/airflow/dags/6-connections.py took 0.068 seconds
[2024-11-17T13:58:32.112+0000] {processor.py:186} INFO - Started process (PID=489) to work on /opt/airflow/dags/6-connections.py
[2024-11-17T13:58:32.116+0000] {processor.py:914} INFO - Processing file /opt/airflow/dags/6-connections.py for tasks to queue
[2024-11-17T13:58:32.122+0000] {logging_mixin.py:190} INFO - [2024-11-17T13:58:32.121+0000] {dagbag.py:588} INFO - Filling up the DagBag from /opt/airflow/dags/6-connections.py
[2024-11-17T13:58:32.192+0000] {processor.py:927} WARNING - No viable dags retrieved from /opt/airflow/dags/6-connections.py
[2024-11-17T13:58:32.600+0000] {processor.py:208} INFO - Processing /opt/airflow/dags/6-connections.py took 0.503 seconds
[2024-11-17T13:59:02.978+0000] {processor.py:186} INFO - Started process (PID=530) to work on /opt/airflow/dags/6-connections.py
[2024-11-17T13:59:02.980+0000] {processor.py:914} INFO - Processing file /opt/airflow/dags/6-connections.py for tasks to queue
[2024-11-17T13:59:02.981+0000] {logging_mixin.py:190} INFO - [2024-11-17T13:59:02.981+0000] {dagbag.py:588} INFO - Filling up the DagBag from /opt/airflow/dags/6-connections.py
[2024-11-17T13:59:02.995+0000] {processor.py:927} WARNING - No viable dags retrieved from /opt/airflow/dags/6-connections.py
[2024-11-17T13:59:03.031+0000] {processor.py:208} INFO - Processing /opt/airflow/dags/6-connections.py took 0.067 seconds
[2024-11-17T14:04:02.555+0000] {processor.py:186} INFO - Started process (PID=219) to work on /opt/airflow/dags/6-connections.py
[2024-11-17T14:04:02.562+0000] {processor.py:914} INFO - Processing file /opt/airflow/dags/6-connections.py for tasks to queue
[2024-11-17T14:04:02.578+0000] {logging_mixin.py:190} INFO - [2024-11-17T14:04:02.577+0000] {dagbag.py:588} INFO - Filling up the DagBag from /opt/airflow/dags/6-connections.py
[2024-11-17T14:04:02.611+0000] {processor.py:927} WARNING - No viable dags retrieved from /opt/airflow/dags/6-connections.py
[2024-11-17T14:04:02.686+0000] {processor.py:208} INFO - Processing /opt/airflow/dags/6-connections.py took 0.158 seconds
[2024-11-17T14:04:33.099+0000] {processor.py:186} INFO - Started process (PID=257) to work on /opt/airflow/dags/6-connections.py
[2024-11-17T14:04:33.103+0000] {processor.py:914} INFO - Processing file /opt/airflow/dags/6-connections.py for tasks to queue
[2024-11-17T14:04:33.285+0000] {logging_mixin.py:190} INFO - [2024-11-17T14:04:33.279+0000] {dagbag.py:588} INFO - Filling up the DagBag from /opt/airflow/dags/6-connections.py
[2024-11-17T14:04:33.314+0000] {processor.py:927} WARNING - No viable dags retrieved from /opt/airflow/dags/6-connections.py
[2024-11-17T14:04:33.561+0000] {processor.py:208} INFO - Processing /opt/airflow/dags/6-connections.py took 0.524 seconds
[2024-11-17T14:07:13.454+0000] {processor.py:186} INFO - Started process (PID=209) to work on /opt/airflow/dags/6-connections.py
[2024-11-17T14:07:13.456+0000] {processor.py:914} INFO - Processing file /opt/airflow/dags/6-connections.py for tasks to queue
[2024-11-17T14:07:13.462+0000] {logging_mixin.py:190} INFO - [2024-11-17T14:07:13.461+0000] {dagbag.py:588} INFO - Filling up the DagBag from /opt/airflow/dags/6-connections.py
[2024-11-17T14:07:13.472+0000] {processor.py:927} WARNING - No viable dags retrieved from /opt/airflow/dags/6-connections.py
[2024-11-17T14:07:13.509+0000] {processor.py:208} INFO - Processing /opt/airflow/dags/6-connections.py took 0.070 seconds
[2024-11-17T14:07:43.747+0000] {processor.py:186} INFO - Started process (PID=248) to work on /opt/airflow/dags/6-connections.py
[2024-11-17T14:07:43.750+0000] {processor.py:914} INFO - Processing file /opt/airflow/dags/6-connections.py for tasks to queue
[2024-11-17T14:07:43.761+0000] {logging_mixin.py:190} INFO - [2024-11-17T14:07:43.759+0000] {dagbag.py:588} INFO - Filling up the DagBag from /opt/airflow/dags/6-connections.py
[2024-11-17T14:07:43.780+0000] {processor.py:927} WARNING - No viable dags retrieved from /opt/airflow/dags/6-connections.py
[2024-11-17T14:07:43.825+0000] {processor.py:208} INFO - Processing /opt/airflow/dags/6-connections.py took 0.085 seconds
[2024-11-17T14:08:14.750+0000] {processor.py:186} INFO - Started process (PID=289) to work on /opt/airflow/dags/6-connections.py
[2024-11-17T14:08:14.752+0000] {processor.py:914} INFO - Processing file /opt/airflow/dags/6-connections.py for tasks to queue
[2024-11-17T14:08:14.756+0000] {logging_mixin.py:190} INFO - [2024-11-17T14:08:14.755+0000] {dagbag.py:588} INFO - Filling up the DagBag from /opt/airflow/dags/6-connections.py
[2024-11-17T14:08:14.766+0000] {processor.py:927} WARNING - No viable dags retrieved from /opt/airflow/dags/6-connections.py
[2024-11-17T14:08:14.815+0000] {processor.py:208} INFO - Processing /opt/airflow/dags/6-connections.py took 0.074 seconds
[2024-11-17T14:08:44.992+0000] {processor.py:186} INFO - Started process (PID=335) to work on /opt/airflow/dags/6-connections.py
[2024-11-17T14:08:44.994+0000] {processor.py:914} INFO - Processing file /opt/airflow/dags/6-connections.py for tasks to queue
[2024-11-17T14:08:45.005+0000] {logging_mixin.py:190} INFO - [2024-11-17T14:08:45.004+0000] {dagbag.py:588} INFO - Filling up the DagBag from /opt/airflow/dags/6-connections.py
[2024-11-17T14:08:45.024+0000] {processor.py:927} WARNING - No viable dags retrieved from /opt/airflow/dags/6-connections.py
[2024-11-17T14:08:45.071+0000] {processor.py:208} INFO - Processing /opt/airflow/dags/6-connections.py took 0.099 seconds
[2024-11-17T14:09:15.183+0000] {processor.py:186} INFO - Started process (PID=373) to work on /opt/airflow/dags/6-connections.py
[2024-11-17T14:09:15.185+0000] {processor.py:914} INFO - Processing file /opt/airflow/dags/6-connections.py for tasks to queue
[2024-11-17T14:09:15.189+0000] {logging_mixin.py:190} INFO - [2024-11-17T14:09:15.189+0000] {dagbag.py:588} INFO - Filling up the DagBag from /opt/airflow/dags/6-connections.py
[2024-11-17T14:09:15.199+0000] {processor.py:927} WARNING - No viable dags retrieved from /opt/airflow/dags/6-connections.py
[2024-11-17T14:09:15.224+0000] {processor.py:208} INFO - Processing /opt/airflow/dags/6-connections.py took 0.049 seconds
[2024-11-17T14:10:02.807+0000] {processor.py:186} INFO - Started process (PID=393) to work on /opt/airflow/dags/6-connections.py
[2024-11-17T14:10:02.949+0000] {processor.py:914} INFO - Processing file /opt/airflow/dags/6-connections.py for tasks to queue
[2024-11-17T14:10:02.955+0000] {logging_mixin.py:190} INFO - [2024-11-17T14:10:02.954+0000] {dagbag.py:588} INFO - Filling up the DagBag from /opt/airflow/dags/6-connections.py
[2024-11-17T14:10:02.988+0000] {processor.py:927} WARNING - No viable dags retrieved from /opt/airflow/dags/6-connections.py
[2024-11-17T14:10:03.108+0000] {processor.py:208} INFO - Processing /opt/airflow/dags/6-connections.py took 0.311 seconds
[2024-11-17T14:10:36.964+0000] {processor.py:186} INFO - Started process (PID=434) to work on /opt/airflow/dags/6-connections.py
[2024-11-17T14:10:37.119+0000] {processor.py:914} INFO - Processing file /opt/airflow/dags/6-connections.py for tasks to queue
[2024-11-17T14:10:37.346+0000] {logging_mixin.py:190} INFO - [2024-11-17T14:10:37.313+0000] {dagbag.py:588} INFO - Filling up the DagBag from /opt/airflow/dags/6-connections.py
[2024-11-17T14:10:37.818+0000] {processor.py:927} WARNING - No viable dags retrieved from /opt/airflow/dags/6-connections.py
[2024-11-17T14:10:39.184+0000] {processor.py:208} INFO - Processing /opt/airflow/dags/6-connections.py took 3.368 seconds
[2024-11-17T15:34:31.648+0000] {processor.py:186} INFO - Started process (PID=473) to work on /opt/airflow/dags/6-connections.py
[2024-11-17T15:34:31.798+0000] {processor.py:914} INFO - Processing file /opt/airflow/dags/6-connections.py for tasks to queue
[2024-11-17T15:34:32.146+0000] {logging_mixin.py:190} INFO - [2024-11-17T15:34:32.095+0000] {dagbag.py:588} INFO - Filling up the DagBag from /opt/airflow/dags/6-connections.py
[2024-11-17T15:34:32.934+0000] {processor.py:927} WARNING - No viable dags retrieved from /opt/airflow/dags/6-connections.py
[2024-11-17T15:34:34.069+0000] {processor.py:208} INFO - Processing /opt/airflow/dags/6-connections.py took 3.205 seconds
[2024-11-17T16:10:02.778+0000] {processor.py:186} INFO - Started process (PID=521) to work on /opt/airflow/dags/6-connections.py
[2024-11-17T16:10:02.780+0000] {processor.py:914} INFO - Processing file /opt/airflow/dags/6-connections.py for tasks to queue
[2024-11-17T16:10:02.784+0000] {logging_mixin.py:190} INFO - [2024-11-17T16:10:02.782+0000] {dagbag.py:588} INFO - Filling up the DagBag from /opt/airflow/dags/6-connections.py
[2024-11-17T16:10:02.800+0000] {processor.py:927} WARNING - No viable dags retrieved from /opt/airflow/dags/6-connections.py
[2024-11-17T16:10:02.863+0000] {processor.py:208} INFO - Processing /opt/airflow/dags/6-connections.py took 0.107 seconds
[2024-11-17T16:15:31.529+0000] {processor.py:186} INFO - Started process (PID=547) to work on /opt/airflow/dags/6-connections.py
[2024-11-17T16:15:31.531+0000] {processor.py:914} INFO - Processing file /opt/airflow/dags/6-connections.py for tasks to queue
[2024-11-17T16:15:31.538+0000] {logging_mixin.py:190} INFO - [2024-11-17T16:15:31.537+0000] {dagbag.py:588} INFO - Filling up the DagBag from /opt/airflow/dags/6-connections.py
[2024-11-17T16:15:31.547+0000] {processor.py:927} WARNING - No viable dags retrieved from /opt/airflow/dags/6-connections.py
[2024-11-17T16:15:31.577+0000] {processor.py:208} INFO - Processing /opt/airflow/dags/6-connections.py took 0.058 seconds
[2024-11-17T17:11:03.140+0000] {processor.py:186} INFO - Started process (PID=586) to work on /opt/airflow/dags/6-connections.py
[2024-11-17T17:11:03.269+0000] {processor.py:914} INFO - Processing file /opt/airflow/dags/6-connections.py for tasks to queue
[2024-11-17T17:11:03.274+0000] {logging_mixin.py:190} INFO - [2024-11-17T17:11:03.273+0000] {dagbag.py:588} INFO - Filling up the DagBag from /opt/airflow/dags/6-connections.py
[2024-11-17T17:11:03.325+0000] {processor.py:927} WARNING - No viable dags retrieved from /opt/airflow/dags/6-connections.py
[2024-11-17T17:11:03.527+0000] {processor.py:208} INFO - Processing /opt/airflow/dags/6-connections.py took 3293.962 seconds
[2024-11-17T17:26:52.019+0000] {processor.py:186} INFO - Started process (PID=629) to work on /opt/airflow/dags/6-connections.py
[2024-11-17T17:26:52.049+0000] {processor.py:914} INFO - Processing file /opt/airflow/dags/6-connections.py for tasks to queue
[2024-11-17T17:26:52.057+0000] {logging_mixin.py:190} INFO - [2024-11-17T17:26:52.054+0000] {dagbag.py:588} INFO - Filling up the DagBag from /opt/airflow/dags/6-connections.py
[2024-11-17T17:26:52.076+0000] {processor.py:927} WARNING - No viable dags retrieved from /opt/airflow/dags/6-connections.py
[2024-11-17T17:26:52.344+0000] {processor.py:208} INFO - Processing /opt/airflow/dags/6-connections.py took 0.344 seconds
[2024-11-17T17:27:22.741+0000] {processor.py:186} INFO - Started process (PID=670) to work on /opt/airflow/dags/6-connections.py
[2024-11-17T17:27:22.743+0000] {processor.py:914} INFO - Processing file /opt/airflow/dags/6-connections.py for tasks to queue
[2024-11-17T17:27:22.749+0000] {logging_mixin.py:190} INFO - [2024-11-17T17:27:22.748+0000] {dagbag.py:588} INFO - Filling up the DagBag from /opt/airflow/dags/6-connections.py
[2024-11-17T17:27:22.761+0000] {processor.py:927} WARNING - No viable dags retrieved from /opt/airflow/dags/6-connections.py
[2024-11-17T17:27:22.797+0000] {processor.py:208} INFO - Processing /opt/airflow/dags/6-connections.py took 0.069 seconds
[2024-11-17T17:27:53.879+0000] {processor.py:186} INFO - Started process (PID=711) to work on /opt/airflow/dags/6-connections.py
[2024-11-17T17:27:53.881+0000] {processor.py:914} INFO - Processing file /opt/airflow/dags/6-connections.py for tasks to queue
[2024-11-17T17:27:53.890+0000] {logging_mixin.py:190} INFO - [2024-11-17T17:27:53.889+0000] {dagbag.py:588} INFO - Filling up the DagBag from /opt/airflow/dags/6-connections.py
[2024-11-17T17:27:53.912+0000] {processor.py:927} WARNING - No viable dags retrieved from /opt/airflow/dags/6-connections.py
[2024-11-17T17:27:53.965+0000] {processor.py:208} INFO - Processing /opt/airflow/dags/6-connections.py took 0.109 seconds
[2024-11-17T17:28:24.066+0000] {processor.py:186} INFO - Started process (PID=749) to work on /opt/airflow/dags/6-connections.py
[2024-11-17T17:28:24.070+0000] {processor.py:914} INFO - Processing file /opt/airflow/dags/6-connections.py for tasks to queue
[2024-11-17T17:28:24.074+0000] {logging_mixin.py:190} INFO - [2024-11-17T17:28:24.074+0000] {dagbag.py:588} INFO - Filling up the DagBag from /opt/airflow/dags/6-connections.py
[2024-11-17T17:28:24.084+0000] {processor.py:927} WARNING - No viable dags retrieved from /opt/airflow/dags/6-connections.py
[2024-11-17T17:28:24.105+0000] {processor.py:208} INFO - Processing /opt/airflow/dags/6-connections.py took 0.056 seconds
[2024-11-17T17:28:54.310+0000] {processor.py:186} INFO - Started process (PID=793) to work on /opt/airflow/dags/6-connections.py
[2024-11-17T17:28:54.312+0000] {processor.py:914} INFO - Processing file /opt/airflow/dags/6-connections.py for tasks to queue
[2024-11-17T17:28:54.317+0000] {logging_mixin.py:190} INFO - [2024-11-17T17:28:54.316+0000] {dagbag.py:588} INFO - Filling up the DagBag from /opt/airflow/dags/6-connections.py
[2024-11-17T17:28:54.333+0000] {processor.py:927} WARNING - No viable dags retrieved from /opt/airflow/dags/6-connections.py
[2024-11-17T17:28:54.375+0000] {processor.py:208} INFO - Processing /opt/airflow/dags/6-connections.py took 0.074 seconds
[2024-11-17T17:29:25.167+0000] {processor.py:186} INFO - Started process (PID=834) to work on /opt/airflow/dags/6-connections.py
[2024-11-17T17:29:25.170+0000] {processor.py:914} INFO - Processing file /opt/airflow/dags/6-connections.py for tasks to queue
[2024-11-17T17:29:25.175+0000] {logging_mixin.py:190} INFO - [2024-11-17T17:29:25.175+0000] {dagbag.py:588} INFO - Filling up the DagBag from /opt/airflow/dags/6-connections.py
[2024-11-17T17:29:25.186+0000] {processor.py:927} WARNING - No viable dags retrieved from /opt/airflow/dags/6-connections.py
[2024-11-17T17:29:25.212+0000] {processor.py:208} INFO - Processing /opt/airflow/dags/6-connections.py took 0.053 seconds
[2024-11-17T17:29:56.183+0000] {processor.py:186} INFO - Started process (PID=875) to work on /opt/airflow/dags/6-connections.py
[2024-11-17T17:29:56.185+0000] {processor.py:914} INFO - Processing file /opt/airflow/dags/6-connections.py for tasks to queue
[2024-11-17T17:29:56.189+0000] {logging_mixin.py:190} INFO - [2024-11-17T17:29:56.188+0000] {dagbag.py:588} INFO - Filling up the DagBag from /opt/airflow/dags/6-connections.py
[2024-11-17T17:29:56.205+0000] {processor.py:927} WARNING - No viable dags retrieved from /opt/airflow/dags/6-connections.py
[2024-11-17T17:29:56.236+0000] {processor.py:208} INFO - Processing /opt/airflow/dags/6-connections.py took 0.061 seconds
[2024-11-17T17:30:27.110+0000] {processor.py:186} INFO - Started process (PID=916) to work on /opt/airflow/dags/6-connections.py
[2024-11-17T17:30:27.112+0000] {processor.py:914} INFO - Processing file /opt/airflow/dags/6-connections.py for tasks to queue
[2024-11-17T17:30:27.115+0000] {logging_mixin.py:190} INFO - [2024-11-17T17:30:27.115+0000] {dagbag.py:588} INFO - Filling up the DagBag from /opt/airflow/dags/6-connections.py
[2024-11-17T17:30:27.128+0000] {processor.py:927} WARNING - No viable dags retrieved from /opt/airflow/dags/6-connections.py
[2024-11-17T17:30:27.153+0000] {processor.py:208} INFO - Processing /opt/airflow/dags/6-connections.py took 0.052 seconds
[2024-11-17T17:30:57.874+0000] {processor.py:186} INFO - Started process (PID=957) to work on /opt/airflow/dags/6-connections.py
[2024-11-17T17:30:57.876+0000] {processor.py:914} INFO - Processing file /opt/airflow/dags/6-connections.py for tasks to queue
[2024-11-17T17:30:57.882+0000] {logging_mixin.py:190} INFO - [2024-11-17T17:30:57.882+0000] {dagbag.py:588} INFO - Filling up the DagBag from /opt/airflow/dags/6-connections.py
[2024-11-17T17:30:57.892+0000] {processor.py:927} WARNING - No viable dags retrieved from /opt/airflow/dags/6-connections.py
[2024-11-17T17:30:57.919+0000] {processor.py:208} INFO - Processing /opt/airflow/dags/6-connections.py took 0.052 seconds
[2024-11-17T17:31:28.719+0000] {processor.py:186} INFO - Started process (PID=998) to work on /opt/airflow/dags/6-connections.py
[2024-11-17T17:31:28.721+0000] {processor.py:914} INFO - Processing file /opt/airflow/dags/6-connections.py for tasks to queue
[2024-11-17T17:31:28.727+0000] {logging_mixin.py:190} INFO - [2024-11-17T17:31:28.726+0000] {dagbag.py:588} INFO - Filling up the DagBag from /opt/airflow/dags/6-connections.py
[2024-11-17T17:31:28.743+0000] {processor.py:927} WARNING - No viable dags retrieved from /opt/airflow/dags/6-connections.py
[2024-11-17T17:31:28.776+0000] {processor.py:208} INFO - Processing /opt/airflow/dags/6-connections.py took 0.069 seconds
[2024-11-17T17:31:59.750+0000] {processor.py:186} INFO - Started process (PID=1039) to work on /opt/airflow/dags/6-connections.py
[2024-11-17T17:31:59.769+0000] {processor.py:914} INFO - Processing file /opt/airflow/dags/6-connections.py for tasks to queue
[2024-11-17T17:31:59.784+0000] {logging_mixin.py:190} INFO - [2024-11-17T17:31:59.783+0000] {dagbag.py:588} INFO - Filling up the DagBag from /opt/airflow/dags/6-connections.py
[2024-11-17T17:31:59.844+0000] {processor.py:927} WARNING - No viable dags retrieved from /opt/airflow/dags/6-connections.py
[2024-11-17T17:31:59.934+0000] {processor.py:208} INFO - Processing /opt/airflow/dags/6-connections.py took 0.198 seconds
[2024-11-17T17:32:31.053+0000] {processor.py:186} INFO - Started process (PID=1080) to work on /opt/airflow/dags/6-connections.py
[2024-11-17T17:32:31.055+0000] {processor.py:914} INFO - Processing file /opt/airflow/dags/6-connections.py for tasks to queue
[2024-11-17T17:32:31.060+0000] {logging_mixin.py:190} INFO - [2024-11-17T17:32:31.059+0000] {dagbag.py:588} INFO - Filling up the DagBag from /opt/airflow/dags/6-connections.py
[2024-11-17T17:32:31.223+0000] {processor.py:927} WARNING - No viable dags retrieved from /opt/airflow/dags/6-connections.py
[2024-11-17T17:32:31.281+0000] {processor.py:208} INFO - Processing /opt/airflow/dags/6-connections.py took 0.246 seconds
[2024-11-17T17:33:01.404+0000] {processor.py:186} INFO - Started process (PID=1121) to work on /opt/airflow/dags/6-connections.py
[2024-11-17T17:33:01.405+0000] {processor.py:914} INFO - Processing file /opt/airflow/dags/6-connections.py for tasks to queue
[2024-11-17T17:33:01.410+0000] {logging_mixin.py:190} INFO - [2024-11-17T17:33:01.409+0000] {dagbag.py:588} INFO - Filling up the DagBag from /opt/airflow/dags/6-connections.py
[2024-11-17T17:33:01.420+0000] {processor.py:927} WARNING - No viable dags retrieved from /opt/airflow/dags/6-connections.py
[2024-11-17T17:33:01.452+0000] {processor.py:208} INFO - Processing /opt/airflow/dags/6-connections.py took 0.059 seconds
[2024-11-17T17:33:32.317+0000] {processor.py:186} INFO - Started process (PID=1162) to work on /opt/airflow/dags/6-connections.py
[2024-11-17T17:33:32.319+0000] {processor.py:914} INFO - Processing file /opt/airflow/dags/6-connections.py for tasks to queue
[2024-11-17T17:33:32.322+0000] {logging_mixin.py:190} INFO - [2024-11-17T17:33:32.322+0000] {dagbag.py:588} INFO - Filling up the DagBag from /opt/airflow/dags/6-connections.py
[2024-11-17T17:33:32.338+0000] {processor.py:927} WARNING - No viable dags retrieved from /opt/airflow/dags/6-connections.py
[2024-11-17T17:33:32.361+0000] {processor.py:208} INFO - Processing /opt/airflow/dags/6-connections.py took 0.051 seconds
[2024-11-17T17:34:03.054+0000] {processor.py:186} INFO - Started process (PID=1202) to work on /opt/airflow/dags/6-connections.py
[2024-11-17T17:34:03.056+0000] {processor.py:914} INFO - Processing file /opt/airflow/dags/6-connections.py for tasks to queue
[2024-11-17T17:34:03.060+0000] {logging_mixin.py:190} INFO - [2024-11-17T17:34:03.059+0000] {dagbag.py:588} INFO - Filling up the DagBag from /opt/airflow/dags/6-connections.py
[2024-11-17T17:34:03.068+0000] {processor.py:927} WARNING - No viable dags retrieved from /opt/airflow/dags/6-connections.py
[2024-11-17T17:34:03.089+0000] {processor.py:208} INFO - Processing /opt/airflow/dags/6-connections.py took 0.043 seconds
[2024-11-17T17:34:33.868+0000] {processor.py:186} INFO - Started process (PID=1243) to work on /opt/airflow/dags/6-connections.py
[2024-11-17T17:34:33.869+0000] {processor.py:914} INFO - Processing file /opt/airflow/dags/6-connections.py for tasks to queue
[2024-11-17T17:34:33.872+0000] {logging_mixin.py:190} INFO - [2024-11-17T17:34:33.872+0000] {dagbag.py:588} INFO - Filling up the DagBag from /opt/airflow/dags/6-connections.py
[2024-11-17T17:34:33.878+0000] {processor.py:927} WARNING - No viable dags retrieved from /opt/airflow/dags/6-connections.py
[2024-11-17T17:34:33.900+0000] {processor.py:208} INFO - Processing /opt/airflow/dags/6-connections.py took 0.038 seconds
[2024-11-17T17:35:04.620+0000] {processor.py:186} INFO - Started process (PID=1284) to work on /opt/airflow/dags/6-connections.py
[2024-11-17T17:35:04.622+0000] {processor.py:914} INFO - Processing file /opt/airflow/dags/6-connections.py for tasks to queue
[2024-11-17T17:35:04.625+0000] {logging_mixin.py:190} INFO - [2024-11-17T17:35:04.624+0000] {dagbag.py:588} INFO - Filling up the DagBag from /opt/airflow/dags/6-connections.py
[2024-11-17T17:35:04.632+0000] {processor.py:927} WARNING - No viable dags retrieved from /opt/airflow/dags/6-connections.py
[2024-11-17T17:35:04.652+0000] {processor.py:208} INFO - Processing /opt/airflow/dags/6-connections.py took 0.039 seconds
[2024-11-17T17:35:35.597+0000] {processor.py:186} INFO - Started process (PID=1325) to work on /opt/airflow/dags/6-connections.py
[2024-11-17T17:35:35.599+0000] {processor.py:914} INFO - Processing file /opt/airflow/dags/6-connections.py for tasks to queue
[2024-11-17T17:35:35.603+0000] {logging_mixin.py:190} INFO - [2024-11-17T17:35:35.603+0000] {dagbag.py:588} INFO - Filling up the DagBag from /opt/airflow/dags/6-connections.py
[2024-11-17T17:35:35.614+0000] {processor.py:927} WARNING - No viable dags retrieved from /opt/airflow/dags/6-connections.py
[2024-11-17T17:35:35.637+0000] {processor.py:208} INFO - Processing /opt/airflow/dags/6-connections.py took 0.048 seconds
[2024-11-17T17:36:06.492+0000] {processor.py:186} INFO - Started process (PID=1366) to work on /opt/airflow/dags/6-connections.py
[2024-11-17T17:36:06.494+0000] {processor.py:914} INFO - Processing file /opt/airflow/dags/6-connections.py for tasks to queue
[2024-11-17T17:36:06.497+0000] {logging_mixin.py:190} INFO - [2024-11-17T17:36:06.497+0000] {dagbag.py:588} INFO - Filling up the DagBag from /opt/airflow/dags/6-connections.py
[2024-11-17T17:36:06.509+0000] {processor.py:927} WARNING - No viable dags retrieved from /opt/airflow/dags/6-connections.py
[2024-11-17T17:36:06.539+0000] {processor.py:208} INFO - Processing /opt/airflow/dags/6-connections.py took 0.054 seconds
[2024-11-17T17:36:37.387+0000] {processor.py:186} INFO - Started process (PID=1407) to work on /opt/airflow/dags/6-connections.py
[2024-11-17T17:36:37.388+0000] {processor.py:914} INFO - Processing file /opt/airflow/dags/6-connections.py for tasks to queue
[2024-11-17T17:36:37.391+0000] {logging_mixin.py:190} INFO - [2024-11-17T17:36:37.391+0000] {dagbag.py:588} INFO - Filling up the DagBag from /opt/airflow/dags/6-connections.py
[2024-11-17T17:36:37.400+0000] {processor.py:927} WARNING - No viable dags retrieved from /opt/airflow/dags/6-connections.py
[2024-11-17T17:36:37.418+0000] {processor.py:208} INFO - Processing /opt/airflow/dags/6-connections.py took 0.040 seconds
[2024-11-17T17:37:07.519+0000] {processor.py:186} INFO - Started process (PID=1448) to work on /opt/airflow/dags/6-connections.py
[2024-11-17T17:37:07.521+0000] {processor.py:914} INFO - Processing file /opt/airflow/dags/6-connections.py for tasks to queue
[2024-11-17T17:37:07.525+0000] {logging_mixin.py:190} INFO - [2024-11-17T17:37:07.524+0000] {dagbag.py:588} INFO - Filling up the DagBag from /opt/airflow/dags/6-connections.py
[2024-11-17T17:37:07.534+0000] {processor.py:927} WARNING - No viable dags retrieved from /opt/airflow/dags/6-connections.py
[2024-11-17T17:37:07.557+0000] {processor.py:208} INFO - Processing /opt/airflow/dags/6-connections.py took 0.045 seconds
[2024-11-17T17:37:37.709+0000] {processor.py:186} INFO - Started process (PID=1489) to work on /opt/airflow/dags/6-connections.py
[2024-11-17T17:37:37.711+0000] {processor.py:914} INFO - Processing file /opt/airflow/dags/6-connections.py for tasks to queue
[2024-11-17T17:37:37.714+0000] {logging_mixin.py:190} INFO - [2024-11-17T17:37:37.713+0000] {dagbag.py:588} INFO - Filling up the DagBag from /opt/airflow/dags/6-connections.py
[2024-11-17T17:37:37.721+0000] {processor.py:927} WARNING - No viable dags retrieved from /opt/airflow/dags/6-connections.py
[2024-11-17T17:37:37.742+0000] {processor.py:208} INFO - Processing /opt/airflow/dags/6-connections.py took 0.042 seconds
[2024-11-17T17:38:07.862+0000] {processor.py:186} INFO - Started process (PID=1530) to work on /opt/airflow/dags/6-connections.py
[2024-11-17T17:38:07.867+0000] {processor.py:914} INFO - Processing file /opt/airflow/dags/6-connections.py for tasks to queue
[2024-11-17T17:38:07.870+0000] {logging_mixin.py:190} INFO - [2024-11-17T17:38:07.869+0000] {dagbag.py:588} INFO - Filling up the DagBag from /opt/airflow/dags/6-connections.py
[2024-11-17T17:38:07.878+0000] {processor.py:927} WARNING - No viable dags retrieved from /opt/airflow/dags/6-connections.py
[2024-11-17T17:38:07.902+0000] {processor.py:208} INFO - Processing /opt/airflow/dags/6-connections.py took 0.046 seconds
[2024-11-17T17:38:38.716+0000] {processor.py:186} INFO - Started process (PID=1571) to work on /opt/airflow/dags/6-connections.py
[2024-11-17T17:38:38.717+0000] {processor.py:914} INFO - Processing file /opt/airflow/dags/6-connections.py for tasks to queue
[2024-11-17T17:38:38.724+0000] {logging_mixin.py:190} INFO - [2024-11-17T17:38:38.724+0000] {dagbag.py:588} INFO - Filling up the DagBag from /opt/airflow/dags/6-connections.py
[2024-11-17T17:38:38.731+0000] {processor.py:927} WARNING - No viable dags retrieved from /opt/airflow/dags/6-connections.py
[2024-11-17T17:38:38.752+0000] {processor.py:208} INFO - Processing /opt/airflow/dags/6-connections.py took 0.044 seconds
[2024-11-17T17:39:09.691+0000] {processor.py:186} INFO - Started process (PID=1612) to work on /opt/airflow/dags/6-connections.py
[2024-11-17T17:39:09.692+0000] {processor.py:914} INFO - Processing file /opt/airflow/dags/6-connections.py for tasks to queue
[2024-11-17T17:39:09.695+0000] {logging_mixin.py:190} INFO - [2024-11-17T17:39:09.695+0000] {dagbag.py:588} INFO - Filling up the DagBag from /opt/airflow/dags/6-connections.py
[2024-11-17T17:39:09.702+0000] {processor.py:927} WARNING - No viable dags retrieved from /opt/airflow/dags/6-connections.py
[2024-11-17T17:39:09.724+0000] {processor.py:208} INFO - Processing /opt/airflow/dags/6-connections.py took 0.042 seconds
[2024-11-17T17:39:40.563+0000] {processor.py:186} INFO - Started process (PID=1653) to work on /opt/airflow/dags/6-connections.py
[2024-11-17T17:39:40.565+0000] {processor.py:914} INFO - Processing file /opt/airflow/dags/6-connections.py for tasks to queue
[2024-11-17T17:39:40.571+0000] {logging_mixin.py:190} INFO - [2024-11-17T17:39:40.571+0000] {dagbag.py:588} INFO - Filling up the DagBag from /opt/airflow/dags/6-connections.py
[2024-11-17T17:39:40.583+0000] {processor.py:927} WARNING - No viable dags retrieved from /opt/airflow/dags/6-connections.py
[2024-11-17T17:39:40.616+0000] {processor.py:208} INFO - Processing /opt/airflow/dags/6-connections.py took 0.067 seconds
[2024-11-17T17:40:11.430+0000] {processor.py:186} INFO - Started process (PID=1694) to work on /opt/airflow/dags/6-connections.py
[2024-11-17T17:40:11.432+0000] {processor.py:914} INFO - Processing file /opt/airflow/dags/6-connections.py for tasks to queue
[2024-11-17T17:40:11.436+0000] {logging_mixin.py:190} INFO - [2024-11-17T17:40:11.436+0000] {dagbag.py:588} INFO - Filling up the DagBag from /opt/airflow/dags/6-connections.py
[2024-11-17T17:40:11.446+0000] {processor.py:927} WARNING - No viable dags retrieved from /opt/airflow/dags/6-connections.py
[2024-11-17T17:40:11.470+0000] {processor.py:208} INFO - Processing /opt/airflow/dags/6-connections.py took 0.049 seconds
[2024-11-17T17:40:42.151+0000] {processor.py:186} INFO - Started process (PID=1735) to work on /opt/airflow/dags/6-connections.py
[2024-11-17T17:40:42.154+0000] {processor.py:914} INFO - Processing file /opt/airflow/dags/6-connections.py for tasks to queue
[2024-11-17T17:40:42.157+0000] {logging_mixin.py:190} INFO - [2024-11-17T17:40:42.157+0000] {dagbag.py:588} INFO - Filling up the DagBag from /opt/airflow/dags/6-connections.py
[2024-11-17T17:40:42.164+0000] {processor.py:927} WARNING - No viable dags retrieved from /opt/airflow/dags/6-connections.py
[2024-11-17T17:40:42.186+0000] {processor.py:208} INFO - Processing /opt/airflow/dags/6-connections.py took 0.043 seconds
[2024-11-17T17:41:13.204+0000] {processor.py:186} INFO - Started process (PID=1776) to work on /opt/airflow/dags/6-connections.py
[2024-11-17T17:41:13.206+0000] {processor.py:914} INFO - Processing file /opt/airflow/dags/6-connections.py for tasks to queue
[2024-11-17T17:41:13.209+0000] {logging_mixin.py:190} INFO - [2024-11-17T17:41:13.209+0000] {dagbag.py:588} INFO - Filling up the DagBag from /opt/airflow/dags/6-connections.py
[2024-11-17T17:41:13.221+0000] {processor.py:927} WARNING - No viable dags retrieved from /opt/airflow/dags/6-connections.py
[2024-11-17T17:41:13.244+0000] {processor.py:208} INFO - Processing /opt/airflow/dags/6-connections.py took 0.047 seconds
[2024-11-17T17:41:44.247+0000] {processor.py:186} INFO - Started process (PID=1817) to work on /opt/airflow/dags/6-connections.py
[2024-11-17T17:41:44.250+0000] {processor.py:914} INFO - Processing file /opt/airflow/dags/6-connections.py for tasks to queue
[2024-11-17T17:41:44.254+0000] {logging_mixin.py:190} INFO - [2024-11-17T17:41:44.253+0000] {dagbag.py:588} INFO - Filling up the DagBag from /opt/airflow/dags/6-connections.py
[2024-11-17T17:41:44.267+0000] {processor.py:927} WARNING - No viable dags retrieved from /opt/airflow/dags/6-connections.py
[2024-11-17T17:41:44.291+0000] {processor.py:208} INFO - Processing /opt/airflow/dags/6-connections.py took 0.051 seconds
[2024-11-17T17:42:15.129+0000] {processor.py:186} INFO - Started process (PID=1858) to work on /opt/airflow/dags/6-connections.py
[2024-11-17T17:42:15.131+0000] {processor.py:914} INFO - Processing file /opt/airflow/dags/6-connections.py for tasks to queue
[2024-11-17T17:42:15.137+0000] {logging_mixin.py:190} INFO - [2024-11-17T17:42:15.137+0000] {dagbag.py:588} INFO - Filling up the DagBag from /opt/airflow/dags/6-connections.py
[2024-11-17T17:42:15.145+0000] {processor.py:927} WARNING - No viable dags retrieved from /opt/airflow/dags/6-connections.py
[2024-11-17T17:42:15.168+0000] {processor.py:208} INFO - Processing /opt/airflow/dags/6-connections.py took 0.047 seconds
